<?xml version="1.0" encoding="utf-8" standalone="no"?>
<test-run id="0" runstate="Runnable" testcasecount="58" result="Failed" total="1" passed="0" failed="1" inconclusive="0" skipped="0" asserts="0" engine-version="3.11.1.0" clr-version="4.0.30319.42000" start-time="2020-07-20 21:09:22Z" end-time="2020-07-20 21:09:39Z" duration="16.690542">
  <command-line><![CDATA["C:\Users\jcrocker\source\repos\JPAutomation\AutomationTests\packages\NUnit.ConsoleRunner.3.11.1\tools\nunit3-console.exe" C:\Users\jcrocker\Source\Repos\JPAutomation\AutomationTests\AutomationTests\bin\Debug\AutomationTests.exe --where cat=='LegacyRegression123']]></command-line>
  <filter>
    <cat>LegacyRegression123</cat>
  </filter>
  <test-suite type="Assembly" id="0-1074" name="AutomationTests.exe" fullname="C:\Users\jcrocker\Source\Repos\JPAutomation\AutomationTests\AutomationTests\bin\Debug\AutomationTests.exe" runstate="Runnable" testcasecount="58" result="Failed" site="Child" start-time="2020-07-20 21:09:22Z" end-time="2020-07-20 21:09:38Z" duration="16.269726" total="1" passed="0" failed="1" warnings="0" inconclusive="0" skipped="0" asserts="0">
    <environment framework-version="3.12.0.0" clr-version="4.0.30319.42000" os-version="Microsoft Windows NT 10.0.17763.0" platform="Win32NT" cwd="C:\Users\jcrocker\source\repos\JPAutomation\AutomationTests\packages\NUnit.ConsoleRunner.3.11.1\tools" machine-name="MEM-IT-LT07" user="jcrocker" user-domain="NSANET" culture="en-US" uiculture="en-US" os-architecture="x86" />
    <settings>
      <setting name="DisposeRunners" value="True" />
      <setting name="WorkDirectory" value="C:\Users\jcrocker\source\repos\JPAutomation\AutomationTests\packages\NUnit.ConsoleRunner.3.11.1\tools" />
      <setting name="ImageRuntimeVersion" value="4.0.30319" />
      <setting name="ImageTargetFrameworkName" value=".NETFramework,Version=v4.5.2" />
      <setting name="ImageRequiresX86" value="True" />
      <setting name="RunAsX86" value="True" />
      <setting name="ImageRequiresDefaultAppDomainAssemblyResolver" value="False" />
      <setting name="RuntimeFramework" value="net-4.0" />
      <setting name="NumberOfTestWorkers" value="12" />
    </settings>
    <properties>
      <property name="_PID" value="58760" />
      <property name="_APPDOMAIN" value="domain-" />
    </properties>
    <failure>
      <message><![CDATA[One or more child tests had errors]]></message>
    </failure>
    <test-suite type="TestSuite" id="0-1075" name="AutomationTests" fullname="AutomationTests" runstate="Runnable" testcasecount="58" result="Failed" site="Child" start-time="2020-07-20 21:09:22Z" end-time="2020-07-20 21:09:38Z" duration="16.259396" total="1" passed="0" failed="1" warnings="0" inconclusive="0" skipped="0" asserts="0">
      <properties />
      <failure>
        <message><![CDATA[One or more child tests had errors]]></message>
      </failure>
      <test-suite type="TestSuite" id="0-1077" name="rc" fullname="AutomationTests.rc" runstate="Runnable" testcasecount="2" result="Failed" site="Child" start-time="2020-07-20 21:09:22Z" end-time="2020-07-20 21:09:38Z" duration="16.259182" total="1" passed="0" failed="1" warnings="0" inconclusive="0" skipped="0" asserts="0">
        <properties />
        <failure>
          <message><![CDATA[One or more child tests had errors]]></message>
        </failure>
        <test-suite type="TestSuite" id="0-1078" name="nsaonline" fullname="AutomationTests.rc.nsaonline" runstate="Runnable" testcasecount="2" result="Failed" site="Child" start-time="2020-07-20 21:09:22Z" end-time="2020-07-20 21:09:38Z" duration="16.259154" total="1" passed="0" failed="1" warnings="0" inconclusive="0" skipped="0" asserts="0">
          <properties />
          <failure>
            <message><![CDATA[One or more child tests had errors]]></message>
          </failure>
          <test-suite type="TestFixture" id="0-1035" name="ViewPvcReportTest" fullname="AutomationTests.rc.nsaonline.ViewPvcReportTest" classname="AutomationTests.rc.nsaonline.ViewPvcReportTest" runstate="Runnable" testcasecount="1" result="Failed" site="Child" start-time="2020-07-20 21:09:22Z" end-time="2020-07-20 21:09:38Z" duration="16.257197" total="1" passed="0" failed="1" warnings="0" inconclusive="0" skipped="0" asserts="0">
            <properties />
            <failure>
              <message><![CDATA[One or more child tests had errors]]></message>
            </failure>
            <test-case id="0-1036" name="ViewPvcReport_VO_US" fullname="AutomationTests.rc.nsaonline.ViewPvcReportTest.ViewPvcReport_VO_US" methodname="ViewPvcReport_VO_US" classname="AutomationTests.rc.nsaonline.ViewPvcReportTest" runstate="Runnable" seed="1142628296" result="Failed" label="Error" start-time="2020-07-20 21:09:22Z" end-time="2020-07-20 21:09:38Z" duration="16.251549" asserts="0">
              <properties>
                <property name="Category" value="LegacyRegression123" />
                <property name="Description" value="View Pvc Report in Virtual Office." />
                <property name="Repeat" value="1" />
              </properties>
              <failure>
                <message><![CDATA[OpenQA.Selenium.NoSuchFrameException : no such frame
  (Session info: chrome=84.0.4147.89)]]></message>
                <stack-trace><![CDATA[   at OpenQA.Selenium.Remote.RemoteWebDriver.UnpackAndThrowOnError(Response errorResponse)
   at OpenQA.Selenium.Remote.RemoteWebDriver.Execute(String driverCommandToExecute, Dictionary`2 parameters)
   at OpenQA.Selenium.Remote.RemoteTargetLocator.Frame(Int32 frameIndex)
   at AutomationTests.rc.nsaonline.ViewPvcReportTest.ViewPvcReport_VO_US() in C:\Users\jcrocker\source\repos\JPAutomation\AutomationTests\AutomationTests\Tests\Virtual Office\ViewPvcReportTest.cs:line 50]]></stack-trace>
              </failure>
            </test-case>
          </test-suite>
        </test-suite>
      </test-suite>
    </test-suite>
  </test-suite>
</test-run>