<?xml version="1.0" encoding="utf-8" standalone="no"?>
<test-run id="0" runstate="Runnable" testcasecount="80" result="Failed" total="80" passed="0" failed="79" inconclusive="0" skipped="1" asserts="0" engine-version="3.11.1.0" clr-version="4.0.30319.42000" start-time="2020-09-30 21:47:49Z" end-time="2020-09-30 21:48:23Z" duration="34.032592">
  <command-line><![CDATA["C:\Users\jcrocker\OneDrive - The Juice Plus+ Company\Desktop\git\JPAutomation\AutomationTests\packages\NUnit.ConsoleRunner.3.11.1\tools\nunit3-console.exe" "C:\Users\jcrocker\OneDrive - The Juice Plus+ Company\Desktop\git\JPAutomation\AutomationTests\AutomationTests\bin\Debug\AutomationTests.exe"]]></command-line>
  <test-suite type="Assembly" id="0-1093" name="AutomationTests.exe" fullname="C:\Users\jcrocker\OneDrive - The Juice Plus+ Company\Desktop\git\JPAutomation\AutomationTests\AutomationTests\bin\Debug\AutomationTests.exe" runstate="Runnable" testcasecount="80" result="Failed" site="Child" start-time="2020-09-30 21:47:50Z" end-time="2020-09-30 21:48:23Z" duration="33.574541" total="80" passed="0" failed="79" warnings="0" inconclusive="0" skipped="1" asserts="0">
    <environment framework-version="3.12.0.0" clr-version="4.0.30319.42000" os-version="Microsoft Windows NT 10.0.17763.0" platform="Win32NT" cwd="C:\Users\jcrocker\OneDrive - The Juice Plus+ Company\Desktop\git\JPAutomation\AutomationTests\packages\NUnit.ConsoleRunner.3.11.1\tools" machine-name="MEM-IT-LT07" user="jcrocker" user-domain="NSANET" culture="en-US" uiculture="en-US" os-architecture="x86" />
    <settings>
      <setting name="DisposeRunners" value="True" />
      <setting name="WorkDirectory" value="C:\Users\jcrocker\OneDrive - The Juice Plus+ Company\Desktop\git\JPAutomation\AutomationTests\packages\NUnit.ConsoleRunner.3.11.1\tools" />
      <setting name="ImageRuntimeVersion" value="4.0.30319" />
      <setting name="ImageTargetFrameworkName" value=".NETFramework,Version=v4.5.2" />
      <setting name="ImageRequiresX86" value="True" />
      <setting name="RunAsX86" value="True" />
      <setting name="ImageRequiresDefaultAppDomainAssemblyResolver" value="False" />
      <setting name="RuntimeFramework" value="net-4.0" />
      <setting name="NumberOfTestWorkers" value="12" />
    </settings>
    <properties>
      <property name="_PID" value="8472" />
      <property name="_APPDOMAIN" value="domain-" />
    </properties>
    <failure>
      <message><![CDATA[One or more child tests had errors]]></message>
    </failure>
    <test-suite type="TestSuite" id="0-1094" name="AutomationTests" fullname="AutomationTests" runstate="Runnable" testcasecount="80" result="Failed" site="Child" start-time="2020-09-30 21:47:50Z" end-time="2020-09-30 21:48:23Z" duration="33.563441" total="80" passed="0" failed="79" warnings="0" inconclusive="0" skipped="1" asserts="0">
      <failure>
        <message><![CDATA[One or more child tests had errors]]></message>
      </failure>
      <test-suite type="TestSuite" id="0-1103" name="nsanet" fullname="AutomationTests.nsanet" runstate="Runnable" testcasecount="48" result="Failed" site="Child" start-time="2020-09-30 21:47:50Z" end-time="2020-09-30 21:48:11Z" duration="21.734433" total="48" passed="0" failed="48" warnings="0" inconclusive="0" skipped="0" asserts="0">
        <failure>
          <message><![CDATA[One or more child tests had errors]]></message>
        </failure>
        <test-suite type="TestSuite" id="0-1104" name="com" fullname="AutomationTests.nsanet.com" runstate="Runnable" testcasecount="48" result="Failed" site="Child" start-time="2020-09-30 21:47:50Z" end-time="2020-09-30 21:48:11Z" duration="21.734426" total="48" passed="0" failed="48" warnings="0" inconclusive="0" skipped="0" asserts="0">
          <failure>
            <message><![CDATA[One or more child tests had errors]]></message>
          </failure>
          <test-suite type="TestFixture" id="0-1085" name="OrderEntryTest" fullname="AutomationTests.nsanet.com.OrderEntryTest" classname="AutomationTests.nsanet.com.OrderEntryTest" runstate="Runnable" testcasecount="3" result="Failed" site="Child" start-time="2020-09-30 21:47:54Z" end-time="2020-09-30 21:47:57Z" duration="3.060209" total="3" passed="0" failed="3" warnings="0" inconclusive="0" skipped="0" asserts="0">
            <properties>
              <property name="ParallelScope" value="All" />
            </properties>
            <failure>
              <message><![CDATA[One or more child tests had errors]]></message>
            </failure>
            <test-case id="0-1088" name="OrderEntry_NSANet_UK" fullname="AutomationTests.nsanet.com.OrderEntryTest.OrderEntry_NSANet_UK" methodname="OrderEntry_NSANet_UK" classname="AutomationTests.nsanet.com.OrderEntryTest" runstate="Runnable" seed="630248005" result="Failed" label="Error" start-time="2020-09-30 21:47:54Z" end-time="2020-09-30 21:47:57Z" duration="2.789625" asserts="0">
              <properties>
                <property name="Description" value="Create UK Order on NSA Net Order Entry" />
                <property name="Category" value="LegacyRegression" />
                <property name="Category" value="OrderEntry" />
                <property name="Repeat" value="1" />
              </properties>
              <failure>
                <message><![CDATA[System.InvalidOperationException : session not created: This version of ChromeDriver only supports Chrome version 83 (SessionNotCreated)
TearDown : System.NullReferenceException : Object reference not set to an instance of an object.]]></message>
                <stack-trace><![CDATA[   at OpenQA.Selenium.Remote.RemoteWebDriver.UnpackAndThrowOnError(Response errorResponse)
   at OpenQA.Selenium.Remote.RemoteWebDriver.Execute(String driverCommandToExecute, Dictionary`2 parameters)
   at OpenQA.Selenium.Remote.RemoteWebDriver.StartSession(ICapabilities desiredCapabilities)
   at OpenQA.Selenium.Remote.RemoteWebDriver..ctor(ICommandExecutor commandExecutor, ICapabilities desiredCapabilities)
   at OpenQA.Selenium.Chrome.ChromeDriver..ctor(ChromeDriverService service, ChromeOptions options, TimeSpan commandTimeout)
   at OpenQA.Selenium.Chrome.ChromeDriver..ctor(ChromeOptions options)
   at AutomationTests.ConfigElements.Driver..ctor(BrowserType browserType) in C:\Users\jcrocker\New folder (3)\JPAutomation\AutomationTests\AutomationTests\Config\Driver.cs:line 77
   at AutomationTests.nsanet.com.OrderEntryTest.Setup() in C:\Users\jcrocker\New folder (3)\JPAutomation\AutomationTests\AutomationTests\Tests\NSA Net\OrderEntryTest.cs:line 41
--TearDown
   at AutomationTests.ExtentHelper.LogTest(TestContext testContext, Driver driver) in C:\Users\jcrocker\New folder (3)\JPAutomation\AutomationTests\AutomationTests\Tests\ExtentHelper.cs:line 73
   at AutomationTests.nsanet.com.OrderEntryTest.TearDown() in C:\Users\jcrocker\New folder (3)\JPAutomation\AutomationTests\AutomationTests\Tests\NSA Net\OrderEntryTest.cs:line 131]]></stack-trace>
              </failure>
            </test-case>
            <test-case id="0-1086" name="OrderEntry_NSANet_US" fullname="AutomationTests.nsanet.com.OrderEntryTest.OrderEntry_NSANet_US" methodname="OrderEntry_NSANet_US" classname="AutomationTests.nsanet.com.OrderEntryTest" runstate="Runnable" seed="746322371" result="Failed" label="Error" start-time="2020-09-30 21:47:54Z" end-time="2020-09-30 21:47:57Z" duration="2.844724" asserts="0">
              <properties>
                <property name="Description" value="Create US Order on NSA Net Order Entry" />
                <property name="Category" value="LegacyRegression" />
                <property name="Category" value="OrderEntry" />
                <property name="Repeat" value="1" />
              </properties>
              <failure>
                <message><![CDATA[System.InvalidOperationException : session not created: This version of ChromeDriver only supports Chrome version 83 (SessionNotCreated)
TearDown : System.NullReferenceException : Object reference not set to an instance of an object.]]></message>
                <stack-trace><![CDATA[   at OpenQA.Selenium.Remote.RemoteWebDriver.UnpackAndThrowOnError(Response errorResponse)
   at OpenQA.Selenium.Remote.RemoteWebDriver.Execute(String driverCommandToExecute, Dictionary`2 parameters)
   at OpenQA.Selenium.Remote.RemoteWebDriver.StartSession(ICapabilities desiredCapabilities)
   at OpenQA.Selenium.Remote.RemoteWebDriver..ctor(ICommandExecutor commandExecutor, ICapabilities desiredCapabilities)
   at OpenQA.Selenium.Chrome.ChromeDriver..ctor(ChromeDriverService service, ChromeOptions options, TimeSpan commandTimeout)
   at OpenQA.Selenium.Chrome.ChromeDriver..ctor(ChromeOptions options)
   at AutomationTests.ConfigElements.Driver..ctor(BrowserType browserType) in C:\Users\jcrocker\New folder (3)\JPAutomation\AutomationTests\AutomationTests\Config\Driver.cs:line 77
   at AutomationTests.nsanet.com.OrderEntryTest.Setup() in C:\Users\jcrocker\New folder (3)\JPAutomation\AutomationTests\AutomationTests\Tests\NSA Net\OrderEntryTest.cs:line 41
--TearDown
   at AutomationTests.ExtentHelper.LogTest(TestContext testContext, Driver driver) in C:\Users\jcrocker\New folder (3)\JPAutomation\AutomationTests\AutomationTests\Tests\ExtentHelper.cs:line 73
   at AutomationTests.nsanet.com.OrderEntryTest.TearDown() in C:\Users\jcrocker\New folder (3)\JPAutomation\AutomationTests\AutomationTests\Tests\NSA Net\OrderEntryTest.cs:line 131]]></stack-trace>
              </failure>
            </test-case>
            <test-case id="0-1087" name="OrderEntry_NSANet_CA" fullname="AutomationTests.nsanet.com.OrderEntryTest.OrderEntry_NSANet_CA" methodname="OrderEntry_NSANet_CA" classname="AutomationTests.nsanet.com.OrderEntryTest" runstate="Runnable" seed="1320618612" result="Failed" label="Error" start-time="2020-09-30 21:47:54Z" end-time="2020-09-30 21:47:57Z" duration="2.905379" asserts="0">
              <properties>
                <property name="Description" value="Create CA Order on NSA Net Order Entry" />
                <property name="Category" value="LegacyRegression" />
                <property name="Category" value="OrderEntry" />
                <property name="Repeat" value="1" />
              </properties>
              <failure>
                <message><![CDATA[System.InvalidOperationException : session not created: This version of ChromeDriver only supports Chrome version 83 (SessionNotCreated)
TearDown : System.NullReferenceException : Object reference not set to an instance of an object.]]></message>
                <stack-trace><![CDATA[   at OpenQA.Selenium.Remote.RemoteWebDriver.UnpackAndThrowOnError(Response errorResponse)
   at OpenQA.Selenium.Remote.RemoteWebDriver.Execute(String driverCommandToExecute, Dictionary`2 parameters)
   at OpenQA.Selenium.Remote.RemoteWebDriver.StartSession(ICapabilities desiredCapabilities)
   at OpenQA.Selenium.Remote.RemoteWebDriver..ctor(ICommandExecutor commandExecutor, ICapabilities desiredCapabilities)
   at OpenQA.Selenium.Chrome.ChromeDriver..ctor(ChromeDriverService service, ChromeOptions options, TimeSpan commandTimeout)
   at OpenQA.Selenium.Chrome.ChromeDriver..ctor(ChromeOptions options)
   at AutomationTests.ConfigElements.Driver..ctor(BrowserType browserType) in C:\Users\jcrocker\New folder (3)\JPAutomation\AutomationTests\AutomationTests\Config\Driver.cs:line 77
   at AutomationTests.nsanet.com.OrderEntryTest.Setup() in C:\Users\jcrocker\New folder (3)\JPAutomation\AutomationTests\AutomationTests\Tests\NSA Net\OrderEntryTest.cs:line 41
--TearDown
   at AutomationTests.ExtentHelper.LogTest(TestContext testContext, Driver driver) in C:\Users\jcrocker\New folder (3)\JPAutomation\AutomationTests\AutomationTests\Tests\ExtentHelper.cs:line 73
   at AutomationTests.nsanet.com.OrderEntryTest.TearDown() in C:\Users\jcrocker\New folder (3)\JPAutomation\AutomationTests\AutomationTests\Tests\NSA Net\OrderEntryTest.cs:line 131]]></stack-trace>
              </failure>
            </test-case>
          </test-suite>
          <test-suite type="TestFixture" id="0-1036" name="AroEntryTest" fullname="AutomationTests.nsanet.com.AroEntryTest" classname="AutomationTests.nsanet.com.AroEntryTest" runstate="Runnable" testcasecount="23" result="Failed" site="Child" start-time="2020-09-30 21:47:54Z" end-time="2020-09-30 21:48:08Z" duration="14.068451" total="23" passed="0" failed="23" warnings="0" inconclusive="0" skipped="0" asserts="0">
            <properties>
              <property name="ParallelScope" value="All" />
            </properties>
            <failure>
              <message><![CDATA[One or more child tests had errors]]></message>
            </failure>
            <test-case id="0-1060" name="AROEntry_NSANet_Belgium" fullname="AutomationTests.nsanet.com.AroEntryTest.AROEntry_NSANet_Belgium" methodname="AROEntry_NSANet_Belgium" classname="AutomationTests.nsanet.com.AroEntryTest" runstate="Runnable" seed="1753836107" result="Failed" label="Error" start-time="2020-09-30 21:47:54Z" end-time="2020-09-30 21:47:57Z" duration="2.378312" asserts="0">
              <properties>
                <property name="Description" value="Create Belgium ARO on NSANet Aro Entry" />
                <property name="Category" value="LegacyRegression" />
                <property name="Category" value="NSANet" />
                <property name="Category" value="AROEntry" />
                <property name="Repeat" value="1" />
              </properties>
              <failure>
                <message><![CDATA[System.InvalidOperationException : session not created: This version of ChromeDriver only supports Chrome version 83 (SessionNotCreated)
TearDown : System.NullReferenceException : Object reference not set to an instance of an object.]]></message>
                <stack-trace><![CDATA[   at OpenQA.Selenium.Remote.RemoteWebDriver.UnpackAndThrowOnError(Response errorResponse)
   at OpenQA.Selenium.Remote.RemoteWebDriver.Execute(String driverCommandToExecute, Dictionary`2 parameters)
   at OpenQA.Selenium.Remote.RemoteWebDriver.StartSession(ICapabilities desiredCapabilities)
   at OpenQA.Selenium.Remote.RemoteWebDriver..ctor(ICommandExecutor commandExecutor, ICapabilities desiredCapabilities)
   at OpenQA.Selenium.Chrome.ChromeDriver..ctor(ChromeDriverService service, ChromeOptions options, TimeSpan commandTimeout)
   at OpenQA.Selenium.Chrome.ChromeDriver..ctor(ChromeOptions options)
   at AutomationTests.ConfigElements.Driver..ctor(BrowserType browserType) in C:\Users\jcrocker\New folder (3)\JPAutomation\AutomationTests\AutomationTests\Config\Driver.cs:line 77
   at AutomationTests.nsanet.com.AroEntryTest.Setup() in C:\Users\jcrocker\New folder (3)\JPAutomation\AutomationTests\AutomationTests\Tests\NSA Net\AroEntryTest.cs:line 45
--TearDown
   at AutomationTests.ExtentHelper.LogTest(TestContext testContext, Driver driver) in C:\Users\jcrocker\New folder (3)\JPAutomation\AutomationTests\AutomationTests\Tests\ExtentHelper.cs:line 73
   at AutomationTests.nsanet.com.AroEntryTest.TearDown() in C:\Users\jcrocker\New folder (3)\JPAutomation\AutomationTests\AutomationTests\Tests\NSA Net\AroEntryTest.cs:line 197]]></stack-trace>
              </failure>
            </test-case>
            <test-case id="0-1059" name="AROEntry_NSANet_Australia" fullname="AutomationTests.nsanet.com.AroEntryTest.AROEntry_NSANet_Australia" methodname="AROEntry_NSANet_Australia" classname="AutomationTests.nsanet.com.AroEntryTest" runstate="Runnable" seed="288089449" result="Failed" label="Error" start-time="2020-09-30 21:47:54Z" end-time="2020-09-30 21:47:57Z" duration="2.589989" asserts="0">
              <properties>
                <property name="Description" value="Create Australia ARO on NSANet Aro Entry" />
                <property name="Category" value="LegacyRegression" />
                <property name="Category" value="NSANet" />
                <property name="Category" value="AROEntry" />
                <property name="Repeat" value="1" />
              </properties>
              <failure>
                <message><![CDATA[System.InvalidOperationException : session not created: This version of ChromeDriver only supports Chrome version 83 (SessionNotCreated)
TearDown : System.NullReferenceException : Object reference not set to an instance of an object.]]></message>
                <stack-trace><![CDATA[   at OpenQA.Selenium.Remote.RemoteWebDriver.UnpackAndThrowOnError(Response errorResponse)
   at OpenQA.Selenium.Remote.RemoteWebDriver.Execute(String driverCommandToExecute, Dictionary`2 parameters)
   at OpenQA.Selenium.Remote.RemoteWebDriver.StartSession(ICapabilities desiredCapabilities)
   at OpenQA.Selenium.Remote.RemoteWebDriver..ctor(ICommandExecutor commandExecutor, ICapabilities desiredCapabilities)
   at OpenQA.Selenium.Chrome.ChromeDriver..ctor(ChromeDriverService service, ChromeOptions options, TimeSpan commandTimeout)
   at OpenQA.Selenium.Chrome.ChromeDriver..ctor(ChromeOptions options)
   at AutomationTests.ConfigElements.Driver..ctor(BrowserType browserType) in C:\Users\jcrocker\New folder (3)\JPAutomation\AutomationTests\AutomationTests\Config\Driver.cs:line 77
   at AutomationTests.nsanet.com.AroEntryTest.Setup() in C:\Users\jcrocker\New folder (3)\JPAutomation\AutomationTests\AutomationTests\Tests\NSA Net\AroEntryTest.cs:line 45
--TearDown
   at AutomationTests.ExtentHelper.LogTest(TestContext testContext, Driver driver) in C:\Users\jcrocker\New folder (3)\JPAutomation\AutomationTests\AutomationTests\Tests\ExtentHelper.cs:line 73
   at AutomationTests.nsanet.com.AroEntryTest.TearDown() in C:\Users\jcrocker\New folder (3)\JPAutomation\AutomationTests\AutomationTests\Tests\NSA Net\AroEntryTest.cs:line 197]]></stack-trace>
              </failure>
            </test-case>
            <test-case id="0-1058" name="AROEntry_NSANet_Canada" fullname="AutomationTests.nsanet.com.AroEntryTest.AROEntry_NSANet_Canada" methodname="AROEntry_NSANet_Canada" classname="AutomationTests.nsanet.com.AroEntryTest" runstate="Runnable" seed="511648444" result="Failed" label="Error" start-time="2020-09-30 21:47:54Z" end-time="2020-09-30 21:47:57Z" duration="2.679200" asserts="0">
              <properties>
                <property name="Description" value="Create Canada ARO on NSANet Aro Entry" />
                <property name="Category" value="LegacyRegression" />
                <property name="Category" value="NSANet" />
                <property name="Category" value="AROEntry" />
                <property name="Repeat" value="1" />
              </properties>
              <failure>
                <message><![CDATA[System.InvalidOperationException : session not created: This version of ChromeDriver only supports Chrome version 83 (SessionNotCreated)
TearDown : System.NullReferenceException : Object reference not set to an instance of an object.]]></message>
                <stack-trace><![CDATA[   at OpenQA.Selenium.Remote.RemoteWebDriver.UnpackAndThrowOnError(Response errorResponse)
   at OpenQA.Selenium.Remote.RemoteWebDriver.Execute(String driverCommandToExecute, Dictionary`2 parameters)
   at OpenQA.Selenium.Remote.RemoteWebDriver.StartSession(ICapabilities desiredCapabilities)
   at OpenQA.Selenium.Remote.RemoteWebDriver..ctor(ICommandExecutor commandExecutor, ICapabilities desiredCapabilities)
   at OpenQA.Selenium.Chrome.ChromeDriver..ctor(ChromeDriverService service, ChromeOptions options, TimeSpan commandTimeout)
   at OpenQA.Selenium.Chrome.ChromeDriver..ctor(ChromeOptions options)
   at AutomationTests.ConfigElements.Driver..ctor(BrowserType browserType) in C:\Users\jcrocker\New folder (3)\JPAutomation\AutomationTests\AutomationTests\Config\Driver.cs:line 77
   at AutomationTests.nsanet.com.AroEntryTest.Setup() in C:\Users\jcrocker\New folder (3)\JPAutomation\AutomationTests\AutomationTests\Tests\NSA Net\AroEntryTest.cs:line 45
--TearDown
   at AutomationTests.ExtentHelper.LogTest(TestContext testContext, Driver driver) in C:\Users\jcrocker\New folder (3)\JPAutomation\AutomationTests\AutomationTests\Tests\ExtentHelper.cs:line 73
   at AutomationTests.nsanet.com.AroEntryTest.TearDown() in C:\Users\jcrocker\New folder (3)\JPAutomation\AutomationTests\AutomationTests\Tests\NSA Net\AroEntryTest.cs:line 197]]></stack-trace>
              </failure>
            </test-case>
            <test-case id="0-1057" name="AROEntry_NSANet_UnitedStates" fullname="AutomationTests.nsanet.com.AroEntryTest.AROEntry_NSANet_UnitedStates" methodname="AROEntry_NSANet_UnitedStates" classname="AutomationTests.nsanet.com.AroEntryTest" runstate="Runnable" seed="841087417" result="Failed" label="Error" start-time="2020-09-30 21:48:04Z" end-time="2020-09-30 21:48:06Z" duration="1.930852" asserts="0">
              <properties>
                <property name="Description" value="Create United States ARO on NSANet Aro Entry" />
                <property name="Category" value="LegacyRegression" />
                <property name="Category" value="NSANet" />
                <property name="Category" value="AROEntry" />
                <property name="Repeat" value="1" />
              </properties>
              <failure>
                <message><![CDATA[System.InvalidOperationException : session not created: This version of ChromeDriver only supports Chrome version 83 (SessionNotCreated)
TearDown : System.NullReferenceException : Object reference not set to an instance of an object.]]></message>
                <stack-trace><![CDATA[   at OpenQA.Selenium.Remote.RemoteWebDriver.UnpackAndThrowOnError(Response errorResponse)
   at OpenQA.Selenium.Remote.RemoteWebDriver.Execute(String driverCommandToExecute, Dictionary`2 parameters)
   at OpenQA.Selenium.Remote.RemoteWebDriver.StartSession(ICapabilities desiredCapabilities)
   at OpenQA.Selenium.Remote.RemoteWebDriver..ctor(ICommandExecutor commandExecutor, ICapabilities desiredCapabilities)
   at OpenQA.Selenium.Chrome.ChromeDriver..ctor(ChromeDriverService service, ChromeOptions options, TimeSpan commandTimeout)
   at OpenQA.Selenium.Chrome.ChromeDriver..ctor(ChromeOptions options)
   at AutomationTests.ConfigElements.Driver..ctor(BrowserType browserType) in C:\Users\jcrocker\New folder (3)\JPAutomation\AutomationTests\AutomationTests\Config\Driver.cs:line 77
   at AutomationTests.nsanet.com.AroEntryTest.Setup() in C:\Users\jcrocker\New folder (3)\JPAutomation\AutomationTests\AutomationTests\Tests\NSA Net\AroEntryTest.cs:line 45
--TearDown
   at AutomationTests.ExtentHelper.LogTest(TestContext testContext, Driver driver) in C:\Users\jcrocker\New folder (3)\JPAutomation\AutomationTests\AutomationTests\Tests\ExtentHelper.cs:line 73
   at AutomationTests.nsanet.com.AroEntryTest.TearDown() in C:\Users\jcrocker\New folder (3)\JPAutomation\AutomationTests\AutomationTests\Tests\NSA Net\AroEntryTest.cs:line 197]]></stack-trace>
              </failure>
            </test-case>
            <test-suite type="ParameterizedMethod" id="0-1056" name="AROEntry_NSANet_Generic" fullname="AutomationTests.nsanet.com.AroEntryTest.AROEntry_NSANet_Generic" classname="AutomationTests.nsanet.com.AroEntryTest" runstate="Runnable" testcasecount="19" result="Failed" site="Child" start-time="2020-09-30 21:47:54Z" end-time="2020-09-30 21:48:08Z" duration="13.913811" total="19" passed="0" failed="19" warnings="0" inconclusive="0" skipped="0" asserts="0">
              <properties>
                <property name="Description" value="Create Generic ARO on NSANet Aro Entry" />
                <property name="Category" value="LegacyRegression" />
                <property name="Category" value="NSANet" />
                <property name="Repeat" value="1" />
              </properties>
              <failure>
                <message><![CDATA[One or more child tests had errors]]></message>
              </failure>
              <test-case id="0-1038" name="AROEntry_NSANet_Generic(&quot;BEL&quot;,&quot;Rue Duquesnoy 5&quot;,&quot;1000&quot;,&quot;Bruxelles&quot;,&quot;N/A&quot;,&quot;N/A&quot;,&quot;0294963000&quot;,&quot;0412345678&quot;,&quot;121290&quot;,&quot;490105034&quot;,&quot;Visa&quot;,&quot;4242424242424242&quot;,&quot;01&quot;,&quot;25&quot;)" fullname="AutomationTests.nsanet.com.AroEntryTest.AROEntry_NSANet_Generic(&quot;BEL&quot;,&quot;Rue Duquesnoy 5&quot;,&quot;1000&quot;,&quot;Bruxelles&quot;,&quot;N/A&quot;,&quot;N/A&quot;,&quot;0294963000&quot;,&quot;0412345678&quot;,&quot;121290&quot;,&quot;490105034&quot;,&quot;Visa&quot;,&quot;4242424242424242&quot;,&quot;01&quot;,&quot;25&quot;)" methodname="AROEntry_NSANet_Generic" classname="AutomationTests.nsanet.com.AroEntryTest" runstate="Runnable" seed="697501676" result="Failed" label="Error" start-time="2020-09-30 21:47:57Z" end-time="2020-09-30 21:48:00Z" duration="3.078377" asserts="0">
                <failure>
                  <message><![CDATA[System.InvalidOperationException : session not created: This version of ChromeDriver only supports Chrome version 83 (SessionNotCreated)
TearDown : System.NullReferenceException : Object reference not set to an instance of an object.]]></message>
                  <stack-trace><![CDATA[   at OpenQA.Selenium.Remote.RemoteWebDriver.UnpackAndThrowOnError(Response errorResponse)
   at OpenQA.Selenium.Remote.RemoteWebDriver.Execute(String driverCommandToExecute, Dictionary`2 parameters)
   at OpenQA.Selenium.Remote.RemoteWebDriver.StartSession(ICapabilities desiredCapabilities)
   at OpenQA.Selenium.Remote.RemoteWebDriver..ctor(ICommandExecutor commandExecutor, ICapabilities desiredCapabilities)
   at OpenQA.Selenium.Chrome.ChromeDriver..ctor(ChromeDriverService service, ChromeOptions options, TimeSpan commandTimeout)
   at OpenQA.Selenium.Chrome.ChromeDriver..ctor(ChromeOptions options)
   at AutomationTests.ConfigElements.Driver..ctor(BrowserType browserType) in C:\Users\jcrocker\New folder (3)\JPAutomation\AutomationTests\AutomationTests\Config\Driver.cs:line 77
   at AutomationTests.nsanet.com.AroEntryTest.Setup() in C:\Users\jcrocker\New folder (3)\JPAutomation\AutomationTests\AutomationTests\Tests\NSA Net\AroEntryTest.cs:line 45
--TearDown
   at AutomationTests.ExtentHelper.LogTest(TestContext testContext, Driver driver) in C:\Users\jcrocker\New folder (3)\JPAutomation\AutomationTests\AutomationTests\Tests\ExtentHelper.cs:line 73
   at AutomationTests.nsanet.com.AroEntryTest.TearDown() in C:\Users\jcrocker\New folder (3)\JPAutomation\AutomationTests\AutomationTests\Tests\NSA Net\AroEntryTest.cs:line 197]]></stack-trace>
                </failure>
              </test-case>
              <test-case id="0-1041" name="AROEntry_NSANet_Generic(&quot;FI&quot;,&quot;Pieni Roobertinkatu 1&quot;,&quot;001 30&quot;,&quot;Helsinki&quot;,&quot;N/A&quot;,&quot;N/A&quot;,&quot;358 9 6899880&quot;,&quot;358 9 6899880&quot;,&quot;N/A&quot;,&quot;490105084&quot;,&quot;Visa&quot;,&quot;4242424242424242&quot;,&quot;01&quot;,&quot;25&quot;)" fullname="AutomationTests.nsanet.com.AroEntryTest.AROEntry_NSANet_Generic(&quot;FI&quot;,&quot;Pieni Roobertinkatu 1&quot;,&quot;001 30&quot;,&quot;Helsinki&quot;,&quot;N/A&quot;,&quot;N/A&quot;,&quot;358 9 6899880&quot;,&quot;358 9 6899880&quot;,&quot;N/A&quot;,&quot;490105084&quot;,&quot;Visa&quot;,&quot;4242424242424242&quot;,&quot;01&quot;,&quot;25&quot;)" methodname="AROEntry_NSANet_Generic" classname="AutomationTests.nsanet.com.AroEntryTest" runstate="Runnable" seed="1977982278" result="Failed" label="Error" start-time="2020-09-30 21:48:00Z" end-time="2020-09-30 21:48:02Z" duration="2.046846" asserts="0">
                <failure>
                  <message><![CDATA[System.InvalidOperationException : session not created: This version of ChromeDriver only supports Chrome version 83 (SessionNotCreated)
TearDown : System.NullReferenceException : Object reference not set to an instance of an object.]]></message>
                  <stack-trace><![CDATA[   at OpenQA.Selenium.Remote.RemoteWebDriver.UnpackAndThrowOnError(Response errorResponse)
   at OpenQA.Selenium.Remote.RemoteWebDriver.Execute(String driverCommandToExecute, Dictionary`2 parameters)
   at OpenQA.Selenium.Remote.RemoteWebDriver.StartSession(ICapabilities desiredCapabilities)
   at OpenQA.Selenium.Remote.RemoteWebDriver..ctor(ICommandExecutor commandExecutor, ICapabilities desiredCapabilities)
   at OpenQA.Selenium.Chrome.ChromeDriver..ctor(ChromeDriverService service, ChromeOptions options, TimeSpan commandTimeout)
   at OpenQA.Selenium.Chrome.ChromeDriver..ctor(ChromeOptions options)
   at AutomationTests.ConfigElements.Driver..ctor(BrowserType browserType) in C:\Users\jcrocker\New folder (3)\JPAutomation\AutomationTests\AutomationTests\Config\Driver.cs:line 77
   at AutomationTests.nsanet.com.AroEntryTest.Setup() in C:\Users\jcrocker\New folder (3)\JPAutomation\AutomationTests\AutomationTests\Tests\NSA Net\AroEntryTest.cs:line 45
--TearDown
   at AutomationTests.ExtentHelper.LogTest(TestContext testContext, Driver driver) in C:\Users\jcrocker\New folder (3)\JPAutomation\AutomationTests\AutomationTests\Tests\ExtentHelper.cs:line 73
   at AutomationTests.nsanet.com.AroEntryTest.TearDown() in C:\Users\jcrocker\New folder (3)\JPAutomation\AutomationTests\AutomationTests\Tests\NSA Net\AroEntryTest.cs:line 197]]></stack-trace>
                </failure>
              </test-case>
              <test-case id="0-1039" name="AROEntry_NSANet_Generic(&quot;CAN&quot;,&quot;2785 Skymark Ave&quot;,&quot;L4W 4Y3&quot;,&quot;Mississauga&quot;,&quot;ON&quot;,&quot;N/A&quot;,&quot;9018503000&quot;,&quot;9018503000&quot;,&quot;121290&quot;,&quot;2000CA&quot;,&quot;American Express&quot;,&quot;374500262001008&quot;,&quot;01&quot;,&quot;25&quot;)" fullname="AutomationTests.nsanet.com.AroEntryTest.AROEntry_NSANet_Generic(&quot;CAN&quot;,&quot;2785 Skymark Ave&quot;,&quot;L4W 4Y3&quot;,&quot;Mississauga&quot;,&quot;ON&quot;,&quot;N/A&quot;,&quot;9018503000&quot;,&quot;9018503000&quot;,&quot;121290&quot;,&quot;2000CA&quot;,&quot;American Express&quot;,&quot;374500262001008&quot;,&quot;01&quot;,&quot;25&quot;)" methodname="AROEntry_NSANet_Generic" classname="AutomationTests.nsanet.com.AroEntryTest" runstate="Runnable" seed="2149131" result="Failed" label="Error" start-time="2020-09-30 21:47:59Z" end-time="2020-09-30 21:48:02Z" duration="3.056614" asserts="0">
                <failure>
                  <message><![CDATA[System.InvalidOperationException : session not created: This version of ChromeDriver only supports Chrome version 83 (SessionNotCreated)
TearDown : System.NullReferenceException : Object reference not set to an instance of an object.]]></message>
                  <stack-trace><![CDATA[   at OpenQA.Selenium.Remote.RemoteWebDriver.UnpackAndThrowOnError(Response errorResponse)
   at OpenQA.Selenium.Remote.RemoteWebDriver.Execute(String driverCommandToExecute, Dictionary`2 parameters)
   at OpenQA.Selenium.Remote.RemoteWebDriver.StartSession(ICapabilities desiredCapabilities)
   at OpenQA.Selenium.Remote.RemoteWebDriver..ctor(ICommandExecutor commandExecutor, ICapabilities desiredCapabilities)
   at OpenQA.Selenium.Chrome.ChromeDriver..ctor(ChromeDriverService service, ChromeOptions options, TimeSpan commandTimeout)
   at OpenQA.Selenium.Chrome.ChromeDriver..ctor(ChromeOptions options)
   at AutomationTests.ConfigElements.Driver..ctor(BrowserType browserType) in C:\Users\jcrocker\New folder (3)\JPAutomation\AutomationTests\AutomationTests\Config\Driver.cs:line 77
   at AutomationTests.nsanet.com.AroEntryTest.Setup() in C:\Users\jcrocker\New folder (3)\JPAutomation\AutomationTests\AutomationTests\Tests\NSA Net\AroEntryTest.cs:line 45
--TearDown
   at AutomationTests.ExtentHelper.LogTest(TestContext testContext, Driver driver) in C:\Users\jcrocker\New folder (3)\JPAutomation\AutomationTests\AutomationTests\Tests\ExtentHelper.cs:line 73
   at AutomationTests.nsanet.com.AroEntryTest.TearDown() in C:\Users\jcrocker\New folder (3)\JPAutomation\AutomationTests\AutomationTests\Tests\NSA Net\AroEntryTest.cs:line 197]]></stack-trace>
                </failure>
              </test-case>
              <test-case id="0-1040" name="AROEntry_NSANet_Generic(&quot;DK&quot;,&quot;Torvegade 11&quot;,&quot;8900&quot;,&quot;Randers&quot;,&quot;N/A&quot;,&quot;N/A&quot;,&quot;45 86 42 34 22&quot;,&quot;45 86 42 34 22&quot;,&quot;N/A&quot;,&quot;490105080&quot;,&quot;Visa&quot;,&quot;4242424242424242&quot;,&quot;01&quot;,&quot;25&quot;)" fullname="AutomationTests.nsanet.com.AroEntryTest.AROEntry_NSANet_Generic(&quot;DK&quot;,&quot;Torvegade 11&quot;,&quot;8900&quot;,&quot;Randers&quot;,&quot;N/A&quot;,&quot;N/A&quot;,&quot;45 86 42 34 22&quot;,&quot;45 86 42 34 22&quot;,&quot;N/A&quot;,&quot;490105080&quot;,&quot;Visa&quot;,&quot;4242424242424242&quot;,&quot;01&quot;,&quot;25&quot;)" methodname="AROEntry_NSANet_Generic" classname="AutomationTests.nsanet.com.AroEntryTest" runstate="Runnable" seed="668862739" result="Failed" label="Error" start-time="2020-09-30 21:47:59Z" end-time="2020-09-30 21:48:02Z" duration="2.520930" asserts="0">
                <failure>
                  <message><![CDATA[System.InvalidOperationException : session not created: This version of ChromeDriver only supports Chrome version 83 (SessionNotCreated)
TearDown : System.NullReferenceException : Object reference not set to an instance of an object.]]></message>
                  <stack-trace><![CDATA[   at OpenQA.Selenium.Remote.RemoteWebDriver.UnpackAndThrowOnError(Response errorResponse)
   at OpenQA.Selenium.Remote.RemoteWebDriver.Execute(String driverCommandToExecute, Dictionary`2 parameters)
   at OpenQA.Selenium.Remote.RemoteWebDriver.StartSession(ICapabilities desiredCapabilities)
   at OpenQA.Selenium.Remote.RemoteWebDriver..ctor(ICommandExecutor commandExecutor, ICapabilities desiredCapabilities)
   at OpenQA.Selenium.Chrome.ChromeDriver..ctor(ChromeDriverService service, ChromeOptions options, TimeSpan commandTimeout)
   at OpenQA.Selenium.Chrome.ChromeDriver..ctor(ChromeOptions options)
   at AutomationTests.ConfigElements.Driver..ctor(BrowserType browserType) in C:\Users\jcrocker\New folder (3)\JPAutomation\AutomationTests\AutomationTests\Config\Driver.cs:line 77
   at AutomationTests.nsanet.com.AroEntryTest.Setup() in C:\Users\jcrocker\New folder (3)\JPAutomation\AutomationTests\AutomationTests\Tests\NSA Net\AroEntryTest.cs:line 45
--TearDown
   at AutomationTests.ExtentHelper.LogTest(TestContext testContext, Driver driver) in C:\Users\jcrocker\New folder (3)\JPAutomation\AutomationTests\AutomationTests\Tests\ExtentHelper.cs:line 73
   at AutomationTests.nsanet.com.AroEntryTest.TearDown() in C:\Users\jcrocker\New folder (3)\JPAutomation\AutomationTests\AutomationTests\Tests\NSA Net\AroEntryTest.cs:line 197]]></stack-trace>
                </failure>
              </test-case>
              <test-case id="0-1042" name="AROEntry_NSANet_Generic(&quot;FR&quot;,&quot;2 Boulevard du Levant&quot;,&quot;93167&quot;,&quot;Noisy-le-Grand&quot;,&quot;N/A&quot;,&quot;N/A&quot;,&quot;33 1 45924747&quot;,&quot;33 1 45924747&quot;,&quot;N/A&quot;,&quot;490105030&quot;,&quot;Visa&quot;,&quot;4242424242424242&quot;,&quot;01&quot;,&quot;25&quot;)" fullname="AutomationTests.nsanet.com.AroEntryTest.AROEntry_NSANet_Generic(&quot;FR&quot;,&quot;2 Boulevard du Levant&quot;,&quot;93167&quot;,&quot;Noisy-le-Grand&quot;,&quot;N/A&quot;,&quot;N/A&quot;,&quot;33 1 45924747&quot;,&quot;33 1 45924747&quot;,&quot;N/A&quot;,&quot;490105030&quot;,&quot;Visa&quot;,&quot;4242424242424242&quot;,&quot;01&quot;,&quot;25&quot;)" methodname="AROEntry_NSANet_Generic" classname="AutomationTests.nsanet.com.AroEntryTest" runstate="Runnable" seed="1503249634" result="Failed" label="Error" start-time="2020-09-30 21:48:00Z" end-time="2020-09-30 21:48:02Z" duration="2.274500" asserts="0">
                <failure>
                  <message><![CDATA[System.InvalidOperationException : session not created: This version of ChromeDriver only supports Chrome version 83 (SessionNotCreated)
TearDown : System.NullReferenceException : Object reference not set to an instance of an object.]]></message>
                  <stack-trace><![CDATA[   at OpenQA.Selenium.Remote.RemoteWebDriver.UnpackAndThrowOnError(Response errorResponse)
   at OpenQA.Selenium.Remote.RemoteWebDriver.Execute(String driverCommandToExecute, Dictionary`2 parameters)
   at OpenQA.Selenium.Remote.RemoteWebDriver.StartSession(ICapabilities desiredCapabilities)
   at OpenQA.Selenium.Remote.RemoteWebDriver..ctor(ICommandExecutor commandExecutor, ICapabilities desiredCapabilities)
   at OpenQA.Selenium.Chrome.ChromeDriver..ctor(ChromeDriverService service, ChromeOptions options, TimeSpan commandTimeout)
   at OpenQA.Selenium.Chrome.ChromeDriver..ctor(ChromeOptions options)
   at AutomationTests.ConfigElements.Driver..ctor(BrowserType browserType) in C:\Users\jcrocker\New folder (3)\JPAutomation\AutomationTests\AutomationTests\Config\Driver.cs:line 77
   at AutomationTests.nsanet.com.AroEntryTest.Setup() in C:\Users\jcrocker\New folder (3)\JPAutomation\AutomationTests\AutomationTests\Tests\NSA Net\AroEntryTest.cs:line 45
--TearDown
   at AutomationTests.ExtentHelper.LogTest(TestContext testContext, Driver driver) in C:\Users\jcrocker\New folder (3)\JPAutomation\AutomationTests\AutomationTests\Tests\ExtentHelper.cs:line 73
   at AutomationTests.nsanet.com.AroEntryTest.TearDown() in C:\Users\jcrocker\New folder (3)\JPAutomation\AutomationTests\AutomationTests\Tests\NSA Net\AroEntryTest.cs:line 197]]></stack-trace>
                </failure>
              </test-case>
              <test-case id="0-1043" name="AROEntry_NSANet_Generic(&quot;GER&quot;,&quot;Taunusstrasse 48-50&quot;,&quot;60329&quot;,&quot;Frankfurt am Main&quot;,&quot;N/A&quot;,&quot;N/A&quot;,&quot;49 69-96869890&quot;,&quot;49 69-96869890&quot;,&quot;N/A&quot;,&quot;490105001&quot;,&quot;Visa&quot;,&quot;4242424242424242&quot;,&quot;01&quot;,&quot;25&quot;)" fullname="AutomationTests.nsanet.com.AroEntryTest.AROEntry_NSANet_Generic(&quot;GER&quot;,&quot;Taunusstrasse 48-50&quot;,&quot;60329&quot;,&quot;Frankfurt am Main&quot;,&quot;N/A&quot;,&quot;N/A&quot;,&quot;49 69-96869890&quot;,&quot;49 69-96869890&quot;,&quot;N/A&quot;,&quot;490105001&quot;,&quot;Visa&quot;,&quot;4242424242424242&quot;,&quot;01&quot;,&quot;25&quot;)" methodname="AROEntry_NSANet_Generic" classname="AutomationTests.nsanet.com.AroEntryTest" runstate="Runnable" seed="1234231252" result="Failed" label="Error" start-time="2020-09-30 21:48:00Z" end-time="2020-09-30 21:48:03Z" duration="2.421105" asserts="0">
                <failure>
                  <message><![CDATA[System.InvalidOperationException : session not created: This version of ChromeDriver only supports Chrome version 83 (SessionNotCreated)
TearDown : System.NullReferenceException : Object reference not set to an instance of an object.]]></message>
                  <stack-trace><![CDATA[   at OpenQA.Selenium.Remote.RemoteWebDriver.UnpackAndThrowOnError(Response errorResponse)
   at OpenQA.Selenium.Remote.RemoteWebDriver.Execute(String driverCommandToExecute, Dictionary`2 parameters)
   at OpenQA.Selenium.Remote.RemoteWebDriver.StartSession(ICapabilities desiredCapabilities)
   at OpenQA.Selenium.Remote.RemoteWebDriver..ctor(ICommandExecutor commandExecutor, ICapabilities desiredCapabilities)
   at OpenQA.Selenium.Chrome.ChromeDriver..ctor(ChromeDriverService service, ChromeOptions options, TimeSpan commandTimeout)
   at OpenQA.Selenium.Chrome.ChromeDriver..ctor(ChromeOptions options)
   at AutomationTests.ConfigElements.Driver..ctor(BrowserType browserType) in C:\Users\jcrocker\New folder (3)\JPAutomation\AutomationTests\AutomationTests\Config\Driver.cs:line 77
   at AutomationTests.nsanet.com.AroEntryTest.Setup() in C:\Users\jcrocker\New folder (3)\JPAutomation\AutomationTests\AutomationTests\Tests\NSA Net\AroEntryTest.cs:line 45
--TearDown
   at AutomationTests.ExtentHelper.LogTest(TestContext testContext, Driver driver) in C:\Users\jcrocker\New folder (3)\JPAutomation\AutomationTests\AutomationTests\Tests\ExtentHelper.cs:line 73
   at AutomationTests.nsanet.com.AroEntryTest.TearDown() in C:\Users\jcrocker\New folder (3)\JPAutomation\AutomationTests\AutomationTests\Tests\NSA Net\AroEntryTest.cs:line 197]]></stack-trace>
                </failure>
              </test-case>
              <test-case id="0-1051" name="AROEntry_NSANet_Generic(&quot;ES&quot;,&quot;C/ Gran Vía, 84&quot;,&quot;28013&quot;,&quot;Madrid&quot;,&quot;N/A&quot;,&quot;N/A&quot;,&quot;31 20 311 3670&quot;,&quot;31 20 311 3670&quot;,&quot;N/A&quot;,&quot;490105003&quot;,&quot;Visa&quot;,&quot;4242424242424242&quot;,&quot;01&quot;,&quot;25&quot;)" fullname="AutomationTests.nsanet.com.AroEntryTest.AROEntry_NSANet_Generic(&quot;ES&quot;,&quot;C/ Gran Vía, 84&quot;,&quot;28013&quot;,&quot;Madrid&quot;,&quot;N/A&quot;,&quot;N/A&quot;,&quot;31 20 311 3670&quot;,&quot;31 20 311 3670&quot;,&quot;N/A&quot;,&quot;490105003&quot;,&quot;Visa&quot;,&quot;4242424242424242&quot;,&quot;01&quot;,&quot;25&quot;)" methodname="AROEntry_NSANet_Generic" classname="AutomationTests.nsanet.com.AroEntryTest" runstate="Runnable" seed="890735857" result="Failed" label="Error" start-time="2020-09-30 21:48:02Z" end-time="2020-09-30 21:48:04Z" duration="1.765830" asserts="0">
                <failure>
                  <message><![CDATA[System.InvalidOperationException : session not created: This version of ChromeDriver only supports Chrome version 83 (SessionNotCreated)
TearDown : System.NullReferenceException : Object reference not set to an instance of an object.]]></message>
                  <stack-trace><![CDATA[   at OpenQA.Selenium.Remote.RemoteWebDriver.UnpackAndThrowOnError(Response errorResponse)
   at OpenQA.Selenium.Remote.RemoteWebDriver.Execute(String driverCommandToExecute, Dictionary`2 parameters)
   at OpenQA.Selenium.Remote.RemoteWebDriver.StartSession(ICapabilities desiredCapabilities)
   at OpenQA.Selenium.Remote.RemoteWebDriver..ctor(ICommandExecutor commandExecutor, ICapabilities desiredCapabilities)
   at OpenQA.Selenium.Chrome.ChromeDriver..ctor(ChromeDriverService service, ChromeOptions options, TimeSpan commandTimeout)
   at OpenQA.Selenium.Chrome.ChromeDriver..ctor(ChromeOptions options)
   at AutomationTests.ConfigElements.Driver..ctor(BrowserType browserType) in C:\Users\jcrocker\New folder (3)\JPAutomation\AutomationTests\AutomationTests\Config\Driver.cs:line 77
   at AutomationTests.nsanet.com.AroEntryTest.Setup() in C:\Users\jcrocker\New folder (3)\JPAutomation\AutomationTests\AutomationTests\Tests\NSA Net\AroEntryTest.cs:line 45
--TearDown
   at AutomationTests.ExtentHelper.LogTest(TestContext testContext, Driver driver) in C:\Users\jcrocker\New folder (3)\JPAutomation\AutomationTests\AutomationTests\Tests\ExtentHelper.cs:line 73
   at AutomationTests.nsanet.com.AroEntryTest.TearDown() in C:\Users\jcrocker\New folder (3)\JPAutomation\AutomationTests\AutomationTests\Tests\NSA Net\AroEntryTest.cs:line 197]]></stack-trace>
                </failure>
              </test-case>
              <test-case id="0-1048" name="AROEntry_NSANet_Generic(&quot;NO&quot;,&quot;Karl Johans gate 31&quot;,&quot;0159&quot;,&quot;Oslo&quot;,&quot;N/A&quot;,&quot;N/A&quot;,&quot;47 23 21 20 00&quot;,&quot;47 23 21 20 00&quot;,&quot;N/A&quot;,&quot;490105081&quot;,&quot;Visa&quot;,&quot;4242424242424242&quot;,&quot;01&quot;,&quot;25&quot;)" fullname="AutomationTests.nsanet.com.AroEntryTest.AROEntry_NSANet_Generic(&quot;NO&quot;,&quot;Karl Johans gate 31&quot;,&quot;0159&quot;,&quot;Oslo&quot;,&quot;N/A&quot;,&quot;N/A&quot;,&quot;47 23 21 20 00&quot;,&quot;47 23 21 20 00&quot;,&quot;N/A&quot;,&quot;490105081&quot;,&quot;Visa&quot;,&quot;4242424242424242&quot;,&quot;01&quot;,&quot;25&quot;)" methodname="AROEntry_NSANet_Generic" classname="AutomationTests.nsanet.com.AroEntryTest" runstate="Runnable" seed="353850144" result="Failed" label="Error" start-time="2020-09-30 21:48:02Z" end-time="2020-09-30 21:48:04Z" duration="2.229657" asserts="0">
                <failure>
                  <message><![CDATA[System.InvalidOperationException : session not created: This version of ChromeDriver only supports Chrome version 83 (SessionNotCreated)
TearDown : System.NullReferenceException : Object reference not set to an instance of an object.]]></message>
                  <stack-trace><![CDATA[   at OpenQA.Selenium.Remote.RemoteWebDriver.UnpackAndThrowOnError(Response errorResponse)
   at OpenQA.Selenium.Remote.RemoteWebDriver.Execute(String driverCommandToExecute, Dictionary`2 parameters)
   at OpenQA.Selenium.Remote.RemoteWebDriver.StartSession(ICapabilities desiredCapabilities)
   at OpenQA.Selenium.Remote.RemoteWebDriver..ctor(ICommandExecutor commandExecutor, ICapabilities desiredCapabilities)
   at OpenQA.Selenium.Chrome.ChromeDriver..ctor(ChromeDriverService service, ChromeOptions options, TimeSpan commandTimeout)
   at OpenQA.Selenium.Chrome.ChromeDriver..ctor(ChromeOptions options)
   at AutomationTests.ConfigElements.Driver..ctor(BrowserType browserType) in C:\Users\jcrocker\New folder (3)\JPAutomation\AutomationTests\AutomationTests\Config\Driver.cs:line 77
   at AutomationTests.nsanet.com.AroEntryTest.Setup() in C:\Users\jcrocker\New folder (3)\JPAutomation\AutomationTests\AutomationTests\Tests\NSA Net\AroEntryTest.cs:line 45
--TearDown
   at AutomationTests.ExtentHelper.LogTest(TestContext testContext, Driver driver) in C:\Users\jcrocker\New folder (3)\JPAutomation\AutomationTests\AutomationTests\Tests\ExtentHelper.cs:line 73
   at AutomationTests.nsanet.com.AroEntryTest.TearDown() in C:\Users\jcrocker\New folder (3)\JPAutomation\AutomationTests\AutomationTests\Tests\NSA Net\AroEntryTest.cs:line 197]]></stack-trace>
                </failure>
              </test-case>
              <test-case id="0-1047" name="AROEntry_NSANet_Generic(&quot;NL&quot;,&quot;Schepenbergweg 50&quot;,&quot;1105 AT&quot;,&quot;Amsterdam&quot;,&quot;N/A&quot;,&quot;N/A&quot;,&quot;31 20 311 3670&quot;,&quot;31 20 311 3670&quot;,&quot;N/A&quot;,&quot;490105034&quot;,&quot;Visa&quot;,&quot;4242424242424242&quot;,&quot;01&quot;,&quot;25&quot;)" fullname="AutomationTests.nsanet.com.AroEntryTest.AROEntry_NSANet_Generic(&quot;NL&quot;,&quot;Schepenbergweg 50&quot;,&quot;1105 AT&quot;,&quot;Amsterdam&quot;,&quot;N/A&quot;,&quot;N/A&quot;,&quot;31 20 311 3670&quot;,&quot;31 20 311 3670&quot;,&quot;N/A&quot;,&quot;490105034&quot;,&quot;Visa&quot;,&quot;4242424242424242&quot;,&quot;01&quot;,&quot;25&quot;)" methodname="AROEntry_NSANet_Generic" classname="AutomationTests.nsanet.com.AroEntryTest" runstate="Runnable" seed="1964605760" result="Failed" label="Error" start-time="2020-09-30 21:48:01Z" end-time="2020-09-30 21:48:04Z" duration="3.186994" asserts="0">
                <failure>
                  <message><![CDATA[System.InvalidOperationException : session not created: This version of ChromeDriver only supports Chrome version 83 (SessionNotCreated)
TearDown : System.NullReferenceException : Object reference not set to an instance of an object.]]></message>
                  <stack-trace><![CDATA[   at OpenQA.Selenium.Remote.RemoteWebDriver.UnpackAndThrowOnError(Response errorResponse)
   at OpenQA.Selenium.Remote.RemoteWebDriver.Execute(String driverCommandToExecute, Dictionary`2 parameters)
   at OpenQA.Selenium.Remote.RemoteWebDriver.StartSession(ICapabilities desiredCapabilities)
   at OpenQA.Selenium.Remote.RemoteWebDriver..ctor(ICommandExecutor commandExecutor, ICapabilities desiredCapabilities)
   at OpenQA.Selenium.Chrome.ChromeDriver..ctor(ChromeDriverService service, ChromeOptions options, TimeSpan commandTimeout)
   at OpenQA.Selenium.Chrome.ChromeDriver..ctor(ChromeOptions options)
   at AutomationTests.ConfigElements.Driver..ctor(BrowserType browserType) in C:\Users\jcrocker\New folder (3)\JPAutomation\AutomationTests\AutomationTests\Config\Driver.cs:line 77
   at AutomationTests.nsanet.com.AroEntryTest.Setup() in C:\Users\jcrocker\New folder (3)\JPAutomation\AutomationTests\AutomationTests\Tests\NSA Net\AroEntryTest.cs:line 45
--TearDown
   at AutomationTests.ExtentHelper.LogTest(TestContext testContext, Driver driver) in C:\Users\jcrocker\New folder (3)\JPAutomation\AutomationTests\AutomationTests\Tests\ExtentHelper.cs:line 73
   at AutomationTests.nsanet.com.AroEntryTest.TearDown() in C:\Users\jcrocker\New folder (3)\JPAutomation\AutomationTests\AutomationTests\Tests\NSA Net\AroEntryTest.cs:line 197]]></stack-trace>
                </failure>
              </test-case>
              <test-case id="0-1050" name="AROEntry_NSANet_Generic(&quot;RO&quot;,&quot;Calea Victoriei 56&quot;,&quot;010083&quot;,&quot;București&quot;,&quot;București&quot;,&quot;N/A&quot;,&quot;40 372 010 300&quot;,&quot;40 372 010 300&quot;,&quot;N/A&quot;,&quot;490110023&quot;,&quot;Visa&quot;,&quot;4242424242424242&quot;,&quot;01&quot;,&quot;25&quot;)" fullname="AutomationTests.nsanet.com.AroEntryTest.AROEntry_NSANet_Generic(&quot;RO&quot;,&quot;Calea Victoriei 56&quot;,&quot;010083&quot;,&quot;București&quot;,&quot;București&quot;,&quot;N/A&quot;,&quot;40 372 010 300&quot;,&quot;40 372 010 300&quot;,&quot;N/A&quot;,&quot;490110023&quot;,&quot;Visa&quot;,&quot;4242424242424242&quot;,&quot;01&quot;,&quot;25&quot;)" methodname="AROEntry_NSANet_Generic" classname="AutomationTests.nsanet.com.AroEntryTest" runstate="Runnable" seed="410819341" result="Failed" label="Error" start-time="2020-09-30 21:48:02Z" end-time="2020-09-30 21:48:05Z" duration="2.755522" asserts="0">
                <failure>
                  <message><![CDATA[System.InvalidOperationException : session not created: This version of ChromeDriver only supports Chrome version 83 (SessionNotCreated)
TearDown : System.NullReferenceException : Object reference not set to an instance of an object.]]></message>
                  <stack-trace><![CDATA[   at OpenQA.Selenium.Remote.RemoteWebDriver.UnpackAndThrowOnError(Response errorResponse)
   at OpenQA.Selenium.Remote.RemoteWebDriver.Execute(String driverCommandToExecute, Dictionary`2 parameters)
   at OpenQA.Selenium.Remote.RemoteWebDriver.StartSession(ICapabilities desiredCapabilities)
   at OpenQA.Selenium.Remote.RemoteWebDriver..ctor(ICommandExecutor commandExecutor, ICapabilities desiredCapabilities)
   at OpenQA.Selenium.Chrome.ChromeDriver..ctor(ChromeDriverService service, ChromeOptions options, TimeSpan commandTimeout)
   at OpenQA.Selenium.Chrome.ChromeDriver..ctor(ChromeOptions options)
   at AutomationTests.ConfigElements.Driver..ctor(BrowserType browserType) in C:\Users\jcrocker\New folder (3)\JPAutomation\AutomationTests\AutomationTests\Config\Driver.cs:line 77
   at AutomationTests.nsanet.com.AroEntryTest.Setup() in C:\Users\jcrocker\New folder (3)\JPAutomation\AutomationTests\AutomationTests\Tests\NSA Net\AroEntryTest.cs:line 45
--TearDown
   at AutomationTests.ExtentHelper.LogTest(TestContext testContext, Driver driver) in C:\Users\jcrocker\New folder (3)\JPAutomation\AutomationTests\AutomationTests\Tests\ExtentHelper.cs:line 73
   at AutomationTests.nsanet.com.AroEntryTest.TearDown() in C:\Users\jcrocker\New folder (3)\JPAutomation\AutomationTests\AutomationTests\Tests\NSA Net\AroEntryTest.cs:line 197]]></stack-trace>
                </failure>
              </test-case>
              <test-case id="0-1049" name="AROEntry_NSANet_Generic(&quot;PL&quot;,&quot;Stara 1&quot;,&quot;41-940&quot;,&quot;Piekary Śląskie&quot;,&quot;N/A&quot;,&quot;N/A&quot;,&quot;458623422&quot;,&quot;458623422&quot;,&quot;N/A&quot;,&quot;490105005&quot;,&quot;Visa&quot;,&quot;4242424242424242&quot;,&quot;01&quot;,&quot;25&quot;)" fullname="AutomationTests.nsanet.com.AroEntryTest.AROEntry_NSANet_Generic(&quot;PL&quot;,&quot;Stara 1&quot;,&quot;41-940&quot;,&quot;Piekary Śląskie&quot;,&quot;N/A&quot;,&quot;N/A&quot;,&quot;458623422&quot;,&quot;458623422&quot;,&quot;N/A&quot;,&quot;490105005&quot;,&quot;Visa&quot;,&quot;4242424242424242&quot;,&quot;01&quot;,&quot;25&quot;)" methodname="AROEntry_NSANet_Generic" classname="AutomationTests.nsanet.com.AroEntryTest" runstate="Runnable" seed="976783444" result="Failed" label="Error" start-time="2020-09-30 21:48:02Z" end-time="2020-09-30 21:48:05Z" duration="2.999126" asserts="0">
                <failure>
                  <message><![CDATA[System.InvalidOperationException : session not created: This version of ChromeDriver only supports Chrome version 83 (SessionNotCreated)
TearDown : System.NullReferenceException : Object reference not set to an instance of an object.]]></message>
                  <stack-trace><![CDATA[   at OpenQA.Selenium.Remote.RemoteWebDriver.UnpackAndThrowOnError(Response errorResponse)
   at OpenQA.Selenium.Remote.RemoteWebDriver.Execute(String driverCommandToExecute, Dictionary`2 parameters)
   at OpenQA.Selenium.Remote.RemoteWebDriver.StartSession(ICapabilities desiredCapabilities)
   at OpenQA.Selenium.Remote.RemoteWebDriver..ctor(ICommandExecutor commandExecutor, ICapabilities desiredCapabilities)
   at OpenQA.Selenium.Chrome.ChromeDriver..ctor(ChromeDriverService service, ChromeOptions options, TimeSpan commandTimeout)
   at OpenQA.Selenium.Chrome.ChromeDriver..ctor(ChromeOptions options)
   at AutomationTests.ConfigElements.Driver..ctor(BrowserType browserType) in C:\Users\jcrocker\New folder (3)\JPAutomation\AutomationTests\AutomationTests\Config\Driver.cs:line 77
   at AutomationTests.nsanet.com.AroEntryTest.Setup() in C:\Users\jcrocker\New folder (3)\JPAutomation\AutomationTests\AutomationTests\Tests\NSA Net\AroEntryTest.cs:line 45
--TearDown
   at AutomationTests.ExtentHelper.LogTest(TestContext testContext, Driver driver) in C:\Users\jcrocker\New folder (3)\JPAutomation\AutomationTests\AutomationTests\Tests\ExtentHelper.cs:line 73
   at AutomationTests.nsanet.com.AroEntryTest.TearDown() in C:\Users\jcrocker\New folder (3)\JPAutomation\AutomationTests\AutomationTests\Tests\NSA Net\AroEntryTest.cs:line 197]]></stack-trace>
                </failure>
              </test-case>
              <test-case id="0-1037" name="AROEntry_NSANet_Generic(&quot;AU&quot;,&quot;14 Merewether St&quot;,&quot;2291&quot;,&quot;Merewether&quot;,&quot;QLD&quot;,&quot;N/A&quot;,&quot;9018503000&quot;,&quot;9018503000&quot;,&quot;121290&quot;,&quot;2000AS&quot;,&quot;Visa&quot;,&quot;4242424242424242&quot;,&quot;01&quot;,&quot;25&quot;)" fullname="AutomationTests.nsanet.com.AroEntryTest.AROEntry_NSANet_Generic(&quot;AU&quot;,&quot;14 Merewether St&quot;,&quot;2291&quot;,&quot;Merewether&quot;,&quot;QLD&quot;,&quot;N/A&quot;,&quot;9018503000&quot;,&quot;9018503000&quot;,&quot;121290&quot;,&quot;2000AS&quot;,&quot;Visa&quot;,&quot;4242424242424242&quot;,&quot;01&quot;,&quot;25&quot;)" methodname="AROEntry_NSANet_Generic" classname="AutomationTests.nsanet.com.AroEntryTest" runstate="Runnable" seed="1913409271" result="Failed" label="Error" start-time="2020-09-30 21:47:57Z" end-time="2020-09-30 21:48:05Z" duration="7.541217" asserts="0">
                <failure>
                  <message><![CDATA[System.InvalidOperationException : session not created: This version of ChromeDriver only supports Chrome version 83 (SessionNotCreated)
TearDown : System.NullReferenceException : Object reference not set to an instance of an object.]]></message>
                  <stack-trace><![CDATA[   at OpenQA.Selenium.Remote.RemoteWebDriver.UnpackAndThrowOnError(Response errorResponse)
   at OpenQA.Selenium.Remote.RemoteWebDriver.Execute(String driverCommandToExecute, Dictionary`2 parameters)
   at OpenQA.Selenium.Remote.RemoteWebDriver.StartSession(ICapabilities desiredCapabilities)
   at OpenQA.Selenium.Remote.RemoteWebDriver..ctor(ICommandExecutor commandExecutor, ICapabilities desiredCapabilities)
   at OpenQA.Selenium.Chrome.ChromeDriver..ctor(ChromeDriverService service, ChromeOptions options, TimeSpan commandTimeout)
   at OpenQA.Selenium.Chrome.ChromeDriver..ctor(ChromeOptions options)
   at AutomationTests.ConfigElements.Driver..ctor(BrowserType browserType) in C:\Users\jcrocker\New folder (3)\JPAutomation\AutomationTests\AutomationTests\Config\Driver.cs:line 77
   at AutomationTests.nsanet.com.AroEntryTest.Setup() in C:\Users\jcrocker\New folder (3)\JPAutomation\AutomationTests\AutomationTests\Tests\NSA Net\AroEntryTest.cs:line 45
--TearDown
   at AutomationTests.ExtentHelper.LogTest(TestContext testContext, Driver driver) in C:\Users\jcrocker\New folder (3)\JPAutomation\AutomationTests\AutomationTests\Tests\ExtentHelper.cs:line 73
   at AutomationTests.nsanet.com.AroEntryTest.TearDown() in C:\Users\jcrocker\New folder (3)\JPAutomation\AutomationTests\AutomationTests\Tests\NSA Net\AroEntryTest.cs:line 197]]></stack-trace>
                </failure>
              </test-case>
              <test-case id="0-1045" name="AROEntry_NSANet_Generic(&quot;IT&quot;,&quot;Via Torri Bianche 7&quot;,&quot;20871&quot;,&quot;Vimercate&quot;,&quot;MB&quot;,&quot;N/A&quot;,&quot;39 06 495 9261&quot;,&quot;39 06 495 9261&quot;,&quot;121290&quot;,&quot;490105040&quot;,&quot;Visa&quot;,&quot;4242424242424242&quot;,&quot;01&quot;,&quot;25&quot;)" fullname="AutomationTests.nsanet.com.AroEntryTest.AROEntry_NSANet_Generic(&quot;IT&quot;,&quot;Via Torri Bianche 7&quot;,&quot;20871&quot;,&quot;Vimercate&quot;,&quot;MB&quot;,&quot;N/A&quot;,&quot;39 06 495 9261&quot;,&quot;39 06 495 9261&quot;,&quot;121290&quot;,&quot;490105040&quot;,&quot;Visa&quot;,&quot;4242424242424242&quot;,&quot;01&quot;,&quot;25&quot;)" methodname="AROEntry_NSANet_Generic" classname="AutomationTests.nsanet.com.AroEntryTest" runstate="Runnable" seed="1957540010" result="Failed" label="Error" start-time="2020-09-30 21:48:01Z" end-time="2020-09-30 21:48:05Z" duration="4.034246" asserts="0">
                <failure>
                  <message><![CDATA[System.InvalidOperationException : session not created: This version of ChromeDriver only supports Chrome version 83 (SessionNotCreated)
TearDown : System.NullReferenceException : Object reference not set to an instance of an object.]]></message>
                  <stack-trace><![CDATA[   at OpenQA.Selenium.Remote.RemoteWebDriver.UnpackAndThrowOnError(Response errorResponse)
   at OpenQA.Selenium.Remote.RemoteWebDriver.Execute(String driverCommandToExecute, Dictionary`2 parameters)
   at OpenQA.Selenium.Remote.RemoteWebDriver.StartSession(ICapabilities desiredCapabilities)
   at OpenQA.Selenium.Remote.RemoteWebDriver..ctor(ICommandExecutor commandExecutor, ICapabilities desiredCapabilities)
   at OpenQA.Selenium.Chrome.ChromeDriver..ctor(ChromeDriverService service, ChromeOptions options, TimeSpan commandTimeout)
   at OpenQA.Selenium.Chrome.ChromeDriver..ctor(ChromeOptions options)
   at AutomationTests.ConfigElements.Driver..ctor(BrowserType browserType) in C:\Users\jcrocker\New folder (3)\JPAutomation\AutomationTests\AutomationTests\Config\Driver.cs:line 77
   at AutomationTests.nsanet.com.AroEntryTest.Setup() in C:\Users\jcrocker\New folder (3)\JPAutomation\AutomationTests\AutomationTests\Tests\NSA Net\AroEntryTest.cs:line 45
--TearDown
   at AutomationTests.ExtentHelper.LogTest(TestContext testContext, Driver driver) in C:\Users\jcrocker\New folder (3)\JPAutomation\AutomationTests\AutomationTests\Tests\ExtentHelper.cs:line 73
   at AutomationTests.nsanet.com.AroEntryTest.TearDown() in C:\Users\jcrocker\New folder (3)\JPAutomation\AutomationTests\AutomationTests\Tests\NSA Net\AroEntryTest.cs:line 197]]></stack-trace>
                </failure>
              </test-case>
              <test-case id="0-1054" name="AROEntry_NSANet_Generic(&quot;UK&quot;,&quot;40 Heyes St.&quot;,&quot;L5 6SG&quot;,&quot;Liverpool&quot;,&quot;N/A&quot;,&quot;Liverpool&quot;,&quot;07720750898&quot;,&quot;07720750898&quot;,&quot;N/A&quot;,&quot;490105084&quot;,&quot;Visa&quot;,&quot;4242424242424242&quot;,&quot;01&quot;,&quot;25&quot;)" fullname="AutomationTests.nsanet.com.AroEntryTest.AROEntry_NSANet_Generic(&quot;UK&quot;,&quot;40 Heyes St.&quot;,&quot;L5 6SG&quot;,&quot;Liverpool&quot;,&quot;N/A&quot;,&quot;Liverpool&quot;,&quot;07720750898&quot;,&quot;07720750898&quot;,&quot;N/A&quot;,&quot;490105084&quot;,&quot;Visa&quot;,&quot;4242424242424242&quot;,&quot;01&quot;,&quot;25&quot;)" methodname="AROEntry_NSANet_Generic" classname="AutomationTests.nsanet.com.AroEntryTest" runstate="Runnable" seed="1451880427" result="Failed" label="Error" start-time="2020-09-30 21:48:03Z" end-time="2020-09-30 21:48:05Z" duration="2.116566" asserts="0">
                <failure>
                  <message><![CDATA[System.InvalidOperationException : session not created: This version of ChromeDriver only supports Chrome version 83 (SessionNotCreated)
TearDown : System.NullReferenceException : Object reference not set to an instance of an object.]]></message>
                  <stack-trace><![CDATA[   at OpenQA.Selenium.Remote.RemoteWebDriver.UnpackAndThrowOnError(Response errorResponse)
   at OpenQA.Selenium.Remote.RemoteWebDriver.Execute(String driverCommandToExecute, Dictionary`2 parameters)
   at OpenQA.Selenium.Remote.RemoteWebDriver.StartSession(ICapabilities desiredCapabilities)
   at OpenQA.Selenium.Remote.RemoteWebDriver..ctor(ICommandExecutor commandExecutor, ICapabilities desiredCapabilities)
   at OpenQA.Selenium.Chrome.ChromeDriver..ctor(ChromeDriverService service, ChromeOptions options, TimeSpan commandTimeout)
   at OpenQA.Selenium.Chrome.ChromeDriver..ctor(ChromeOptions options)
   at AutomationTests.ConfigElements.Driver..ctor(BrowserType browserType) in C:\Users\jcrocker\New folder (3)\JPAutomation\AutomationTests\AutomationTests\Config\Driver.cs:line 77
   at AutomationTests.nsanet.com.AroEntryTest.Setup() in C:\Users\jcrocker\New folder (3)\JPAutomation\AutomationTests\AutomationTests\Tests\NSA Net\AroEntryTest.cs:line 45
--TearDown
   at AutomationTests.ExtentHelper.LogTest(TestContext testContext, Driver driver) in C:\Users\jcrocker\New folder (3)\JPAutomation\AutomationTests\AutomationTests\Tests\ExtentHelper.cs:line 73
   at AutomationTests.nsanet.com.AroEntryTest.TearDown() in C:\Users\jcrocker\New folder (3)\JPAutomation\AutomationTests\AutomationTests\Tests\NSA Net\AroEntryTest.cs:line 197]]></stack-trace>
                </failure>
              </test-case>
              <test-case id="0-1053" name="AROEntry_NSANet_Generic(&quot;SE&quot;,&quot;Södra Blasieholmshamnen 8&quot;,&quot;103 27&quot;,&quot;Stockholm&quot;,&quot;N/A&quot;,&quot;N/A&quot;,&quot;46 8 679 35 00&quot;,&quot;46 8 679 35 00&quot;,&quot;N/A&quot;,&quot;490105084&quot;,&quot;Visa&quot;,&quot;4242424242424242&quot;,&quot;01&quot;,&quot;25&quot;)" fullname="AutomationTests.nsanet.com.AroEntryTest.AROEntry_NSANet_Generic(&quot;SE&quot;,&quot;Södra Blasieholmshamnen 8&quot;,&quot;103 27&quot;,&quot;Stockholm&quot;,&quot;N/A&quot;,&quot;N/A&quot;,&quot;46 8 679 35 00&quot;,&quot;46 8 679 35 00&quot;,&quot;N/A&quot;,&quot;490105084&quot;,&quot;Visa&quot;,&quot;4242424242424242&quot;,&quot;01&quot;,&quot;25&quot;)" methodname="AROEntry_NSANet_Generic" classname="AutomationTests.nsanet.com.AroEntryTest" runstate="Runnable" seed="1731405510" result="Failed" label="Error" start-time="2020-09-30 21:48:02Z" end-time="2020-09-30 21:48:05Z" duration="2.590093" asserts="0">
                <failure>
                  <message><![CDATA[System.InvalidOperationException : session not created: This version of ChromeDriver only supports Chrome version 83 (SessionNotCreated)
TearDown : System.NullReferenceException : Object reference not set to an instance of an object.]]></message>
                  <stack-trace><![CDATA[   at OpenQA.Selenium.Remote.RemoteWebDriver.UnpackAndThrowOnError(Response errorResponse)
   at OpenQA.Selenium.Remote.RemoteWebDriver.Execute(String driverCommandToExecute, Dictionary`2 parameters)
   at OpenQA.Selenium.Remote.RemoteWebDriver.StartSession(ICapabilities desiredCapabilities)
   at OpenQA.Selenium.Remote.RemoteWebDriver..ctor(ICommandExecutor commandExecutor, ICapabilities desiredCapabilities)
   at OpenQA.Selenium.Chrome.ChromeDriver..ctor(ChromeDriverService service, ChromeOptions options, TimeSpan commandTimeout)
   at OpenQA.Selenium.Chrome.ChromeDriver..ctor(ChromeOptions options)
   at AutomationTests.ConfigElements.Driver..ctor(BrowserType browserType) in C:\Users\jcrocker\New folder (3)\JPAutomation\AutomationTests\AutomationTests\Config\Driver.cs:line 77
   at AutomationTests.nsanet.com.AroEntryTest.Setup() in C:\Users\jcrocker\New folder (3)\JPAutomation\AutomationTests\AutomationTests\Tests\NSA Net\AroEntryTest.cs:line 45
--TearDown
   at AutomationTests.ExtentHelper.LogTest(TestContext testContext, Driver driver) in C:\Users\jcrocker\New folder (3)\JPAutomation\AutomationTests\AutomationTests\Tests\ExtentHelper.cs:line 73
   at AutomationTests.nsanet.com.AroEntryTest.TearDown() in C:\Users\jcrocker\New folder (3)\JPAutomation\AutomationTests\AutomationTests\Tests\NSA Net\AroEntryTest.cs:line 197]]></stack-trace>
                </failure>
              </test-case>
              <test-case id="0-1052" name="AROEntry_NSANet_Generic(&quot;SUI&quot;,&quot;Bürgenstock 17&quot;,&quot;6363&quot;,&quot;Obbürgen&quot;,&quot;N/A&quot;,&quot;N/A&quot;,&quot;41 41-612 60 00&quot;,&quot;41 41-612 60 00&quot;,&quot;N/A&quot;,&quot;490105015&quot;,&quot;Visa&quot;,&quot;4242424242424242&quot;,&quot;01&quot;,&quot;25&quot;)" fullname="AutomationTests.nsanet.com.AroEntryTest.AROEntry_NSANet_Generic(&quot;SUI&quot;,&quot;Bürgenstock 17&quot;,&quot;6363&quot;,&quot;Obbürgen&quot;,&quot;N/A&quot;,&quot;N/A&quot;,&quot;41 41-612 60 00&quot;,&quot;41 41-612 60 00&quot;,&quot;N/A&quot;,&quot;490105015&quot;,&quot;Visa&quot;,&quot;4242424242424242&quot;,&quot;01&quot;,&quot;25&quot;)" methodname="AROEntry_NSANet_Generic" classname="AutomationTests.nsanet.com.AroEntryTest" runstate="Runnable" seed="1001229512" result="Failed" label="Error" start-time="2020-09-30 21:48:02Z" end-time="2020-09-30 21:48:05Z" duration="3.184890" asserts="0">
                <failure>
                  <message><![CDATA[System.InvalidOperationException : session not created: This version of ChromeDriver only supports Chrome version 83 (SessionNotCreated)
TearDown : System.NullReferenceException : Object reference not set to an instance of an object.]]></message>
                  <stack-trace><![CDATA[   at OpenQA.Selenium.Remote.RemoteWebDriver.UnpackAndThrowOnError(Response errorResponse)
   at OpenQA.Selenium.Remote.RemoteWebDriver.Execute(String driverCommandToExecute, Dictionary`2 parameters)
   at OpenQA.Selenium.Remote.RemoteWebDriver.StartSession(ICapabilities desiredCapabilities)
   at OpenQA.Selenium.Remote.RemoteWebDriver..ctor(ICommandExecutor commandExecutor, ICapabilities desiredCapabilities)
   at OpenQA.Selenium.Chrome.ChromeDriver..ctor(ChromeDriverService service, ChromeOptions options, TimeSpan commandTimeout)
   at OpenQA.Selenium.Chrome.ChromeDriver..ctor(ChromeOptions options)
   at AutomationTests.ConfigElements.Driver..ctor(BrowserType browserType) in C:\Users\jcrocker\New folder (3)\JPAutomation\AutomationTests\AutomationTests\Config\Driver.cs:line 77
   at AutomationTests.nsanet.com.AroEntryTest.Setup() in C:\Users\jcrocker\New folder (3)\JPAutomation\AutomationTests\AutomationTests\Tests\NSA Net\AroEntryTest.cs:line 45
--TearDown
   at AutomationTests.ExtentHelper.LogTest(TestContext testContext, Driver driver) in C:\Users\jcrocker\New folder (3)\JPAutomation\AutomationTests\AutomationTests\Tests\ExtentHelper.cs:line 73
   at AutomationTests.nsanet.com.AroEntryTest.TearDown() in C:\Users\jcrocker\New folder (3)\JPAutomation\AutomationTests\AutomationTests\Tests\NSA Net\AroEntryTest.cs:line 197]]></stack-trace>
                </failure>
              </test-case>
              <test-case id="0-1044" name="AROEntry_NSANet_Generic(&quot;EIR&quot;,&quot;Athlone Rd&quot;,&quot;60329&quot;,&quot;Athlone&quot;,&quot;N/A&quot;,&quot;Roscommon&quot;,&quot;49 69 96869890&quot;,&quot;49 69 96869890&quot;,&quot;N/A&quot;,&quot;490105030&quot;,&quot;Visa&quot;,&quot;4242424242424242&quot;,&quot;01&quot;,&quot;25&quot;)" fullname="AutomationTests.nsanet.com.AroEntryTest.AROEntry_NSANet_Generic(&quot;EIR&quot;,&quot;Athlone Rd&quot;,&quot;60329&quot;,&quot;Athlone&quot;,&quot;N/A&quot;,&quot;Roscommon&quot;,&quot;49 69 96869890&quot;,&quot;49 69 96869890&quot;,&quot;N/A&quot;,&quot;490105030&quot;,&quot;Visa&quot;,&quot;4242424242424242&quot;,&quot;01&quot;,&quot;25&quot;)" methodname="AROEntry_NSANet_Generic" classname="AutomationTests.nsanet.com.AroEntryTest" runstate="Runnable" seed="201163125" result="Failed" label="Error" start-time="2020-09-30 21:48:00Z" end-time="2020-09-30 21:48:06Z" duration="5.179770" asserts="0">
                <failure>
                  <message><![CDATA[System.InvalidOperationException : session not created: This version of ChromeDriver only supports Chrome version 83 (SessionNotCreated)
TearDown : System.NullReferenceException : Object reference not set to an instance of an object.]]></message>
                  <stack-trace><![CDATA[   at OpenQA.Selenium.Remote.RemoteWebDriver.UnpackAndThrowOnError(Response errorResponse)
   at OpenQA.Selenium.Remote.RemoteWebDriver.Execute(String driverCommandToExecute, Dictionary`2 parameters)
   at OpenQA.Selenium.Remote.RemoteWebDriver.StartSession(ICapabilities desiredCapabilities)
   at OpenQA.Selenium.Remote.RemoteWebDriver..ctor(ICommandExecutor commandExecutor, ICapabilities desiredCapabilities)
   at OpenQA.Selenium.Chrome.ChromeDriver..ctor(ChromeDriverService service, ChromeOptions options, TimeSpan commandTimeout)
   at OpenQA.Selenium.Chrome.ChromeDriver..ctor(ChromeOptions options)
   at AutomationTests.ConfigElements.Driver..ctor(BrowserType browserType) in C:\Users\jcrocker\New folder (3)\JPAutomation\AutomationTests\AutomationTests\Config\Driver.cs:line 77
   at AutomationTests.nsanet.com.AroEntryTest.Setup() in C:\Users\jcrocker\New folder (3)\JPAutomation\AutomationTests\AutomationTests\Tests\NSA Net\AroEntryTest.cs:line 45
--TearDown
   at AutomationTests.ExtentHelper.LogTest(TestContext testContext, Driver driver) in C:\Users\jcrocker\New folder (3)\JPAutomation\AutomationTests\AutomationTests\Tests\ExtentHelper.cs:line 73
   at AutomationTests.nsanet.com.AroEntryTest.TearDown() in C:\Users\jcrocker\New folder (3)\JPAutomation\AutomationTests\AutomationTests\Tests\NSA Net\AroEntryTest.cs:line 197]]></stack-trace>
                </failure>
              </test-case>
              <test-case id="0-1046" name="AROEntry_NSANet_Generic(&quot;LU&quot;,&quot;30 Rue Joseph Junck&quot;,&quot;1839&quot;,&quot;Luxembourg&quot;,&quot;N/A&quot;,&quot;N/A&quot;,&quot;352 49 24 96&quot;,&quot;352 49 24 96&quot;,&quot;N/A&quot;,&quot;490105036&quot;,&quot;Visa&quot;,&quot;4242424242424242&quot;,&quot;01&quot;,&quot;25&quot;)" fullname="AutomationTests.nsanet.com.AroEntryTest.AROEntry_NSANet_Generic(&quot;LU&quot;,&quot;30 Rue Joseph Junck&quot;,&quot;1839&quot;,&quot;Luxembourg&quot;,&quot;N/A&quot;,&quot;N/A&quot;,&quot;352 49 24 96&quot;,&quot;352 49 24 96&quot;,&quot;N/A&quot;,&quot;490105036&quot;,&quot;Visa&quot;,&quot;4242424242424242&quot;,&quot;01&quot;,&quot;25&quot;)" methodname="AROEntry_NSANet_Generic" classname="AutomationTests.nsanet.com.AroEntryTest" runstate="Runnable" seed="1897064685" result="Failed" label="Error" start-time="2020-09-30 21:48:01Z" end-time="2020-09-30 21:48:06Z" duration="5.150165" asserts="0">
                <failure>
                  <message><![CDATA[System.InvalidOperationException : session not created: This version of ChromeDriver only supports Chrome version 83 (SessionNotCreated)
TearDown : System.NullReferenceException : Object reference not set to an instance of an object.]]></message>
                  <stack-trace><![CDATA[   at OpenQA.Selenium.Remote.RemoteWebDriver.UnpackAndThrowOnError(Response errorResponse)
   at OpenQA.Selenium.Remote.RemoteWebDriver.Execute(String driverCommandToExecute, Dictionary`2 parameters)
   at OpenQA.Selenium.Remote.RemoteWebDriver.StartSession(ICapabilities desiredCapabilities)
   at OpenQA.Selenium.Remote.RemoteWebDriver..ctor(ICommandExecutor commandExecutor, ICapabilities desiredCapabilities)
   at OpenQA.Selenium.Chrome.ChromeDriver..ctor(ChromeDriverService service, ChromeOptions options, TimeSpan commandTimeout)
   at OpenQA.Selenium.Chrome.ChromeDriver..ctor(ChromeOptions options)
   at AutomationTests.ConfigElements.Driver..ctor(BrowserType browserType) in C:\Users\jcrocker\New folder (3)\JPAutomation\AutomationTests\AutomationTests\Config\Driver.cs:line 77
   at AutomationTests.nsanet.com.AroEntryTest.Setup() in C:\Users\jcrocker\New folder (3)\JPAutomation\AutomationTests\AutomationTests\Tests\NSA Net\AroEntryTest.cs:line 45
--TearDown
   at AutomationTests.ExtentHelper.LogTest(TestContext testContext, Driver driver) in C:\Users\jcrocker\New folder (3)\JPAutomation\AutomationTests\AutomationTests\Tests\ExtentHelper.cs:line 73
   at AutomationTests.nsanet.com.AroEntryTest.TearDown() in C:\Users\jcrocker\New folder (3)\JPAutomation\AutomationTests\AutomationTests\Tests\NSA Net\AroEntryTest.cs:line 197]]></stack-trace>
                </failure>
              </test-case>
              <test-case id="0-1055" name="AROEntry_NSANet_Generic(&quot;USA&quot;,&quot;140 Crescent Dr.&quot;,&quot;38017&quot;,&quot;Collierville&quot;,&quot;Tennessee&quot;,&quot;N/A&quot;,&quot;9018502938&quot;,&quot;9018502938&quot;,&quot;N/A&quot;,&quot;2000&quot;,&quot;Visa&quot;,&quot;4242424242424242&quot;,&quot;01&quot;,&quot;25&quot;)" fullname="AutomationTests.nsanet.com.AroEntryTest.AROEntry_NSANet_Generic(&quot;USA&quot;,&quot;140 Crescent Dr.&quot;,&quot;38017&quot;,&quot;Collierville&quot;,&quot;Tennessee&quot;,&quot;N/A&quot;,&quot;9018502938&quot;,&quot;9018502938&quot;,&quot;N/A&quot;,&quot;2000&quot;,&quot;Visa&quot;,&quot;4242424242424242&quot;,&quot;01&quot;,&quot;25&quot;)" methodname="AROEntry_NSANet_Generic" classname="AutomationTests.nsanet.com.AroEntryTest" runstate="Runnable" seed="286386791" result="Failed" label="Error" start-time="2020-09-30 21:48:04Z" end-time="2020-09-30 21:48:08Z" duration="4.415320" asserts="0">
                <failure>
                  <message><![CDATA[System.InvalidOperationException : session not created: This version of ChromeDriver only supports Chrome version 83 (SessionNotCreated)
TearDown : System.NullReferenceException : Object reference not set to an instance of an object.]]></message>
                  <stack-trace><![CDATA[   at OpenQA.Selenium.Remote.RemoteWebDriver.UnpackAndThrowOnError(Response errorResponse)
   at OpenQA.Selenium.Remote.RemoteWebDriver.Execute(String driverCommandToExecute, Dictionary`2 parameters)
   at OpenQA.Selenium.Remote.RemoteWebDriver.StartSession(ICapabilities desiredCapabilities)
   at OpenQA.Selenium.Remote.RemoteWebDriver..ctor(ICommandExecutor commandExecutor, ICapabilities desiredCapabilities)
   at OpenQA.Selenium.Chrome.ChromeDriver..ctor(ChromeDriverService service, ChromeOptions options, TimeSpan commandTimeout)
   at OpenQA.Selenium.Chrome.ChromeDriver..ctor(ChromeOptions options)
   at AutomationTests.ConfigElements.Driver..ctor(BrowserType browserType) in C:\Users\jcrocker\New folder (3)\JPAutomation\AutomationTests\AutomationTests\Config\Driver.cs:line 77
   at AutomationTests.nsanet.com.AroEntryTest.Setup() in C:\Users\jcrocker\New folder (3)\JPAutomation\AutomationTests\AutomationTests\Tests\NSA Net\AroEntryTest.cs:line 45
--TearDown
   at AutomationTests.ExtentHelper.LogTest(TestContext testContext, Driver driver) in C:\Users\jcrocker\New folder (3)\JPAutomation\AutomationTests\AutomationTests\Tests\ExtentHelper.cs:line 73
   at AutomationTests.nsanet.com.AroEntryTest.TearDown() in C:\Users\jcrocker\New folder (3)\JPAutomation\AutomationTests\AutomationTests\Tests\NSA Net\AroEntryTest.cs:line 197]]></stack-trace>
                </failure>
              </test-case>
            </test-suite>
          </test-suite>
          <test-suite type="TestFixture" id="0-1061" name="AroMaintenanceTest" fullname="AutomationTests.nsanet.com.AroMaintenanceTest" classname="AutomationTests.nsanet.com.AroMaintenanceTest" runstate="Runnable" testcasecount="22" result="Failed" site="Child" start-time="2020-09-30 21:47:54Z" end-time="2020-09-30 21:48:11Z" duration="17.445480" total="22" passed="0" failed="22" warnings="0" inconclusive="0" skipped="0" asserts="0">
            <properties>
              <property name="ParallelScope" value="All" />
            </properties>
            <failure>
              <message><![CDATA[One or more child tests had errors]]></message>
            </failure>
            <test-case id="0-1084" name="CancelAROs_US" fullname="AutomationTests.nsanet.com.AroMaintenanceTest.CancelAROs_US" methodname="CancelAROs_US" classname="AutomationTests.nsanet.com.AroMaintenanceTest" runstate="Runnable" seed="1365377113" result="Failed" label="Error" start-time="2020-09-30 21:48:08Z" end-time="2020-09-30 21:48:11Z" duration="2.952425" asserts="0">
              <properties>
                <property name="Description" value="Cancel All AROs" />
                <property name="Category" value="AROMaintenance" />
                <property name="Category" value="AROMaintenance" />
                <property name="Repeat" value="1" />
              </properties>
              <failure>
                <message><![CDATA[System.InvalidOperationException : session not created: This version of ChromeDriver only supports Chrome version 83 (SessionNotCreated)
TearDown : System.NullReferenceException : Object reference not set to an instance of an object.]]></message>
                <stack-trace><![CDATA[   at OpenQA.Selenium.Remote.RemoteWebDriver.UnpackAndThrowOnError(Response errorResponse)
   at OpenQA.Selenium.Remote.RemoteWebDriver.Execute(String driverCommandToExecute, Dictionary`2 parameters)
   at OpenQA.Selenium.Remote.RemoteWebDriver.StartSession(ICapabilities desiredCapabilities)
   at OpenQA.Selenium.Remote.RemoteWebDriver..ctor(ICommandExecutor commandExecutor, ICapabilities desiredCapabilities)
   at OpenQA.Selenium.Chrome.ChromeDriver..ctor(ChromeDriverService service, ChromeOptions options, TimeSpan commandTimeout)
   at OpenQA.Selenium.Chrome.ChromeDriver..ctor(ChromeOptions options)
   at AutomationTests.ConfigElements.Driver..ctor(BrowserType browserType) in C:\Users\jcrocker\New folder (3)\JPAutomation\AutomationTests\AutomationTests\Config\Driver.cs:line 77
   at AutomationTests.nsanet.com.AroMaintenanceTest.Setup() in C:\Users\jcrocker\New folder (3)\JPAutomation\AutomationTests\AutomationTests\Tests\NSA Net\AroMaintenanceTest.cs:line 44
--TearDown
   at AutomationTests.ExtentHelper.LogTest(TestContext testContext, Driver driver) in C:\Users\jcrocker\New folder (3)\JPAutomation\AutomationTests\AutomationTests\Tests\ExtentHelper.cs:line 73
   at AutomationTests.nsanet.com.AroMaintenanceTest.TearDown() in C:\Users\jcrocker\New folder (3)\JPAutomation\AutomationTests\AutomationTests\Tests\NSA Net\AroMaintenanceTest.cs:line 219]]></stack-trace>
              </failure>
            </test-case>
            <test-case id="0-1082" name="AROMaintenance_NSANet_CA" fullname="AutomationTests.nsanet.com.AroMaintenanceTest.AROMaintenance_NSANet_CA" methodname="AROMaintenance_NSANet_CA" classname="AutomationTests.nsanet.com.AroMaintenanceTest" runstate="Runnable" seed="683443942" result="Failed" label="Error" start-time="2020-09-30 21:48:08Z" end-time="2020-09-30 21:48:11Z" duration="2.989011" asserts="0">
              <properties>
                <property name="Description" value="Create and Edit CA ARO on NSA Net Aro Maintenance" />
                <property name="Category" value="LegacyRegression" />
                <property name="Category" value="AROMaintenance" />
                <property name="Repeat" value="1" />
              </properties>
              <failure>
                <message><![CDATA[System.InvalidOperationException : session not created: This version of ChromeDriver only supports Chrome version 83 (SessionNotCreated)
TearDown : System.NullReferenceException : Object reference not set to an instance of an object.]]></message>
                <stack-trace><![CDATA[   at OpenQA.Selenium.Remote.RemoteWebDriver.UnpackAndThrowOnError(Response errorResponse)
   at OpenQA.Selenium.Remote.RemoteWebDriver.Execute(String driverCommandToExecute, Dictionary`2 parameters)
   at OpenQA.Selenium.Remote.RemoteWebDriver.StartSession(ICapabilities desiredCapabilities)
   at OpenQA.Selenium.Remote.RemoteWebDriver..ctor(ICommandExecutor commandExecutor, ICapabilities desiredCapabilities)
   at OpenQA.Selenium.Chrome.ChromeDriver..ctor(ChromeDriverService service, ChromeOptions options, TimeSpan commandTimeout)
   at OpenQA.Selenium.Chrome.ChromeDriver..ctor(ChromeOptions options)
   at AutomationTests.ConfigElements.Driver..ctor(BrowserType browserType) in C:\Users\jcrocker\New folder (3)\JPAutomation\AutomationTests\AutomationTests\Config\Driver.cs:line 77
   at AutomationTests.nsanet.com.AroMaintenanceTest.Setup() in C:\Users\jcrocker\New folder (3)\JPAutomation\AutomationTests\AutomationTests\Tests\NSA Net\AroMaintenanceTest.cs:line 44
--TearDown
   at AutomationTests.ExtentHelper.LogTest(TestContext testContext, Driver driver) in C:\Users\jcrocker\New folder (3)\JPAutomation\AutomationTests\AutomationTests\Tests\ExtentHelper.cs:line 73
   at AutomationTests.nsanet.com.AroMaintenanceTest.TearDown() in C:\Users\jcrocker\New folder (3)\JPAutomation\AutomationTests\AutomationTests\Tests\NSA Net\AroMaintenanceTest.cs:line 219]]></stack-trace>
              </failure>
            </test-case>
            <test-suite type="ParameterizedMethod" id="0-1081" name="AROMaintenance_NSANet" fullname="AutomationTests.nsanet.com.AroMaintenanceTest.AROMaintenance_NSANet" classname="AutomationTests.nsanet.com.AroMaintenanceTest" runstate="Runnable" testcasecount="19" result="Failed" site="Child" start-time="2020-09-30 21:47:54Z" end-time="2020-09-30 21:48:11Z" duration="17.286546" total="19" passed="0" failed="19" warnings="0" inconclusive="0" skipped="0" asserts="0">
              <properties>
                <property name="Description" value="Create and Edit US ARO on NSA Net Aro Maintenance" />
                <property name="Category" value="LegacyRegression" />
                <property name="Category" value="AROMaintenance" />
                <property name="Repeat" value="1" />
              </properties>
              <failure>
                <message><![CDATA[One or more child tests had errors]]></message>
              </failure>
              <test-case id="0-1062" name="AROMaintenance_NSANet(&quot;AU&quot;,&quot;TESTING&quot;,&quot;145 CRESCENT DR.&quot;,&quot;901-859-3015&quot;,&quot;901-850-3021&quot;,&quot;MasterCard&quot;,&quot;5454545454545454&quot;,&quot;N/A&quot;,&quot;2 - Installments&quot;,&quot;2&quot;,&quot;Cancel - Return Product&quot;,&quot;DB - Double Billed&quot;)" fullname="AutomationTests.nsanet.com.AroMaintenanceTest.AROMaintenance_NSANet(&quot;AU&quot;,&quot;TESTING&quot;,&quot;145 CRESCENT DR.&quot;,&quot;901-859-3015&quot;,&quot;901-850-3021&quot;,&quot;MasterCard&quot;,&quot;5454545454545454&quot;,&quot;N/A&quot;,&quot;2 - Installments&quot;,&quot;2&quot;,&quot;Cancel - Return Product&quot;,&quot;DB - Double Billed&quot;)" methodname="AROMaintenance_NSANet" classname="AutomationTests.nsanet.com.AroMaintenanceTest" runstate="Runnable" seed="1686225273" result="Failed" label="Error" start-time="2020-09-30 21:48:04Z" end-time="2020-09-30 21:48:07Z" duration="3.316373" asserts="0">
                <failure>
                  <message><![CDATA[System.InvalidOperationException : session not created: This version of ChromeDriver only supports Chrome version 83 (SessionNotCreated)
TearDown : System.NullReferenceException : Object reference not set to an instance of an object.]]></message>
                  <stack-trace><![CDATA[   at OpenQA.Selenium.Remote.RemoteWebDriver.UnpackAndThrowOnError(Response errorResponse)
   at OpenQA.Selenium.Remote.RemoteWebDriver.Execute(String driverCommandToExecute, Dictionary`2 parameters)
   at OpenQA.Selenium.Remote.RemoteWebDriver.StartSession(ICapabilities desiredCapabilities)
   at OpenQA.Selenium.Remote.RemoteWebDriver..ctor(ICommandExecutor commandExecutor, ICapabilities desiredCapabilities)
   at OpenQA.Selenium.Chrome.ChromeDriver..ctor(ChromeDriverService service, ChromeOptions options, TimeSpan commandTimeout)
   at OpenQA.Selenium.Chrome.ChromeDriver..ctor(ChromeOptions options)
   at AutomationTests.ConfigElements.Driver..ctor(BrowserType browserType) in C:\Users\jcrocker\New folder (3)\JPAutomation\AutomationTests\AutomationTests\Config\Driver.cs:line 77
   at AutomationTests.nsanet.com.AroMaintenanceTest.Setup() in C:\Users\jcrocker\New folder (3)\JPAutomation\AutomationTests\AutomationTests\Tests\NSA Net\AroMaintenanceTest.cs:line 44
--TearDown
   at AutomationTests.ExtentHelper.LogTest(TestContext testContext, Driver driver) in C:\Users\jcrocker\New folder (3)\JPAutomation\AutomationTests\AutomationTests\Tests\ExtentHelper.cs:line 73
   at AutomationTests.nsanet.com.AroMaintenanceTest.TearDown() in C:\Users\jcrocker\New folder (3)\JPAutomation\AutomationTests\AutomationTests\Tests\NSA Net\AroMaintenanceTest.cs:line 219]]></stack-trace>
                </failure>
              </test-case>
              <test-case id="0-1064" name="AROMaintenance_NSANet(&quot;CAN&quot;,&quot;TESTING&quot;,&quot;145 CRESCENT DR.&quot;,&quot;901-859-3015&quot;,&quot;901-850-3021&quot;,&quot;Check&quot;,&quot;5454545454545454&quot;,&quot;123&quot;,&quot;2- Installments&quot;,&quot;2&quot;,&quot;Cancel - Return Product&quot;,&quot;DB - Double Billed&quot;)" fullname="AutomationTests.nsanet.com.AroMaintenanceTest.AROMaintenance_NSANet(&quot;CAN&quot;,&quot;TESTING&quot;,&quot;145 CRESCENT DR.&quot;,&quot;901-859-3015&quot;,&quot;901-850-3021&quot;,&quot;Check&quot;,&quot;5454545454545454&quot;,&quot;123&quot;,&quot;2- Installments&quot;,&quot;2&quot;,&quot;Cancel - Return Product&quot;,&quot;DB - Double Billed&quot;)" methodname="AROMaintenance_NSANet" classname="AutomationTests.nsanet.com.AroMaintenanceTest" runstate="Runnable" seed="530840022" result="Failed" label="Error" start-time="2020-09-30 21:48:05Z" end-time="2020-09-30 21:48:07Z" duration="2.646153" asserts="0">
                <failure>
                  <message><![CDATA[System.InvalidOperationException : session not created: This version of ChromeDriver only supports Chrome version 83 (SessionNotCreated)
TearDown : System.NullReferenceException : Object reference not set to an instance of an object.]]></message>
                  <stack-trace><![CDATA[   at OpenQA.Selenium.Remote.RemoteWebDriver.UnpackAndThrowOnError(Response errorResponse)
   at OpenQA.Selenium.Remote.RemoteWebDriver.Execute(String driverCommandToExecute, Dictionary`2 parameters)
   at OpenQA.Selenium.Remote.RemoteWebDriver.StartSession(ICapabilities desiredCapabilities)
   at OpenQA.Selenium.Remote.RemoteWebDriver..ctor(ICommandExecutor commandExecutor, ICapabilities desiredCapabilities)
   at OpenQA.Selenium.Chrome.ChromeDriver..ctor(ChromeDriverService service, ChromeOptions options, TimeSpan commandTimeout)
   at OpenQA.Selenium.Chrome.ChromeDriver..ctor(ChromeOptions options)
   at AutomationTests.ConfigElements.Driver..ctor(BrowserType browserType) in C:\Users\jcrocker\New folder (3)\JPAutomation\AutomationTests\AutomationTests\Config\Driver.cs:line 77
   at AutomationTests.nsanet.com.AroMaintenanceTest.Setup() in C:\Users\jcrocker\New folder (3)\JPAutomation\AutomationTests\AutomationTests\Tests\NSA Net\AroMaintenanceTest.cs:line 44
--TearDown
   at AutomationTests.ExtentHelper.LogTest(TestContext testContext, Driver driver) in C:\Users\jcrocker\New folder (3)\JPAutomation\AutomationTests\AutomationTests\Tests\ExtentHelper.cs:line 73
   at AutomationTests.nsanet.com.AroMaintenanceTest.TearDown() in C:\Users\jcrocker\New folder (3)\JPAutomation\AutomationTests\AutomationTests\Tests\NSA Net\AroMaintenanceTest.cs:line 219]]></stack-trace>
                </failure>
              </test-case>
              <test-case id="0-1065" name="AROMaintenance_NSANet(&quot;DK&quot;,&quot;TESTING&quot;,&quot;145 CRESCENT DR.&quot;,&quot;901-859-3015&quot;,&quot;901-850-3021&quot;,&quot;MasterCard&quot;,&quot;5454545454545454&quot;,&quot;N/A&quot;,&quot;N- Full Payment&quot;,&quot;2&quot;,&quot;Cancel - Return Product&quot;,&quot;DB - Double Billed&quot;)" fullname="AutomationTests.nsanet.com.AroMaintenanceTest.AROMaintenance_NSANet(&quot;DK&quot;,&quot;TESTING&quot;,&quot;145 CRESCENT DR.&quot;,&quot;901-859-3015&quot;,&quot;901-850-3021&quot;,&quot;MasterCard&quot;,&quot;5454545454545454&quot;,&quot;N/A&quot;,&quot;N- Full Payment&quot;,&quot;2&quot;,&quot;Cancel - Return Product&quot;,&quot;DB - Double Billed&quot;)" methodname="AROMaintenance_NSANet" classname="AutomationTests.nsanet.com.AroMaintenanceTest" runstate="Runnable" seed="27970592" result="Failed" label="Error" start-time="2020-09-30 21:48:05Z" end-time="2020-09-30 21:48:08Z" duration="3.297302" asserts="0">
                <failure>
                  <message><![CDATA[System.InvalidOperationException : session not created: This version of ChromeDriver only supports Chrome version 83 (SessionNotCreated)
TearDown : System.NullReferenceException : Object reference not set to an instance of an object.]]></message>
                  <stack-trace><![CDATA[   at OpenQA.Selenium.Remote.RemoteWebDriver.UnpackAndThrowOnError(Response errorResponse)
   at OpenQA.Selenium.Remote.RemoteWebDriver.Execute(String driverCommandToExecute, Dictionary`2 parameters)
   at OpenQA.Selenium.Remote.RemoteWebDriver.StartSession(ICapabilities desiredCapabilities)
   at OpenQA.Selenium.Remote.RemoteWebDriver..ctor(ICommandExecutor commandExecutor, ICapabilities desiredCapabilities)
   at OpenQA.Selenium.Chrome.ChromeDriver..ctor(ChromeDriverService service, ChromeOptions options, TimeSpan commandTimeout)
   at OpenQA.Selenium.Chrome.ChromeDriver..ctor(ChromeOptions options)
   at AutomationTests.ConfigElements.Driver..ctor(BrowserType browserType) in C:\Users\jcrocker\New folder (3)\JPAutomation\AutomationTests\AutomationTests\Config\Driver.cs:line 77
   at AutomationTests.nsanet.com.AroMaintenanceTest.Setup() in C:\Users\jcrocker\New folder (3)\JPAutomation\AutomationTests\AutomationTests\Tests\NSA Net\AroMaintenanceTest.cs:line 44
--TearDown
   at AutomationTests.ExtentHelper.LogTest(TestContext testContext, Driver driver) in C:\Users\jcrocker\New folder (3)\JPAutomation\AutomationTests\AutomationTests\Tests\ExtentHelper.cs:line 73
   at AutomationTests.nsanet.com.AroMaintenanceTest.TearDown() in C:\Users\jcrocker\New folder (3)\JPAutomation\AutomationTests\AutomationTests\Tests\NSA Net\AroMaintenanceTest.cs:line 219]]></stack-trace>
                </failure>
              </test-case>
              <test-case id="0-1066" name="AROMaintenance_NSANet(&quot;FI&quot;,&quot;TESTING&quot;,&quot;145 CRESCENT DR.&quot;,&quot;901-859-3015&quot;,&quot;901-850-3021&quot;,&quot;MasterCard&quot;,&quot;5454545454545454&quot;,&quot;N/A&quot;,&quot;N- Full Payment&quot;,&quot;2&quot;,&quot;Cancel - Return Product&quot;,&quot;DB - Double Billed&quot;)" fullname="AutomationTests.nsanet.com.AroMaintenanceTest.AROMaintenance_NSANet(&quot;FI&quot;,&quot;TESTING&quot;,&quot;145 CRESCENT DR.&quot;,&quot;901-859-3015&quot;,&quot;901-850-3021&quot;,&quot;MasterCard&quot;,&quot;5454545454545454&quot;,&quot;N/A&quot;,&quot;N- Full Payment&quot;,&quot;2&quot;,&quot;Cancel - Return Product&quot;,&quot;DB - Double Billed&quot;)" methodname="AROMaintenance_NSANet" classname="AutomationTests.nsanet.com.AroMaintenanceTest" runstate="Runnable" seed="522895872" result="Failed" label="Error" start-time="2020-09-30 21:48:05Z" end-time="2020-09-30 21:48:08Z" duration="3.470388" asserts="0">
                <failure>
                  <message><![CDATA[System.InvalidOperationException : session not created: This version of ChromeDriver only supports Chrome version 83 (SessionNotCreated)
TearDown : System.NullReferenceException : Object reference not set to an instance of an object.]]></message>
                  <stack-trace><![CDATA[   at OpenQA.Selenium.Remote.RemoteWebDriver.UnpackAndThrowOnError(Response errorResponse)
   at OpenQA.Selenium.Remote.RemoteWebDriver.Execute(String driverCommandToExecute, Dictionary`2 parameters)
   at OpenQA.Selenium.Remote.RemoteWebDriver.StartSession(ICapabilities desiredCapabilities)
   at OpenQA.Selenium.Remote.RemoteWebDriver..ctor(ICommandExecutor commandExecutor, ICapabilities desiredCapabilities)
   at OpenQA.Selenium.Chrome.ChromeDriver..ctor(ChromeDriverService service, ChromeOptions options, TimeSpan commandTimeout)
   at OpenQA.Selenium.Chrome.ChromeDriver..ctor(ChromeOptions options)
   at AutomationTests.ConfigElements.Driver..ctor(BrowserType browserType) in C:\Users\jcrocker\New folder (3)\JPAutomation\AutomationTests\AutomationTests\Config\Driver.cs:line 77
   at AutomationTests.nsanet.com.AroMaintenanceTest.Setup() in C:\Users\jcrocker\New folder (3)\JPAutomation\AutomationTests\AutomationTests\Tests\NSA Net\AroMaintenanceTest.cs:line 44
--TearDown
   at AutomationTests.ExtentHelper.LogTest(TestContext testContext, Driver driver) in C:\Users\jcrocker\New folder (3)\JPAutomation\AutomationTests\AutomationTests\Tests\ExtentHelper.cs:line 73
   at AutomationTests.nsanet.com.AroMaintenanceTest.TearDown() in C:\Users\jcrocker\New folder (3)\JPAutomation\AutomationTests\AutomationTests\Tests\NSA Net\AroMaintenanceTest.cs:line 219]]></stack-trace>
                </failure>
              </test-case>
              <test-case id="0-1063" name="AROMaintenance_NSANet(&quot;BEL&quot;,&quot;TESTING&quot;,&quot;145 CRESCENT DR.&quot;,&quot;901-859-3015&quot;,&quot;901-850-3021&quot;,&quot;MasterCard&quot;,&quot;5454545454545454&quot;,&quot;N/A&quot;,&quot;N- Full Payment&quot;,&quot;2&quot;,&quot;Cancel - Return Product&quot;,&quot;DB - Double Billed&quot;)" fullname="AutomationTests.nsanet.com.AroMaintenanceTest.AROMaintenance_NSANet(&quot;BEL&quot;,&quot;TESTING&quot;,&quot;145 CRESCENT DR.&quot;,&quot;901-859-3015&quot;,&quot;901-850-3021&quot;,&quot;MasterCard&quot;,&quot;5454545454545454&quot;,&quot;N/A&quot;,&quot;N- Full Payment&quot;,&quot;2&quot;,&quot;Cancel - Return Product&quot;,&quot;DB - Double Billed&quot;)" methodname="AROMaintenance_NSANet" classname="AutomationTests.nsanet.com.AroMaintenanceTest" runstate="Runnable" seed="1420061904" result="Failed" label="Error" start-time="2020-09-30 21:48:05Z" end-time="2020-09-30 21:48:08Z" duration="3.566114" asserts="0">
                <failure>
                  <message><![CDATA[System.InvalidOperationException : session not created: This version of ChromeDriver only supports Chrome version 83 (SessionNotCreated)
TearDown : System.NullReferenceException : Object reference not set to an instance of an object.]]></message>
                  <stack-trace><![CDATA[   at OpenQA.Selenium.Remote.RemoteWebDriver.UnpackAndThrowOnError(Response errorResponse)
   at OpenQA.Selenium.Remote.RemoteWebDriver.Execute(String driverCommandToExecute, Dictionary`2 parameters)
   at OpenQA.Selenium.Remote.RemoteWebDriver.StartSession(ICapabilities desiredCapabilities)
   at OpenQA.Selenium.Remote.RemoteWebDriver..ctor(ICommandExecutor commandExecutor, ICapabilities desiredCapabilities)
   at OpenQA.Selenium.Chrome.ChromeDriver..ctor(ChromeDriverService service, ChromeOptions options, TimeSpan commandTimeout)
   at OpenQA.Selenium.Chrome.ChromeDriver..ctor(ChromeOptions options)
   at AutomationTests.ConfigElements.Driver..ctor(BrowserType browserType) in C:\Users\jcrocker\New folder (3)\JPAutomation\AutomationTests\AutomationTests\Config\Driver.cs:line 77
   at AutomationTests.nsanet.com.AroMaintenanceTest.Setup() in C:\Users\jcrocker\New folder (3)\JPAutomation\AutomationTests\AutomationTests\Tests\NSA Net\AroMaintenanceTest.cs:line 44
--TearDown
   at AutomationTests.ExtentHelper.LogTest(TestContext testContext, Driver driver) in C:\Users\jcrocker\New folder (3)\JPAutomation\AutomationTests\AutomationTests\Tests\ExtentHelper.cs:line 73
   at AutomationTests.nsanet.com.AroMaintenanceTest.TearDown() in C:\Users\jcrocker\New folder (3)\JPAutomation\AutomationTests\AutomationTests\Tests\NSA Net\AroMaintenanceTest.cs:line 219]]></stack-trace>
                </failure>
              </test-case>
              <test-case id="0-1070" name="AROMaintenance_NSANet(&quot;IT&quot;,&quot;TESTING&quot;,&quot;145 CRESCENT DR.&quot;,&quot;901-859-3015&quot;,&quot;901-850-3021&quot;,&quot;MasterCard&quot;,&quot;5454545454545454&quot;,&quot;N/A&quot;,&quot;N- Full Payment&quot;,&quot;2&quot;,&quot;Cancel - Return Product&quot;,&quot;DB - Double Billed&quot;)" fullname="AutomationTests.nsanet.com.AroMaintenanceTest.AROMaintenance_NSANet(&quot;IT&quot;,&quot;TESTING&quot;,&quot;145 CRESCENT DR.&quot;,&quot;901-859-3015&quot;,&quot;901-850-3021&quot;,&quot;MasterCard&quot;,&quot;5454545454545454&quot;,&quot;N/A&quot;,&quot;N- Full Payment&quot;,&quot;2&quot;,&quot;Cancel - Return Product&quot;,&quot;DB - Double Billed&quot;)" methodname="AROMaintenance_NSANet" classname="AutomationTests.nsanet.com.AroMaintenanceTest" runstate="Runnable" seed="525634420" result="Failed" label="Error" start-time="2020-09-30 21:48:06Z" end-time="2020-09-30 21:48:08Z" duration="2.619313" asserts="0">
                <failure>
                  <message><![CDATA[System.InvalidOperationException : session not created: This version of ChromeDriver only supports Chrome version 83 (SessionNotCreated)
TearDown : System.NullReferenceException : Object reference not set to an instance of an object.]]></message>
                  <stack-trace><![CDATA[   at OpenQA.Selenium.Remote.RemoteWebDriver.UnpackAndThrowOnError(Response errorResponse)
   at OpenQA.Selenium.Remote.RemoteWebDriver.Execute(String driverCommandToExecute, Dictionary`2 parameters)
   at OpenQA.Selenium.Remote.RemoteWebDriver.StartSession(ICapabilities desiredCapabilities)
   at OpenQA.Selenium.Remote.RemoteWebDriver..ctor(ICommandExecutor commandExecutor, ICapabilities desiredCapabilities)
   at OpenQA.Selenium.Chrome.ChromeDriver..ctor(ChromeDriverService service, ChromeOptions options, TimeSpan commandTimeout)
   at OpenQA.Selenium.Chrome.ChromeDriver..ctor(ChromeOptions options)
   at AutomationTests.ConfigElements.Driver..ctor(BrowserType browserType) in C:\Users\jcrocker\New folder (3)\JPAutomation\AutomationTests\AutomationTests\Config\Driver.cs:line 77
   at AutomationTests.nsanet.com.AroMaintenanceTest.Setup() in C:\Users\jcrocker\New folder (3)\JPAutomation\AutomationTests\AutomationTests\Tests\NSA Net\AroMaintenanceTest.cs:line 44
--TearDown
   at AutomationTests.ExtentHelper.LogTest(TestContext testContext, Driver driver) in C:\Users\jcrocker\New folder (3)\JPAutomation\AutomationTests\AutomationTests\Tests\ExtentHelper.cs:line 73
   at AutomationTests.nsanet.com.AroMaintenanceTest.TearDown() in C:\Users\jcrocker\New folder (3)\JPAutomation\AutomationTests\AutomationTests\Tests\NSA Net\AroMaintenanceTest.cs:line 219]]></stack-trace>
                </failure>
              </test-case>
              <test-case id="0-1067" name="AROMaintenance_NSANet(&quot;FR&quot;,&quot;TESTING&quot;,&quot;145 CRESCENT DR.&quot;,&quot;901-859-3015&quot;,&quot;901-850-3021&quot;,&quot;MasterCard&quot;,&quot;5454545454545454&quot;,&quot;N/A&quot;,&quot;N- Full Payment&quot;,&quot;2&quot;,&quot;Cancel - Return Product&quot;,&quot;DB - Double Billed&quot;)" fullname="AutomationTests.nsanet.com.AroMaintenanceTest.AROMaintenance_NSANet(&quot;FR&quot;,&quot;TESTING&quot;,&quot;145 CRESCENT DR.&quot;,&quot;901-859-3015&quot;,&quot;901-850-3021&quot;,&quot;MasterCard&quot;,&quot;5454545454545454&quot;,&quot;N/A&quot;,&quot;N- Full Payment&quot;,&quot;2&quot;,&quot;Cancel - Return Product&quot;,&quot;DB - Double Billed&quot;)" methodname="AROMaintenance_NSANet" classname="AutomationTests.nsanet.com.AroMaintenanceTest" runstate="Runnable" seed="973926260" result="Failed" label="Error" start-time="2020-09-30 21:48:05Z" end-time="2020-09-30 21:48:08Z" duration="3.600555" asserts="0">
                <failure>
                  <message><![CDATA[System.InvalidOperationException : session not created: This version of ChromeDriver only supports Chrome version 83 (SessionNotCreated)
TearDown : System.NullReferenceException : Object reference not set to an instance of an object.]]></message>
                  <stack-trace><![CDATA[   at OpenQA.Selenium.Remote.RemoteWebDriver.UnpackAndThrowOnError(Response errorResponse)
   at OpenQA.Selenium.Remote.RemoteWebDriver.Execute(String driverCommandToExecute, Dictionary`2 parameters)
   at OpenQA.Selenium.Remote.RemoteWebDriver.StartSession(ICapabilities desiredCapabilities)
   at OpenQA.Selenium.Remote.RemoteWebDriver..ctor(ICommandExecutor commandExecutor, ICapabilities desiredCapabilities)
   at OpenQA.Selenium.Chrome.ChromeDriver..ctor(ChromeDriverService service, ChromeOptions options, TimeSpan commandTimeout)
   at OpenQA.Selenium.Chrome.ChromeDriver..ctor(ChromeOptions options)
   at AutomationTests.ConfigElements.Driver..ctor(BrowserType browserType) in C:\Users\jcrocker\New folder (3)\JPAutomation\AutomationTests\AutomationTests\Config\Driver.cs:line 77
   at AutomationTests.nsanet.com.AroMaintenanceTest.Setup() in C:\Users\jcrocker\New folder (3)\JPAutomation\AutomationTests\AutomationTests\Tests\NSA Net\AroMaintenanceTest.cs:line 44
--TearDown
   at AutomationTests.ExtentHelper.LogTest(TestContext testContext, Driver driver) in C:\Users\jcrocker\New folder (3)\JPAutomation\AutomationTests\AutomationTests\Tests\ExtentHelper.cs:line 73
   at AutomationTests.nsanet.com.AroMaintenanceTest.TearDown() in C:\Users\jcrocker\New folder (3)\JPAutomation\AutomationTests\AutomationTests\Tests\NSA Net\AroMaintenanceTest.cs:line 219]]></stack-trace>
                </failure>
              </test-case>
              <test-case id="0-1071" name="AROMaintenance_NSANet(&quot;LU&quot;,&quot;TESTING&quot;,&quot;145 CRESCENT DR.&quot;,&quot;901-859-3015&quot;,&quot;901-850-3021&quot;,&quot;MasterCard&quot;,&quot;5454545454545454&quot;,&quot;N/A&quot;,&quot;N- Full Payment&quot;,&quot;2&quot;,&quot;Cancel - Return Product&quot;,&quot;DB - Double Billed&quot;)" fullname="AutomationTests.nsanet.com.AroMaintenanceTest.AROMaintenance_NSANet(&quot;LU&quot;,&quot;TESTING&quot;,&quot;145 CRESCENT DR.&quot;,&quot;901-859-3015&quot;,&quot;901-850-3021&quot;,&quot;MasterCard&quot;,&quot;5454545454545454&quot;,&quot;N/A&quot;,&quot;N- Full Payment&quot;,&quot;2&quot;,&quot;Cancel - Return Product&quot;,&quot;DB - Double Billed&quot;)" methodname="AROMaintenance_NSANet" classname="AutomationTests.nsanet.com.AroMaintenanceTest" runstate="Runnable" seed="493903360" result="Failed" label="Error" start-time="2020-09-30 21:48:06Z" end-time="2020-09-30 21:48:08Z" duration="2.693211" asserts="0">
                <failure>
                  <message><![CDATA[System.InvalidOperationException : session not created: This version of ChromeDriver only supports Chrome version 83 (SessionNotCreated)
TearDown : System.NullReferenceException : Object reference not set to an instance of an object.]]></message>
                  <stack-trace><![CDATA[   at OpenQA.Selenium.Remote.RemoteWebDriver.UnpackAndThrowOnError(Response errorResponse)
   at OpenQA.Selenium.Remote.RemoteWebDriver.Execute(String driverCommandToExecute, Dictionary`2 parameters)
   at OpenQA.Selenium.Remote.RemoteWebDriver.StartSession(ICapabilities desiredCapabilities)
   at OpenQA.Selenium.Remote.RemoteWebDriver..ctor(ICommandExecutor commandExecutor, ICapabilities desiredCapabilities)
   at OpenQA.Selenium.Chrome.ChromeDriver..ctor(ChromeDriverService service, ChromeOptions options, TimeSpan commandTimeout)
   at OpenQA.Selenium.Chrome.ChromeDriver..ctor(ChromeOptions options)
   at AutomationTests.ConfigElements.Driver..ctor(BrowserType browserType) in C:\Users\jcrocker\New folder (3)\JPAutomation\AutomationTests\AutomationTests\Config\Driver.cs:line 77
   at AutomationTests.nsanet.com.AroMaintenanceTest.Setup() in C:\Users\jcrocker\New folder (3)\JPAutomation\AutomationTests\AutomationTests\Tests\NSA Net\AroMaintenanceTest.cs:line 44
--TearDown
   at AutomationTests.ExtentHelper.LogTest(TestContext testContext, Driver driver) in C:\Users\jcrocker\New folder (3)\JPAutomation\AutomationTests\AutomationTests\Tests\ExtentHelper.cs:line 73
   at AutomationTests.nsanet.com.AroMaintenanceTest.TearDown() in C:\Users\jcrocker\New folder (3)\JPAutomation\AutomationTests\AutomationTests\Tests\NSA Net\AroMaintenanceTest.cs:line 219]]></stack-trace>
                </failure>
              </test-case>
              <test-case id="0-1069" name="AROMaintenance_NSANet(&quot;EIR&quot;,&quot;TESTING&quot;,&quot;145 CRESCENT DR.&quot;,&quot;901-859-3015&quot;,&quot;901-850-3021&quot;,&quot;MasterCard&quot;,&quot;5454545454545454&quot;,&quot;N/A&quot;,&quot;N- Full Payment&quot;,&quot;2&quot;,&quot;Cancel - Return Product&quot;,&quot;DB - Double Billed&quot;)" fullname="AutomationTests.nsanet.com.AroMaintenanceTest.AROMaintenance_NSANet(&quot;EIR&quot;,&quot;TESTING&quot;,&quot;145 CRESCENT DR.&quot;,&quot;901-859-3015&quot;,&quot;901-850-3021&quot;,&quot;MasterCard&quot;,&quot;5454545454545454&quot;,&quot;N/A&quot;,&quot;N- Full Payment&quot;,&quot;2&quot;,&quot;Cancel - Return Product&quot;,&quot;DB - Double Billed&quot;)" methodname="AROMaintenance_NSANet" classname="AutomationTests.nsanet.com.AroMaintenanceTest" runstate="Runnable" seed="434918427" result="Failed" label="Error" start-time="2020-09-30 21:48:05Z" end-time="2020-09-30 21:48:08Z" duration="3.337263" asserts="0">
                <failure>
                  <message><![CDATA[System.InvalidOperationException : session not created: This version of ChromeDriver only supports Chrome version 83 (SessionNotCreated)
TearDown : System.NullReferenceException : Object reference not set to an instance of an object.]]></message>
                  <stack-trace><![CDATA[   at OpenQA.Selenium.Remote.RemoteWebDriver.UnpackAndThrowOnError(Response errorResponse)
   at OpenQA.Selenium.Remote.RemoteWebDriver.Execute(String driverCommandToExecute, Dictionary`2 parameters)
   at OpenQA.Selenium.Remote.RemoteWebDriver.StartSession(ICapabilities desiredCapabilities)
   at OpenQA.Selenium.Remote.RemoteWebDriver..ctor(ICommandExecutor commandExecutor, ICapabilities desiredCapabilities)
   at OpenQA.Selenium.Chrome.ChromeDriver..ctor(ChromeDriverService service, ChromeOptions options, TimeSpan commandTimeout)
   at OpenQA.Selenium.Chrome.ChromeDriver..ctor(ChromeOptions options)
   at AutomationTests.ConfigElements.Driver..ctor(BrowserType browserType) in C:\Users\jcrocker\New folder (3)\JPAutomation\AutomationTests\AutomationTests\Config\Driver.cs:line 77
   at AutomationTests.nsanet.com.AroMaintenanceTest.Setup() in C:\Users\jcrocker\New folder (3)\JPAutomation\AutomationTests\AutomationTests\Tests\NSA Net\AroMaintenanceTest.cs:line 44
--TearDown
   at AutomationTests.ExtentHelper.LogTest(TestContext testContext, Driver driver) in C:\Users\jcrocker\New folder (3)\JPAutomation\AutomationTests\AutomationTests\Tests\ExtentHelper.cs:line 73
   at AutomationTests.nsanet.com.AroMaintenanceTest.TearDown() in C:\Users\jcrocker\New folder (3)\JPAutomation\AutomationTests\AutomationTests\Tests\NSA Net\AroMaintenanceTest.cs:line 219]]></stack-trace>
                </failure>
              </test-case>
              <test-case id="0-1068" name="AROMaintenance_NSANet(&quot;GER&quot;,&quot;TESTING&quot;,&quot;145 CRESCENT DR.&quot;,&quot;901-859-3015&quot;,&quot;901-850-3021&quot;,&quot;MasterCard&quot;,&quot;5454545454545454&quot;,&quot;N/A&quot;,&quot;N- Full Payment&quot;,&quot;2&quot;,&quot;Cancel - Return Product&quot;,&quot;DB - Double Billed&quot;)" fullname="AutomationTests.nsanet.com.AroMaintenanceTest.AROMaintenance_NSANet(&quot;GER&quot;,&quot;TESTING&quot;,&quot;145 CRESCENT DR.&quot;,&quot;901-859-3015&quot;,&quot;901-850-3021&quot;,&quot;MasterCard&quot;,&quot;5454545454545454&quot;,&quot;N/A&quot;,&quot;N- Full Payment&quot;,&quot;2&quot;,&quot;Cancel - Return Product&quot;,&quot;DB - Double Billed&quot;)" methodname="AROMaintenance_NSANet" classname="AutomationTests.nsanet.com.AroMaintenanceTest" runstate="Runnable" seed="1463176057" result="Failed" label="Error" start-time="2020-09-30 21:48:05Z" end-time="2020-09-30 21:48:08Z" duration="3.348842" asserts="0">
                <failure>
                  <message><![CDATA[System.InvalidOperationException : session not created: This version of ChromeDriver only supports Chrome version 83 (SessionNotCreated)
TearDown : System.NullReferenceException : Object reference not set to an instance of an object.]]></message>
                  <stack-trace><![CDATA[   at OpenQA.Selenium.Remote.RemoteWebDriver.UnpackAndThrowOnError(Response errorResponse)
   at OpenQA.Selenium.Remote.RemoteWebDriver.Execute(String driverCommandToExecute, Dictionary`2 parameters)
   at OpenQA.Selenium.Remote.RemoteWebDriver.StartSession(ICapabilities desiredCapabilities)
   at OpenQA.Selenium.Remote.RemoteWebDriver..ctor(ICommandExecutor commandExecutor, ICapabilities desiredCapabilities)
   at OpenQA.Selenium.Chrome.ChromeDriver..ctor(ChromeDriverService service, ChromeOptions options, TimeSpan commandTimeout)
   at OpenQA.Selenium.Chrome.ChromeDriver..ctor(ChromeOptions options)
   at AutomationTests.ConfigElements.Driver..ctor(BrowserType browserType) in C:\Users\jcrocker\New folder (3)\JPAutomation\AutomationTests\AutomationTests\Config\Driver.cs:line 77
   at AutomationTests.nsanet.com.AroMaintenanceTest.Setup() in C:\Users\jcrocker\New folder (3)\JPAutomation\AutomationTests\AutomationTests\Tests\NSA Net\AroMaintenanceTest.cs:line 44
--TearDown
   at AutomationTests.ExtentHelper.LogTest(TestContext testContext, Driver driver) in C:\Users\jcrocker\New folder (3)\JPAutomation\AutomationTests\AutomationTests\Tests\ExtentHelper.cs:line 73
   at AutomationTests.nsanet.com.AroMaintenanceTest.TearDown() in C:\Users\jcrocker\New folder (3)\JPAutomation\AutomationTests\AutomationTests\Tests\NSA Net\AroMaintenanceTest.cs:line 219]]></stack-trace>
                </failure>
              </test-case>
              <test-case id="0-1072" name="AROMaintenance_NSANet(&quot;NL&quot;,&quot;TESTING&quot;,&quot;145 CRESCENT DR.&quot;,&quot;901-859-3015&quot;,&quot;901-850-3021&quot;,&quot;MasterCard&quot;,&quot;5454545454545454&quot;,&quot;N/A&quot;,&quot;N- Full Payment&quot;,&quot;2&quot;,&quot;Cancel - Return Product&quot;,&quot;DB - Double Billed&quot;)" fullname="AutomationTests.nsanet.com.AroMaintenanceTest.AROMaintenance_NSANet(&quot;NL&quot;,&quot;TESTING&quot;,&quot;145 CRESCENT DR.&quot;,&quot;901-859-3015&quot;,&quot;901-850-3021&quot;,&quot;MasterCard&quot;,&quot;5454545454545454&quot;,&quot;N/A&quot;,&quot;N- Full Payment&quot;,&quot;2&quot;,&quot;Cancel - Return Product&quot;,&quot;DB - Double Billed&quot;)" methodname="AROMaintenance_NSANet" classname="AutomationTests.nsanet.com.AroMaintenanceTest" runstate="Runnable" seed="405001800" result="Failed" label="Error" start-time="2020-09-30 21:48:06Z" end-time="2020-09-30 21:48:09Z" duration="2.771622" asserts="0">
                <failure>
                  <message><![CDATA[System.InvalidOperationException : session not created: This version of ChromeDriver only supports Chrome version 83 (SessionNotCreated)
TearDown : System.NullReferenceException : Object reference not set to an instance of an object.]]></message>
                  <stack-trace><![CDATA[   at OpenQA.Selenium.Remote.RemoteWebDriver.UnpackAndThrowOnError(Response errorResponse)
   at OpenQA.Selenium.Remote.RemoteWebDriver.Execute(String driverCommandToExecute, Dictionary`2 parameters)
   at OpenQA.Selenium.Remote.RemoteWebDriver.StartSession(ICapabilities desiredCapabilities)
   at OpenQA.Selenium.Remote.RemoteWebDriver..ctor(ICommandExecutor commandExecutor, ICapabilities desiredCapabilities)
   at OpenQA.Selenium.Chrome.ChromeDriver..ctor(ChromeDriverService service, ChromeOptions options, TimeSpan commandTimeout)
   at OpenQA.Selenium.Chrome.ChromeDriver..ctor(ChromeOptions options)
   at AutomationTests.ConfigElements.Driver..ctor(BrowserType browserType) in C:\Users\jcrocker\New folder (3)\JPAutomation\AutomationTests\AutomationTests\Config\Driver.cs:line 77
   at AutomationTests.nsanet.com.AroMaintenanceTest.Setup() in C:\Users\jcrocker\New folder (3)\JPAutomation\AutomationTests\AutomationTests\Tests\NSA Net\AroMaintenanceTest.cs:line 44
--TearDown
   at AutomationTests.ExtentHelper.LogTest(TestContext testContext, Driver driver) in C:\Users\jcrocker\New folder (3)\JPAutomation\AutomationTests\AutomationTests\Tests\ExtentHelper.cs:line 73
   at AutomationTests.nsanet.com.AroMaintenanceTest.TearDown() in C:\Users\jcrocker\New folder (3)\JPAutomation\AutomationTests\AutomationTests\Tests\NSA Net\AroMaintenanceTest.cs:line 219]]></stack-trace>
                </failure>
              </test-case>
              <test-case id="0-1074" name="AROMaintenance_NSANet(&quot;PL&quot;,&quot;TESTING&quot;,&quot;145 CRESCENT DR.&quot;,&quot;901859015&quot;,&quot;901850021&quot;,&quot;MC&quot;,&quot;5454545454545454&quot;,&quot;N/A&quot;,&quot;N- Full Payment&quot;,&quot;2&quot;,&quot;Cancel - Return Product&quot;,&quot;DB - Double Billed&quot;)" fullname="AutomationTests.nsanet.com.AroMaintenanceTest.AROMaintenance_NSANet(&quot;PL&quot;,&quot;TESTING&quot;,&quot;145 CRESCENT DR.&quot;,&quot;901859015&quot;,&quot;901850021&quot;,&quot;MC&quot;,&quot;5454545454545454&quot;,&quot;N/A&quot;,&quot;N- Full Payment&quot;,&quot;2&quot;,&quot;Cancel - Return Product&quot;,&quot;DB - Double Billed&quot;)" methodname="AROMaintenance_NSANet" classname="AutomationTests.nsanet.com.AroMaintenanceTest" runstate="Runnable" seed="266401331" result="Failed" label="Error" start-time="2020-09-30 21:48:07Z" end-time="2020-09-30 21:48:11Z" duration="3.283426" asserts="0">
                <failure>
                  <message><![CDATA[System.InvalidOperationException : session not created: This version of ChromeDriver only supports Chrome version 83 (SessionNotCreated)
TearDown : System.NullReferenceException : Object reference not set to an instance of an object.]]></message>
                  <stack-trace><![CDATA[   at OpenQA.Selenium.Remote.RemoteWebDriver.UnpackAndThrowOnError(Response errorResponse)
   at OpenQA.Selenium.Remote.RemoteWebDriver.Execute(String driverCommandToExecute, Dictionary`2 parameters)
   at OpenQA.Selenium.Remote.RemoteWebDriver.StartSession(ICapabilities desiredCapabilities)
   at OpenQA.Selenium.Remote.RemoteWebDriver..ctor(ICommandExecutor commandExecutor, ICapabilities desiredCapabilities)
   at OpenQA.Selenium.Chrome.ChromeDriver..ctor(ChromeDriverService service, ChromeOptions options, TimeSpan commandTimeout)
   at OpenQA.Selenium.Chrome.ChromeDriver..ctor(ChromeOptions options)
   at AutomationTests.ConfigElements.Driver..ctor(BrowserType browserType) in C:\Users\jcrocker\New folder (3)\JPAutomation\AutomationTests\AutomationTests\Config\Driver.cs:line 77
   at AutomationTests.nsanet.com.AroMaintenanceTest.Setup() in C:\Users\jcrocker\New folder (3)\JPAutomation\AutomationTests\AutomationTests\Tests\NSA Net\AroMaintenanceTest.cs:line 44
--TearDown
   at AutomationTests.ExtentHelper.LogTest(TestContext testContext, Driver driver) in C:\Users\jcrocker\New folder (3)\JPAutomation\AutomationTests\AutomationTests\Tests\ExtentHelper.cs:line 73
   at AutomationTests.nsanet.com.AroMaintenanceTest.TearDown() in C:\Users\jcrocker\New folder (3)\JPAutomation\AutomationTests\AutomationTests\Tests\NSA Net\AroMaintenanceTest.cs:line 219]]></stack-trace>
                </failure>
              </test-case>
              <test-case id="0-1076" name="AROMaintenance_NSANet(&quot;ES&quot;,&quot;TESTING&quot;,&quot;145 CRESCENT DR.&quot;,&quot;901-859-3015&quot;,&quot;901-850-3021&quot;,&quot;MasterCard&quot;,&quot;5454545454545454&quot;,&quot;N/A&quot;,&quot;N- Full Payment&quot;,&quot;2&quot;,&quot;Cancel - Return Product&quot;,&quot;DB - Double Billed&quot;)" fullname="AutomationTests.nsanet.com.AroMaintenanceTest.AROMaintenance_NSANet(&quot;ES&quot;,&quot;TESTING&quot;,&quot;145 CRESCENT DR.&quot;,&quot;901-859-3015&quot;,&quot;901-850-3021&quot;,&quot;MasterCard&quot;,&quot;5454545454545454&quot;,&quot;N/A&quot;,&quot;N- Full Payment&quot;,&quot;2&quot;,&quot;Cancel - Return Product&quot;,&quot;DB - Double Billed&quot;)" methodname="AROMaintenance_NSANet" classname="AutomationTests.nsanet.com.AroMaintenanceTest" runstate="Runnable" seed="571502231" result="Failed" label="Error" start-time="2020-09-30 21:48:08Z" end-time="2020-09-30 21:48:11Z" duration="2.466546" asserts="0">
                <failure>
                  <message><![CDATA[System.InvalidOperationException : session not created: This version of ChromeDriver only supports Chrome version 83 (SessionNotCreated)
TearDown : System.NullReferenceException : Object reference not set to an instance of an object.]]></message>
                  <stack-trace><![CDATA[   at OpenQA.Selenium.Remote.RemoteWebDriver.UnpackAndThrowOnError(Response errorResponse)
   at OpenQA.Selenium.Remote.RemoteWebDriver.Execute(String driverCommandToExecute, Dictionary`2 parameters)
   at OpenQA.Selenium.Remote.RemoteWebDriver.StartSession(ICapabilities desiredCapabilities)
   at OpenQA.Selenium.Remote.RemoteWebDriver..ctor(ICommandExecutor commandExecutor, ICapabilities desiredCapabilities)
   at OpenQA.Selenium.Chrome.ChromeDriver..ctor(ChromeDriverService service, ChromeOptions options, TimeSpan commandTimeout)
   at OpenQA.Selenium.Chrome.ChromeDriver..ctor(ChromeOptions options)
   at AutomationTests.ConfigElements.Driver..ctor(BrowserType browserType) in C:\Users\jcrocker\New folder (3)\JPAutomation\AutomationTests\AutomationTests\Config\Driver.cs:line 77
   at AutomationTests.nsanet.com.AroMaintenanceTest.Setup() in C:\Users\jcrocker\New folder (3)\JPAutomation\AutomationTests\AutomationTests\Tests\NSA Net\AroMaintenanceTest.cs:line 44
--TearDown
   at AutomationTests.ExtentHelper.LogTest(TestContext testContext, Driver driver) in C:\Users\jcrocker\New folder (3)\JPAutomation\AutomationTests\AutomationTests\Tests\ExtentHelper.cs:line 73
   at AutomationTests.nsanet.com.AroMaintenanceTest.TearDown() in C:\Users\jcrocker\New folder (3)\JPAutomation\AutomationTests\AutomationTests\Tests\NSA Net\AroMaintenanceTest.cs:line 219]]></stack-trace>
                </failure>
              </test-case>
              <test-case id="0-1073" name="AROMaintenance_NSANet(&quot;NO&quot;,&quot;TESTING&quot;,&quot;145 CRESCENT DR.&quot;,&quot;901-859-3015&quot;,&quot;901-850-3021&quot;,&quot;MasterCard&quot;,&quot;5454545454545454&quot;,&quot;N/A&quot;,&quot;N- Full Payment&quot;,&quot;2&quot;,&quot;Cancel - Return Product&quot;,&quot;DB - Double Billed&quot;)" fullname="AutomationTests.nsanet.com.AroMaintenanceTest.AROMaintenance_NSANet(&quot;NO&quot;,&quot;TESTING&quot;,&quot;145 CRESCENT DR.&quot;,&quot;901-859-3015&quot;,&quot;901-850-3021&quot;,&quot;MasterCard&quot;,&quot;5454545454545454&quot;,&quot;N/A&quot;,&quot;N- Full Payment&quot;,&quot;2&quot;,&quot;Cancel - Return Product&quot;,&quot;DB - Double Billed&quot;)" methodname="AROMaintenance_NSANet" classname="AutomationTests.nsanet.com.AroMaintenanceTest" runstate="Runnable" seed="549156538" result="Failed" label="Error" start-time="2020-09-30 21:48:07Z" end-time="2020-09-30 21:48:11Z" duration="3.658600" asserts="0">
                <failure>
                  <message><![CDATA[System.InvalidOperationException : session not created: This version of ChromeDriver only supports Chrome version 83 (SessionNotCreated)
TearDown : System.NullReferenceException : Object reference not set to an instance of an object.]]></message>
                  <stack-trace><![CDATA[   at OpenQA.Selenium.Remote.RemoteWebDriver.UnpackAndThrowOnError(Response errorResponse)
   at OpenQA.Selenium.Remote.RemoteWebDriver.Execute(String driverCommandToExecute, Dictionary`2 parameters)
   at OpenQA.Selenium.Remote.RemoteWebDriver.StartSession(ICapabilities desiredCapabilities)
   at OpenQA.Selenium.Remote.RemoteWebDriver..ctor(ICommandExecutor commandExecutor, ICapabilities desiredCapabilities)
   at OpenQA.Selenium.Chrome.ChromeDriver..ctor(ChromeDriverService service, ChromeOptions options, TimeSpan commandTimeout)
   at OpenQA.Selenium.Chrome.ChromeDriver..ctor(ChromeOptions options)
   at AutomationTests.ConfigElements.Driver..ctor(BrowserType browserType) in C:\Users\jcrocker\New folder (3)\JPAutomation\AutomationTests\AutomationTests\Config\Driver.cs:line 77
   at AutomationTests.nsanet.com.AroMaintenanceTest.Setup() in C:\Users\jcrocker\New folder (3)\JPAutomation\AutomationTests\AutomationTests\Tests\NSA Net\AroMaintenanceTest.cs:line 44
--TearDown
   at AutomationTests.ExtentHelper.LogTest(TestContext testContext, Driver driver) in C:\Users\jcrocker\New folder (3)\JPAutomation\AutomationTests\AutomationTests\Tests\ExtentHelper.cs:line 73
   at AutomationTests.nsanet.com.AroMaintenanceTest.TearDown() in C:\Users\jcrocker\New folder (3)\JPAutomation\AutomationTests\AutomationTests\Tests\NSA Net\AroMaintenanceTest.cs:line 219]]></stack-trace>
                </failure>
              </test-case>
              <test-case id="0-1077" name="AROMaintenance_NSANet(&quot;SUI&quot;,&quot;TESTING&quot;,&quot;145 CRESCENT DR.&quot;,&quot;901-859-3015&quot;,&quot;901-850-3021&quot;,&quot;MasterCard&quot;,&quot;5454545454545454&quot;,&quot;N/A&quot;,&quot;N- Full Payment&quot;,&quot;2&quot;,&quot;Cancel - Return Product&quot;,&quot;DB - Double Billed&quot;)" fullname="AutomationTests.nsanet.com.AroMaintenanceTest.AROMaintenance_NSANet(&quot;SUI&quot;,&quot;TESTING&quot;,&quot;145 CRESCENT DR.&quot;,&quot;901-859-3015&quot;,&quot;901-850-3021&quot;,&quot;MasterCard&quot;,&quot;5454545454545454&quot;,&quot;N/A&quot;,&quot;N- Full Payment&quot;,&quot;2&quot;,&quot;Cancel - Return Product&quot;,&quot;DB - Double Billed&quot;)" methodname="AROMaintenance_NSANet" classname="AutomationTests.nsanet.com.AroMaintenanceTest" runstate="Runnable" seed="1221041640" result="Failed" label="Error" start-time="2020-09-30 21:48:08Z" end-time="2020-09-30 21:48:11Z" duration="2.835513" asserts="0">
                <failure>
                  <message><![CDATA[System.InvalidOperationException : session not created: This version of ChromeDriver only supports Chrome version 83 (SessionNotCreated)
TearDown : System.NullReferenceException : Object reference not set to an instance of an object.]]></message>
                  <stack-trace><![CDATA[   at OpenQA.Selenium.Remote.RemoteWebDriver.UnpackAndThrowOnError(Response errorResponse)
   at OpenQA.Selenium.Remote.RemoteWebDriver.Execute(String driverCommandToExecute, Dictionary`2 parameters)
   at OpenQA.Selenium.Remote.RemoteWebDriver.StartSession(ICapabilities desiredCapabilities)
   at OpenQA.Selenium.Remote.RemoteWebDriver..ctor(ICommandExecutor commandExecutor, ICapabilities desiredCapabilities)
   at OpenQA.Selenium.Chrome.ChromeDriver..ctor(ChromeDriverService service, ChromeOptions options, TimeSpan commandTimeout)
   at OpenQA.Selenium.Chrome.ChromeDriver..ctor(ChromeOptions options)
   at AutomationTests.ConfigElements.Driver..ctor(BrowserType browserType) in C:\Users\jcrocker\New folder (3)\JPAutomation\AutomationTests\AutomationTests\Config\Driver.cs:line 77
   at AutomationTests.nsanet.com.AroMaintenanceTest.Setup() in C:\Users\jcrocker\New folder (3)\JPAutomation\AutomationTests\AutomationTests\Tests\NSA Net\AroMaintenanceTest.cs:line 44
--TearDown
   at AutomationTests.ExtentHelper.LogTest(TestContext testContext, Driver driver) in C:\Users\jcrocker\New folder (3)\JPAutomation\AutomationTests\AutomationTests\Tests\ExtentHelper.cs:line 73
   at AutomationTests.nsanet.com.AroMaintenanceTest.TearDown() in C:\Users\jcrocker\New folder (3)\JPAutomation\AutomationTests\AutomationTests\Tests\NSA Net\AroMaintenanceTest.cs:line 219]]></stack-trace>
                </failure>
              </test-case>
              <test-case id="0-1078" name="AROMaintenance_NSANet(&quot;SE&quot;,&quot;TESTING&quot;,&quot;145 CRESCENT DR.&quot;,&quot;901-859-3015&quot;,&quot;901-850-3021&quot;,&quot;MasterCard&quot;,&quot;5454545454545454&quot;,&quot;N/A&quot;,&quot;N- Full Payment&quot;,&quot;2&quot;,&quot;Cancel - Return Product&quot;,&quot;DB - Double Billed&quot;)" fullname="AutomationTests.nsanet.com.AroMaintenanceTest.AROMaintenance_NSANet(&quot;SE&quot;,&quot;TESTING&quot;,&quot;145 CRESCENT DR.&quot;,&quot;901-859-3015&quot;,&quot;901-850-3021&quot;,&quot;MasterCard&quot;,&quot;5454545454545454&quot;,&quot;N/A&quot;,&quot;N- Full Payment&quot;,&quot;2&quot;,&quot;Cancel - Return Product&quot;,&quot;DB - Double Billed&quot;)" methodname="AROMaintenance_NSANet" classname="AutomationTests.nsanet.com.AroMaintenanceTest" runstate="Runnable" seed="387223467" result="Failed" label="Error" start-time="2020-09-30 21:48:08Z" end-time="2020-09-30 21:48:11Z" duration="2.830504" asserts="0">
                <failure>
                  <message><![CDATA[System.InvalidOperationException : session not created: This version of ChromeDriver only supports Chrome version 83 (SessionNotCreated)
TearDown : System.NullReferenceException : Object reference not set to an instance of an object.]]></message>
                  <stack-trace><![CDATA[   at OpenQA.Selenium.Remote.RemoteWebDriver.UnpackAndThrowOnError(Response errorResponse)
   at OpenQA.Selenium.Remote.RemoteWebDriver.Execute(String driverCommandToExecute, Dictionary`2 parameters)
   at OpenQA.Selenium.Remote.RemoteWebDriver.StartSession(ICapabilities desiredCapabilities)
   at OpenQA.Selenium.Remote.RemoteWebDriver..ctor(ICommandExecutor commandExecutor, ICapabilities desiredCapabilities)
   at OpenQA.Selenium.Chrome.ChromeDriver..ctor(ChromeDriverService service, ChromeOptions options, TimeSpan commandTimeout)
   at OpenQA.Selenium.Chrome.ChromeDriver..ctor(ChromeOptions options)
   at AutomationTests.ConfigElements.Driver..ctor(BrowserType browserType) in C:\Users\jcrocker\New folder (3)\JPAutomation\AutomationTests\AutomationTests\Config\Driver.cs:line 77
   at AutomationTests.nsanet.com.AroMaintenanceTest.Setup() in C:\Users\jcrocker\New folder (3)\JPAutomation\AutomationTests\AutomationTests\Tests\NSA Net\AroMaintenanceTest.cs:line 44
--TearDown
   at AutomationTests.ExtentHelper.LogTest(TestContext testContext, Driver driver) in C:\Users\jcrocker\New folder (3)\JPAutomation\AutomationTests\AutomationTests\Tests\ExtentHelper.cs:line 73
   at AutomationTests.nsanet.com.AroMaintenanceTest.TearDown() in C:\Users\jcrocker\New folder (3)\JPAutomation\AutomationTests\AutomationTests\Tests\NSA Net\AroMaintenanceTest.cs:line 219]]></stack-trace>
                </failure>
              </test-case>
              <test-case id="0-1080" name="AROMaintenance_NSANet(&quot;USA&quot;,&quot;TESTING&quot;,&quot;145 CRESCENT DR.&quot;,&quot;901-859-3015&quot;,&quot;901-850-3021&quot;,&quot;MasterCard&quot;,&quot;5454545454545454&quot;,&quot;N/A&quot;,&quot;2- Installments&quot;,&quot;2&quot;,&quot;Cancel - Return Product&quot;,&quot;DB - Double Billed&quot;)" fullname="AutomationTests.nsanet.com.AroMaintenanceTest.AROMaintenance_NSANet(&quot;USA&quot;,&quot;TESTING&quot;,&quot;145 CRESCENT DR.&quot;,&quot;901-859-3015&quot;,&quot;901-850-3021&quot;,&quot;MasterCard&quot;,&quot;5454545454545454&quot;,&quot;N/A&quot;,&quot;2- Installments&quot;,&quot;2&quot;,&quot;Cancel - Return Product&quot;,&quot;DB - Double Billed&quot;)" methodname="AROMaintenance_NSANet" classname="AutomationTests.nsanet.com.AroMaintenanceTest" runstate="Runnable" seed="990905814" result="Failed" label="Error" start-time="2020-09-30 21:48:08Z" end-time="2020-09-30 21:48:11Z" duration="2.704179" asserts="0">
                <failure>
                  <message><![CDATA[System.InvalidOperationException : session not created: This version of ChromeDriver only supports Chrome version 83 (SessionNotCreated)
TearDown : System.NullReferenceException : Object reference not set to an instance of an object.]]></message>
                  <stack-trace><![CDATA[   at OpenQA.Selenium.Remote.RemoteWebDriver.UnpackAndThrowOnError(Response errorResponse)
   at OpenQA.Selenium.Remote.RemoteWebDriver.Execute(String driverCommandToExecute, Dictionary`2 parameters)
   at OpenQA.Selenium.Remote.RemoteWebDriver.StartSession(ICapabilities desiredCapabilities)
   at OpenQA.Selenium.Remote.RemoteWebDriver..ctor(ICommandExecutor commandExecutor, ICapabilities desiredCapabilities)
   at OpenQA.Selenium.Chrome.ChromeDriver..ctor(ChromeDriverService service, ChromeOptions options, TimeSpan commandTimeout)
   at OpenQA.Selenium.Chrome.ChromeDriver..ctor(ChromeOptions options)
   at AutomationTests.ConfigElements.Driver..ctor(BrowserType browserType) in C:\Users\jcrocker\New folder (3)\JPAutomation\AutomationTests\AutomationTests\Config\Driver.cs:line 77
   at AutomationTests.nsanet.com.AroMaintenanceTest.Setup() in C:\Users\jcrocker\New folder (3)\JPAutomation\AutomationTests\AutomationTests\Tests\NSA Net\AroMaintenanceTest.cs:line 44
--TearDown
   at AutomationTests.ExtentHelper.LogTest(TestContext testContext, Driver driver) in C:\Users\jcrocker\New folder (3)\JPAutomation\AutomationTests\AutomationTests\Tests\ExtentHelper.cs:line 73
   at AutomationTests.nsanet.com.AroMaintenanceTest.TearDown() in C:\Users\jcrocker\New folder (3)\JPAutomation\AutomationTests\AutomationTests\Tests\NSA Net\AroMaintenanceTest.cs:line 219]]></stack-trace>
                </failure>
              </test-case>
              <test-case id="0-1079" name="AROMaintenance_NSANet(&quot;UK&quot;,&quot;TESTING&quot;,&quot;145 CRESCENT DR.&quot;,&quot;901-859-3015&quot;,&quot;901-850-3021&quot;,&quot;MasterCard&quot;,&quot;5454545454545454&quot;,&quot;N/A&quot;,&quot;2- Installments&quot;,&quot;2&quot;,&quot;Cancel - Return Product&quot;,&quot;DB - Double Billed&quot;)" fullname="AutomationTests.nsanet.com.AroMaintenanceTest.AROMaintenance_NSANet(&quot;UK&quot;,&quot;TESTING&quot;,&quot;145 CRESCENT DR.&quot;,&quot;901-859-3015&quot;,&quot;901-850-3021&quot;,&quot;MasterCard&quot;,&quot;5454545454545454&quot;,&quot;N/A&quot;,&quot;2- Installments&quot;,&quot;2&quot;,&quot;Cancel - Return Product&quot;,&quot;DB - Double Billed&quot;)" methodname="AROMaintenance_NSANet" classname="AutomationTests.nsanet.com.AroMaintenanceTest" runstate="Runnable" seed="1176217030" result="Failed" label="Error" start-time="2020-09-30 21:48:08Z" end-time="2020-09-30 21:48:11Z" duration="2.799038" asserts="0">
                <failure>
                  <message><![CDATA[System.InvalidOperationException : session not created: This version of ChromeDriver only supports Chrome version 83 (SessionNotCreated)
TearDown : System.NullReferenceException : Object reference not set to an instance of an object.]]></message>
                  <stack-trace><![CDATA[   at OpenQA.Selenium.Remote.RemoteWebDriver.UnpackAndThrowOnError(Response errorResponse)
   at OpenQA.Selenium.Remote.RemoteWebDriver.Execute(String driverCommandToExecute, Dictionary`2 parameters)
   at OpenQA.Selenium.Remote.RemoteWebDriver.StartSession(ICapabilities desiredCapabilities)
   at OpenQA.Selenium.Remote.RemoteWebDriver..ctor(ICommandExecutor commandExecutor, ICapabilities desiredCapabilities)
   at OpenQA.Selenium.Chrome.ChromeDriver..ctor(ChromeDriverService service, ChromeOptions options, TimeSpan commandTimeout)
   at OpenQA.Selenium.Chrome.ChromeDriver..ctor(ChromeOptions options)
   at AutomationTests.ConfigElements.Driver..ctor(BrowserType browserType) in C:\Users\jcrocker\New folder (3)\JPAutomation\AutomationTests\AutomationTests\Config\Driver.cs:line 77
   at AutomationTests.nsanet.com.AroMaintenanceTest.Setup() in C:\Users\jcrocker\New folder (3)\JPAutomation\AutomationTests\AutomationTests\Tests\NSA Net\AroMaintenanceTest.cs:line 44
--TearDown
   at AutomationTests.ExtentHelper.LogTest(TestContext testContext, Driver driver) in C:\Users\jcrocker\New folder (3)\JPAutomation\AutomationTests\AutomationTests\Tests\ExtentHelper.cs:line 73
   at AutomationTests.nsanet.com.AroMaintenanceTest.TearDown() in C:\Users\jcrocker\New folder (3)\JPAutomation\AutomationTests\AutomationTests\Tests\NSA Net\AroMaintenanceTest.cs:line 219]]></stack-trace>
                </failure>
              </test-case>
              <test-case id="0-1075" name="AROMaintenance_NSANet(&quot;RO&quot;,&quot;TESTING&quot;,&quot;145 CRESCENT DR.&quot;,&quot;901-859-3015&quot;,&quot;901-850-3021&quot;,&quot;MasterCard&quot;,&quot;5454545454545454&quot;,&quot;N/A&quot;,&quot;N- Full Payment&quot;,&quot;2&quot;,&quot;Cancel - Return Product&quot;,&quot;DB - Double Billed&quot;)" fullname="AutomationTests.nsanet.com.AroMaintenanceTest.AROMaintenance_NSANet(&quot;RO&quot;,&quot;TESTING&quot;,&quot;145 CRESCENT DR.&quot;,&quot;901-859-3015&quot;,&quot;901-850-3021&quot;,&quot;MasterCard&quot;,&quot;5454545454545454&quot;,&quot;N/A&quot;,&quot;N- Full Payment&quot;,&quot;2&quot;,&quot;Cancel - Return Product&quot;,&quot;DB - Double Billed&quot;)" methodname="AROMaintenance_NSANet" classname="AutomationTests.nsanet.com.AroMaintenanceTest" runstate="Runnable" seed="1105207396" result="Failed" label="Error" start-time="2020-09-30 21:48:08Z" end-time="2020-09-30 21:48:11Z" duration="3.439301" asserts="0">
                <failure>
                  <message><![CDATA[System.InvalidOperationException : session not created: This version of ChromeDriver only supports Chrome version 83 (SessionNotCreated)
TearDown : System.NullReferenceException : Object reference not set to an instance of an object.]]></message>
                  <stack-trace><![CDATA[   at OpenQA.Selenium.Remote.RemoteWebDriver.UnpackAndThrowOnError(Response errorResponse)
   at OpenQA.Selenium.Remote.RemoteWebDriver.Execute(String driverCommandToExecute, Dictionary`2 parameters)
   at OpenQA.Selenium.Remote.RemoteWebDriver.StartSession(ICapabilities desiredCapabilities)
   at OpenQA.Selenium.Remote.RemoteWebDriver..ctor(ICommandExecutor commandExecutor, ICapabilities desiredCapabilities)
   at OpenQA.Selenium.Chrome.ChromeDriver..ctor(ChromeDriverService service, ChromeOptions options, TimeSpan commandTimeout)
   at OpenQA.Selenium.Chrome.ChromeDriver..ctor(ChromeOptions options)
   at AutomationTests.ConfigElements.Driver..ctor(BrowserType browserType) in C:\Users\jcrocker\New folder (3)\JPAutomation\AutomationTests\AutomationTests\Config\Driver.cs:line 77
   at AutomationTests.nsanet.com.AroMaintenanceTest.Setup() in C:\Users\jcrocker\New folder (3)\JPAutomation\AutomationTests\AutomationTests\Tests\NSA Net\AroMaintenanceTest.cs:line 44
--TearDown
   at AutomationTests.ExtentHelper.LogTest(TestContext testContext, Driver driver) in C:\Users\jcrocker\New folder (3)\JPAutomation\AutomationTests\AutomationTests\Tests\ExtentHelper.cs:line 73
   at AutomationTests.nsanet.com.AroMaintenanceTest.TearDown() in C:\Users\jcrocker\New folder (3)\JPAutomation\AutomationTests\AutomationTests\Tests\NSA Net\AroMaintenanceTest.cs:line 219]]></stack-trace>
                </failure>
              </test-case>
            </test-suite>
            <test-case id="0-1083" name="AROMaintenance_NSANet_AU" fullname="AutomationTests.nsanet.com.AroMaintenanceTest.AROMaintenance_NSANet_AU" methodname="AROMaintenance_NSANet_AU" classname="AutomationTests.nsanet.com.AroMaintenanceTest" runstate="Runnable" seed="1877787091" result="Failed" label="Error" start-time="2020-09-30 21:48:08Z" end-time="2020-09-30 21:48:11Z" duration="3.039300" asserts="0">
              <properties>
                <property name="Description" value="Create and Edit AU ARO on NSA Net Aro Maintenance" />
                <property name="Category" value="LegacyRegression" />
                <property name="Category" value="AROMaintenance" />
                <property name="Repeat" value="1" />
              </properties>
              <failure>
                <message><![CDATA[System.InvalidOperationException : session not created: This version of ChromeDriver only supports Chrome version 83 (SessionNotCreated)
TearDown : System.NullReferenceException : Object reference not set to an instance of an object.]]></message>
                <stack-trace><![CDATA[   at OpenQA.Selenium.Remote.RemoteWebDriver.UnpackAndThrowOnError(Response errorResponse)
   at OpenQA.Selenium.Remote.RemoteWebDriver.Execute(String driverCommandToExecute, Dictionary`2 parameters)
   at OpenQA.Selenium.Remote.RemoteWebDriver.StartSession(ICapabilities desiredCapabilities)
   at OpenQA.Selenium.Remote.RemoteWebDriver..ctor(ICommandExecutor commandExecutor, ICapabilities desiredCapabilities)
   at OpenQA.Selenium.Chrome.ChromeDriver..ctor(ChromeDriverService service, ChromeOptions options, TimeSpan commandTimeout)
   at OpenQA.Selenium.Chrome.ChromeDriver..ctor(ChromeOptions options)
   at AutomationTests.ConfigElements.Driver..ctor(BrowserType browserType) in C:\Users\jcrocker\New folder (3)\JPAutomation\AutomationTests\AutomationTests\Config\Driver.cs:line 77
   at AutomationTests.nsanet.com.AroMaintenanceTest.Setup() in C:\Users\jcrocker\New folder (3)\JPAutomation\AutomationTests\AutomationTests\Tests\NSA Net\AroMaintenanceTest.cs:line 44
--TearDown
   at AutomationTests.ExtentHelper.LogTest(TestContext testContext, Driver driver) in C:\Users\jcrocker\New folder (3)\JPAutomation\AutomationTests\AutomationTests\Tests\ExtentHelper.cs:line 73
   at AutomationTests.nsanet.com.AroMaintenanceTest.TearDown() in C:\Users\jcrocker\New folder (3)\JPAutomation\AutomationTests\AutomationTests\Tests\NSA Net\AroMaintenanceTest.cs:line 219]]></stack-trace>
              </failure>
            </test-case>
          </test-suite>
        </test-suite>
      </test-suite>
      <test-suite type="TestSuite" id="0-1098" name="juice" fullname="AutomationTests.juice" runstate="Runnable" testcasecount="5" result="Failed" site="Child" start-time="2020-09-30 21:47:50Z" end-time="2020-09-30 21:48:13Z" duration="22.919888" total="5" passed="0" failed="5" warnings="0" inconclusive="0" skipped="0" asserts="0">
        <failure>
          <message><![CDATA[One or more child tests had errors]]></message>
        </failure>
        <test-suite type="TestSuite" id="0-1099" name="plus" fullname="AutomationTests.juice.plus" runstate="Runnable" testcasecount="5" result="Failed" site="Child" start-time="2020-09-30 21:47:50Z" end-time="2020-09-30 21:48:13Z" duration="22.919881" total="5" passed="0" failed="5" warnings="0" inconclusive="0" skipped="0" asserts="0">
          <failure>
            <message><![CDATA[One or more child tests had errors]]></message>
          </failure>
          <test-suite type="TestSuite" id="0-1100" name="virtualfranchise" fullname="AutomationTests.juice.plus.virtualfranchise" runstate="Runnable" testcasecount="5" result="Failed" site="Child" start-time="2020-09-30 21:47:50Z" end-time="2020-09-30 21:48:13Z" duration="22.919877" total="5" passed="0" failed="5" warnings="0" inconclusive="0" skipped="0" asserts="0">
            <failure>
              <message><![CDATA[One or more child tests had errors]]></message>
            </failure>
            <test-suite type="TestFixture" id="0-1026" name="Enrollment" fullname="AutomationTests.juice.plus.virtualfranchise.Enrollment" classname="AutomationTests.juice.plus.virtualfranchise.Enrollment" runstate="Runnable" testcasecount="4" result="Failed" site="Child" start-time="2020-09-30 21:47:50Z" end-time="2020-09-30 21:47:54Z" duration="4.282927" total="4" passed="0" failed="4" warnings="0" inconclusive="0" skipped="0" asserts="0">
              <failure>
                <message><![CDATA[One or more child tests had errors]]></message>
              </failure>
              <test-case id="0-1027" name="TestEnrollmentCorporateUrl_VF_US" fullname="AutomationTests.juice.plus.virtualfranchise.Enrollment.TestEnrollmentCorporateUrl_VF_US" methodname="TestEnrollmentCorporateUrl_VF_US" classname="AutomationTests.juice.plus.virtualfranchise.Enrollment" runstate="Runnable" seed="1766945623" result="Failed" label="Error" start-time="2020-09-30 21:47:50Z" end-time="2020-09-30 21:47:51Z" duration="1.142256" asserts="0">
                <properties>
                  <property name="Description" value="Test US Virtual Franchise Enrollment using Corporate Url" />
                  <property name="Category" value="LegacyRegression" />
                  <property name="Category" value="VFEnrollment" />
                </properties>
                <failure>
                  <message><![CDATA[System.InvalidOperationException : session not created: This version of ChromeDriver only supports Chrome version 83 (SessionNotCreated)
TearDown : System.NullReferenceException : Object reference not set to an instance of an object.]]></message>
                  <stack-trace><![CDATA[   at OpenQA.Selenium.Remote.RemoteWebDriver.UnpackAndThrowOnError(Response errorResponse)
   at OpenQA.Selenium.Remote.RemoteWebDriver.Execute(String driverCommandToExecute, Dictionary`2 parameters)
   at OpenQA.Selenium.Remote.RemoteWebDriver.StartSession(ICapabilities desiredCapabilities)
   at OpenQA.Selenium.Remote.RemoteWebDriver..ctor(ICommandExecutor commandExecutor, ICapabilities desiredCapabilities)
   at OpenQA.Selenium.Chrome.ChromeDriver..ctor(ChromeDriverService service, ChromeOptions options, TimeSpan commandTimeout)
   at OpenQA.Selenium.Chrome.ChromeDriver..ctor(ChromeOptions options)
   at AutomationTests.ConfigElements.Driver..ctor(BrowserType browserType) in C:\Users\jcrocker\New folder (3)\JPAutomation\AutomationTests\AutomationTests\Config\Driver.cs:line 77
   at AutomationTests.juice.plus.virtualfranchise.Enrollment.Setup() in C:\Users\jcrocker\New folder (3)\JPAutomation\AutomationTests\AutomationTests\Tests\Virtual Franchise\Enrollment.cs:line 33
--TearDown
   at AutomationTests.juice.plus.virtualfranchise.Enrollment.TearDown() in C:\Users\jcrocker\New folder (3)\JPAutomation\AutomationTests\AutomationTests\Tests\Virtual Franchise\Enrollment.cs:line 176]]></stack-trace>
                </failure>
              </test-case>
              <test-case id="0-1030" name="TestEnrollmentPartnerUrl_VF_AU" fullname="AutomationTests.juice.plus.virtualfranchise.Enrollment.TestEnrollmentPartnerUrl_VF_AU" methodname="TestEnrollmentPartnerUrl_VF_AU" classname="AutomationTests.juice.plus.virtualfranchise.Enrollment" runstate="Runnable" seed="213149123" result="Failed" label="Error" start-time="2020-09-30 21:47:51Z" end-time="2020-09-30 21:47:52Z" duration="1.048136" asserts="0">
                <properties>
                  <property name="Description" value="Test AU Virtual Franchise Enrollment using Partner Url" />
                  <property name="Category" value="LegacyRegression" />
                  <property name="Category" value="VFEnrollment" />
                </properties>
                <failure>
                  <message><![CDATA[System.InvalidOperationException : session not created: This version of ChromeDriver only supports Chrome version 83 (SessionNotCreated)
TearDown : System.NullReferenceException : Object reference not set to an instance of an object.]]></message>
                  <stack-trace><![CDATA[   at OpenQA.Selenium.Remote.RemoteWebDriver.UnpackAndThrowOnError(Response errorResponse)
   at OpenQA.Selenium.Remote.RemoteWebDriver.Execute(String driverCommandToExecute, Dictionary`2 parameters)
   at OpenQA.Selenium.Remote.RemoteWebDriver.StartSession(ICapabilities desiredCapabilities)
   at OpenQA.Selenium.Remote.RemoteWebDriver..ctor(ICommandExecutor commandExecutor, ICapabilities desiredCapabilities)
   at OpenQA.Selenium.Chrome.ChromeDriver..ctor(ChromeDriverService service, ChromeOptions options, TimeSpan commandTimeout)
   at OpenQA.Selenium.Chrome.ChromeDriver..ctor(ChromeOptions options)
   at AutomationTests.ConfigElements.Driver..ctor(BrowserType browserType) in C:\Users\jcrocker\New folder (3)\JPAutomation\AutomationTests\AutomationTests\Config\Driver.cs:line 77
   at AutomationTests.juice.plus.virtualfranchise.Enrollment.Setup() in C:\Users\jcrocker\New folder (3)\JPAutomation\AutomationTests\AutomationTests\Tests\Virtual Franchise\Enrollment.cs:line 33
--TearDown
   at AutomationTests.juice.plus.virtualfranchise.Enrollment.TearDown() in C:\Users\jcrocker\New folder (3)\JPAutomation\AutomationTests\AutomationTests\Tests\Virtual Franchise\Enrollment.cs:line 176]]></stack-trace>
                </failure>
              </test-case>
              <test-case id="0-1029" name="TestEnrollmentPartnerUrl_VF_CA" fullname="AutomationTests.juice.plus.virtualfranchise.Enrollment.TestEnrollmentPartnerUrl_VF_CA" methodname="TestEnrollmentPartnerUrl_VF_CA" classname="AutomationTests.juice.plus.virtualfranchise.Enrollment" runstate="Runnable" seed="619651988" result="Failed" label="Error" start-time="2020-09-30 21:47:52Z" end-time="2020-09-30 21:47:53Z" duration="1.041243" asserts="0">
                <properties>
                  <property name="Description" value="Test CAN Virtual Franchise Enrollment using Partner Url" />
                  <property name="Category" value="LegacyRegression" />
                  <property name="Category" value="VFEnrollment" />
                </properties>
                <failure>
                  <message><![CDATA[System.InvalidOperationException : session not created: This version of ChromeDriver only supports Chrome version 83 (SessionNotCreated)
TearDown : System.NullReferenceException : Object reference not set to an instance of an object.]]></message>
                  <stack-trace><![CDATA[   at OpenQA.Selenium.Remote.RemoteWebDriver.UnpackAndThrowOnError(Response errorResponse)
   at OpenQA.Selenium.Remote.RemoteWebDriver.Execute(String driverCommandToExecute, Dictionary`2 parameters)
   at OpenQA.Selenium.Remote.RemoteWebDriver.StartSession(ICapabilities desiredCapabilities)
   at OpenQA.Selenium.Remote.RemoteWebDriver..ctor(ICommandExecutor commandExecutor, ICapabilities desiredCapabilities)
   at OpenQA.Selenium.Chrome.ChromeDriver..ctor(ChromeDriverService service, ChromeOptions options, TimeSpan commandTimeout)
   at OpenQA.Selenium.Chrome.ChromeDriver..ctor(ChromeOptions options)
   at AutomationTests.ConfigElements.Driver..ctor(BrowserType browserType) in C:\Users\jcrocker\New folder (3)\JPAutomation\AutomationTests\AutomationTests\Config\Driver.cs:line 77
   at AutomationTests.juice.plus.virtualfranchise.Enrollment.Setup() in C:\Users\jcrocker\New folder (3)\JPAutomation\AutomationTests\AutomationTests\Tests\Virtual Franchise\Enrollment.cs:line 33
--TearDown
   at AutomationTests.juice.plus.virtualfranchise.Enrollment.TearDown() in C:\Users\jcrocker\New folder (3)\JPAutomation\AutomationTests\AutomationTests\Tests\Virtual Franchise\Enrollment.cs:line 176]]></stack-trace>
                </failure>
              </test-case>
              <test-case id="0-1028" name="TestEnrollmentPartnerUrl_VF_US" fullname="AutomationTests.juice.plus.virtualfranchise.Enrollment.TestEnrollmentPartnerUrl_VF_US" methodname="TestEnrollmentPartnerUrl_VF_US" classname="AutomationTests.juice.plus.virtualfranchise.Enrollment" runstate="Runnable" seed="1805694152" result="Failed" label="Error" start-time="2020-09-30 21:47:53Z" end-time="2020-09-30 21:47:54Z" duration="1.045871" asserts="0">
                <properties>
                  <property name="Description" value="Test US Virtual Franchise Enrollment using Partner Url" />
                  <property name="Category" value="LegacyRegression" />
                  <property name="Category" value="VFEnrollment" />
                </properties>
                <failure>
                  <message><![CDATA[System.InvalidOperationException : session not created: This version of ChromeDriver only supports Chrome version 83 (SessionNotCreated)
TearDown : System.NullReferenceException : Object reference not set to an instance of an object.]]></message>
                  <stack-trace><![CDATA[   at OpenQA.Selenium.Remote.RemoteWebDriver.UnpackAndThrowOnError(Response errorResponse)
   at OpenQA.Selenium.Remote.RemoteWebDriver.Execute(String driverCommandToExecute, Dictionary`2 parameters)
   at OpenQA.Selenium.Remote.RemoteWebDriver.StartSession(ICapabilities desiredCapabilities)
   at OpenQA.Selenium.Remote.RemoteWebDriver..ctor(ICommandExecutor commandExecutor, ICapabilities desiredCapabilities)
   at OpenQA.Selenium.Chrome.ChromeDriver..ctor(ChromeDriverService service, ChromeOptions options, TimeSpan commandTimeout)
   at OpenQA.Selenium.Chrome.ChromeDriver..ctor(ChromeOptions options)
   at AutomationTests.ConfigElements.Driver..ctor(BrowserType browserType) in C:\Users\jcrocker\New folder (3)\JPAutomation\AutomationTests\AutomationTests\Config\Driver.cs:line 77
   at AutomationTests.juice.plus.virtualfranchise.Enrollment.Setup() in C:\Users\jcrocker\New folder (3)\JPAutomation\AutomationTests\AutomationTests\Tests\Virtual Franchise\Enrollment.cs:line 33
--TearDown
   at AutomationTests.juice.plus.virtualfranchise.Enrollment.TearDown() in C:\Users\jcrocker\New folder (3)\JPAutomation\AutomationTests\AutomationTests\Tests\Virtual Franchise\Enrollment.cs:line 176]]></stack-trace>
                </failure>
              </test-case>
            </test-suite>
            <test-suite type="TestFixture" id="0-1031" name="TestHeaderNavigationItems" fullname="AutomationTests.juice.plus.virtualfranchise.TestHeaderNavigationItems" classname="AutomationTests.juice.plus.virtualfranchise.TestHeaderNavigationItems" runstate="Runnable" testcasecount="1" result="Failed" site="Child" start-time="2020-09-30 21:48:11Z" end-time="2020-09-30 21:48:13Z" duration="1.185575" total="1" passed="0" failed="1" warnings="0" inconclusive="0" skipped="0" asserts="0">
              <failure>
                <message><![CDATA[One or more child tests had errors]]></message>
              </failure>
              <test-case id="0-1032" name="TestAllHeaderNavigation_VF_US" fullname="AutomationTests.juice.plus.virtualfranchise.TestHeaderNavigationItems.TestAllHeaderNavigation_VF_US" methodname="TestAllHeaderNavigation_VF_US" classname="AutomationTests.juice.plus.virtualfranchise.TestHeaderNavigationItems" runstate="Runnable" seed="1492601065" result="Failed" label="Error" start-time="2020-09-30 21:48:11Z" end-time="2020-09-30 21:48:13Z" duration="1.185408" asserts="0">
                <properties>
                  <property name="Description" value="Test Virtual Franchise Connectivity" />
                  <property name="Category" value="LegacyRegression" />
                  <property name="Repeat" value="1" />
                </properties>
                <failure>
                  <message><![CDATA[System.InvalidOperationException : session not created: This version of ChromeDriver only supports Chrome version 83 (SessionNotCreated)
TearDown : System.NullReferenceException : Object reference not set to an instance of an object.]]></message>
                  <stack-trace><![CDATA[   at OpenQA.Selenium.Remote.RemoteWebDriver.UnpackAndThrowOnError(Response errorResponse)
   at OpenQA.Selenium.Remote.RemoteWebDriver.Execute(String driverCommandToExecute, Dictionary`2 parameters)
   at OpenQA.Selenium.Remote.RemoteWebDriver.StartSession(ICapabilities desiredCapabilities)
   at OpenQA.Selenium.Remote.RemoteWebDriver..ctor(ICommandExecutor commandExecutor, ICapabilities desiredCapabilities)
   at OpenQA.Selenium.Chrome.ChromeDriver..ctor(ChromeDriverService service, ChromeOptions options, TimeSpan commandTimeout)
   at OpenQA.Selenium.Chrome.ChromeDriver..ctor(ChromeOptions options)
   at AutomationTests.ConfigElements.Driver..ctor(BrowserType browserType) in C:\Users\jcrocker\New folder (3)\JPAutomation\AutomationTests\AutomationTests\Config\Driver.cs:line 77
   at AutomationTests.juice.plus.virtualfranchise.TestHeaderNavigationItems.Setup() in C:\Users\jcrocker\New folder (3)\JPAutomation\AutomationTests\AutomationTests\Tests\Virtual Franchise\TestHeaderNavigationItems.cs:line 22
--TearDown
   at AutomationTests.juice.plus.virtualfranchise.TestHeaderNavigationItems.TearDown() in C:\Users\jcrocker\New folder (3)\JPAutomation\AutomationTests\AutomationTests\Tests\Virtual Franchise\TestHeaderNavigationItems.cs:line 55]]></stack-trace>
                </failure>
              </test-case>
            </test-suite>
          </test-suite>
        </test-suite>
      </test-suite>
      <test-suite type="TestSuite" id="0-1105" name="juiceplus" fullname="AutomationTests.juiceplus" runstate="Runnable" testcasecount="3" result="Failed" site="Child" start-time="2020-09-30 21:47:50Z" end-time="2020-09-30 21:48:16Z" duration="26.107357" total="3" passed="0" failed="3" warnings="0" inconclusive="0" skipped="0" asserts="0">
        <failure>
          <message><![CDATA[One or more child tests had errors]]></message>
        </failure>
        <test-suite type="TestSuite" id="0-1106" name="com" fullname="AutomationTests.juiceplus.com" runstate="Runnable" testcasecount="3" result="Failed" site="Child" start-time="2020-09-30 21:47:50Z" end-time="2020-09-30 21:48:16Z" duration="26.107351" total="3" passed="0" failed="3" warnings="0" inconclusive="0" skipped="0" asserts="0">
          <failure>
            <message><![CDATA[One or more child tests had errors]]></message>
          </failure>
          <test-suite type="TestFixture" id="0-1089" name="CreateAroTest" fullname="AutomationTests.juiceplus.com.CreateAroTest" classname="AutomationTests.juiceplus.com.CreateAroTest" runstate="Runnable" testcasecount="3" result="Failed" site="Child" start-time="2020-09-30 21:48:13Z" end-time="2020-09-30 21:48:16Z" duration="3.187457" total="3" passed="0" failed="3" warnings="0" inconclusive="0" skipped="0" asserts="0">
            <failure>
              <message><![CDATA[One or more child tests had errors]]></message>
            </failure>
            <test-case id="0-1092" name="CreateARO_JP_AU" fullname="AutomationTests.juiceplus.com.CreateAroTest.CreateARO_JP_AU" methodname="CreateARO_JP_AU" classname="AutomationTests.juiceplus.com.CreateAroTest" runstate="Runnable" seed="338116829" result="Failed" label="Error" start-time="2020-09-30 21:48:13Z" end-time="2020-09-30 21:48:14Z" duration="1.063680" asserts="0">
              <properties>
                <property name="Description" value="Create ARO on AU Juice Plus Store" />
                <property name="Category" value="LegacyRegression" />
                <property name="Repeat" value="1" />
              </properties>
              <failure>
                <message><![CDATA[System.InvalidOperationException : session not created: This version of ChromeDriver only supports Chrome version 83 (SessionNotCreated)
TearDown : System.NullReferenceException : Object reference not set to an instance of an object.]]></message>
                <stack-trace><![CDATA[   at OpenQA.Selenium.Remote.RemoteWebDriver.UnpackAndThrowOnError(Response errorResponse)
   at OpenQA.Selenium.Remote.RemoteWebDriver.Execute(String driverCommandToExecute, Dictionary`2 parameters)
   at OpenQA.Selenium.Remote.RemoteWebDriver.StartSession(ICapabilities desiredCapabilities)
   at OpenQA.Selenium.Remote.RemoteWebDriver..ctor(ICommandExecutor commandExecutor, ICapabilities desiredCapabilities)
   at OpenQA.Selenium.Chrome.ChromeDriver..ctor(ChromeDriverService service, ChromeOptions options, TimeSpan commandTimeout)
   at OpenQA.Selenium.Chrome.ChromeDriver..ctor(ChromeOptions options)
   at AutomationTests.ConfigElements.Driver..ctor(BrowserType browserType) in C:\Users\jcrocker\New folder (3)\JPAutomation\AutomationTests\AutomationTests\Config\Driver.cs:line 77
   at AutomationTests.juiceplus.com.CreateAroTest.Setup() in C:\Users\jcrocker\New folder (3)\JPAutomation\AutomationTests\AutomationTests\Tests\Juice Plus Store\CreateAroTest.cs:line 34
--TearDown
   at AutomationTests.juiceplus.com.CreateAroTest.TearDown() in C:\Users\jcrocker\New folder (3)\JPAutomation\AutomationTests\AutomationTests\Tests\Juice Plus Store\CreateAroTest.cs:line 110]]></stack-trace>
              </failure>
            </test-case>
            <test-case id="0-1091" name="CreateARO_JP_CA" fullname="AutomationTests.juiceplus.com.CreateAroTest.CreateARO_JP_CA" methodname="CreateARO_JP_CA" classname="AutomationTests.juiceplus.com.CreateAroTest" runstate="Runnable" seed="261266209" result="Failed" label="Error" start-time="2020-09-30 21:48:14Z" end-time="2020-09-30 21:48:15Z" duration="1.068927" asserts="0">
              <properties>
                <property name="Description" value="Create ARO on CA Juice Plus Store" />
                <property name="Category" value="LegacyRegression" />
                <property name="Repeat" value="1" />
              </properties>
              <failure>
                <message><![CDATA[System.InvalidOperationException : session not created: This version of ChromeDriver only supports Chrome version 83 (SessionNotCreated)
TearDown : System.NullReferenceException : Object reference not set to an instance of an object.]]></message>
                <stack-trace><![CDATA[   at OpenQA.Selenium.Remote.RemoteWebDriver.UnpackAndThrowOnError(Response errorResponse)
   at OpenQA.Selenium.Remote.RemoteWebDriver.Execute(String driverCommandToExecute, Dictionary`2 parameters)
   at OpenQA.Selenium.Remote.RemoteWebDriver.StartSession(ICapabilities desiredCapabilities)
   at OpenQA.Selenium.Remote.RemoteWebDriver..ctor(ICommandExecutor commandExecutor, ICapabilities desiredCapabilities)
   at OpenQA.Selenium.Chrome.ChromeDriver..ctor(ChromeDriverService service, ChromeOptions options, TimeSpan commandTimeout)
   at OpenQA.Selenium.Chrome.ChromeDriver..ctor(ChromeOptions options)
   at AutomationTests.ConfigElements.Driver..ctor(BrowserType browserType) in C:\Users\jcrocker\New folder (3)\JPAutomation\AutomationTests\AutomationTests\Config\Driver.cs:line 77
   at AutomationTests.juiceplus.com.CreateAroTest.Setup() in C:\Users\jcrocker\New folder (3)\JPAutomation\AutomationTests\AutomationTests\Tests\Juice Plus Store\CreateAroTest.cs:line 34
--TearDown
   at AutomationTests.juiceplus.com.CreateAroTest.TearDown() in C:\Users\jcrocker\New folder (3)\JPAutomation\AutomationTests\AutomationTests\Tests\Juice Plus Store\CreateAroTest.cs:line 110]]></stack-trace>
              </failure>
            </test-case>
            <test-case id="0-1090" name="CreateARO_JP_US" fullname="AutomationTests.juiceplus.com.CreateAroTest.CreateARO_JP_US" methodname="CreateARO_JP_US" classname="AutomationTests.juiceplus.com.CreateAroTest" runstate="Runnable" seed="2068070678" result="Failed" label="Error" start-time="2020-09-30 21:48:15Z" end-time="2020-09-30 21:48:16Z" duration="1.054651" asserts="0">
              <properties>
                <property name="Description" value="Create ARO on US Juice Plus Store" />
                <property name="Category" value="LegacyRegression" />
                <property name="Repeat" value="1" />
              </properties>
              <failure>
                <message><![CDATA[System.InvalidOperationException : session not created: This version of ChromeDriver only supports Chrome version 83 (SessionNotCreated)
TearDown : System.NullReferenceException : Object reference not set to an instance of an object.]]></message>
                <stack-trace><![CDATA[   at OpenQA.Selenium.Remote.RemoteWebDriver.UnpackAndThrowOnError(Response errorResponse)
   at OpenQA.Selenium.Remote.RemoteWebDriver.Execute(String driverCommandToExecute, Dictionary`2 parameters)
   at OpenQA.Selenium.Remote.RemoteWebDriver.StartSession(ICapabilities desiredCapabilities)
   at OpenQA.Selenium.Remote.RemoteWebDriver..ctor(ICommandExecutor commandExecutor, ICapabilities desiredCapabilities)
   at OpenQA.Selenium.Chrome.ChromeDriver..ctor(ChromeDriverService service, ChromeOptions options, TimeSpan commandTimeout)
   at OpenQA.Selenium.Chrome.ChromeDriver..ctor(ChromeOptions options)
   at AutomationTests.ConfigElements.Driver..ctor(BrowserType browserType) in C:\Users\jcrocker\New folder (3)\JPAutomation\AutomationTests\AutomationTests\Config\Driver.cs:line 77
   at AutomationTests.juiceplus.com.CreateAroTest.Setup() in C:\Users\jcrocker\New folder (3)\JPAutomation\AutomationTests\AutomationTests\Tests\Juice Plus Store\CreateAroTest.cs:line 34
--TearDown
   at AutomationTests.juiceplus.com.CreateAroTest.TearDown() in C:\Users\jcrocker\New folder (3)\JPAutomation\AutomationTests\AutomationTests\Tests\Juice Plus Store\CreateAroTest.cs:line 110]]></stack-trace>
              </failure>
            </test-case>
          </test-suite>
        </test-suite>
      </test-suite>
      <test-suite type="TestSuite" id="0-1095" name="nsaonline" fullname="AutomationTests.nsaonline" runstate="Runnable" testcasecount="1" result="Failed" site="Child" start-time="2020-09-30 21:47:50Z" end-time="2020-09-30 21:48:17Z" duration="27.171105" total="1" passed="0" failed="1" warnings="0" inconclusive="0" skipped="0" asserts="0">
        <failure>
          <message><![CDATA[One or more child tests had errors]]></message>
        </failure>
        <test-suite type="TestFixture" id="0-1000" name="ComposeEmailTest" fullname="AutomationTests.nsaonline.ComposeEmailTest" classname="AutomationTests.nsaonline.ComposeEmailTest" runstate="Runnable" testcasecount="1" result="Failed" site="Child" start-time="2020-09-30 21:48:16Z" end-time="2020-09-30 21:48:17Z" duration="1.063737" total="1" passed="0" failed="1" warnings="0" inconclusive="0" skipped="0" asserts="0">
          <failure>
            <message><![CDATA[One or more child tests had errors]]></message>
          </failure>
          <test-case id="0-1001" name="ComposeEmail_VO_US" fullname="AutomationTests.nsaonline.ComposeEmailTest.ComposeEmail_VO_US" methodname="ComposeEmail_VO_US" classname="AutomationTests.nsaonline.ComposeEmailTest" runstate="Runnable" seed="1598481425" result="Failed" label="Error" start-time="2020-09-30 21:48:16Z" end-time="2020-09-30 21:48:17Z" duration="1.063501" asserts="0">
            <properties>
              <property name="Description" value="Test Compose Email on Virtual Office." />
              <property name="Category" value="LegacyRegression" />
              <property name="Category" value="Virtual Office" />
            </properties>
            <failure>
              <message><![CDATA[System.InvalidOperationException : session not created: This version of ChromeDriver only supports Chrome version 83 (SessionNotCreated)
TearDown : System.NullReferenceException : Object reference not set to an instance of an object.]]></message>
              <stack-trace><![CDATA[   at OpenQA.Selenium.Remote.RemoteWebDriver.UnpackAndThrowOnError(Response errorResponse)
   at OpenQA.Selenium.Remote.RemoteWebDriver.Execute(String driverCommandToExecute, Dictionary`2 parameters)
   at OpenQA.Selenium.Remote.RemoteWebDriver.StartSession(ICapabilities desiredCapabilities)
   at OpenQA.Selenium.Remote.RemoteWebDriver..ctor(ICommandExecutor commandExecutor, ICapabilities desiredCapabilities)
   at OpenQA.Selenium.Chrome.ChromeDriver..ctor(ChromeDriverService service, ChromeOptions options, TimeSpan commandTimeout)
   at OpenQA.Selenium.Chrome.ChromeDriver..ctor(ChromeOptions options)
   at AutomationTests.ConfigElements.Driver..ctor(BrowserType browserType) in C:\Users\jcrocker\New folder (3)\JPAutomation\AutomationTests\AutomationTests\Config\Driver.cs:line 77
   at AutomationTests.nsaonline.ComposeEmailTest.Setup() in C:\Users\jcrocker\New folder (3)\JPAutomation\AutomationTests\AutomationTests\Tests\Virtual Office\VirtualOfficeComposeEmailTest.cs:line 27
--TearDown
   at AutomationTests.nsaonline.ComposeEmailTest.TearDown() in C:\Users\jcrocker\New folder (3)\JPAutomation\AutomationTests\AutomationTests\Tests\Virtual Office\VirtualOfficeComposeEmailTest.cs:line 52]]></stack-trace>
            </failure>
          </test-case>
        </test-suite>
      </test-suite>
      <test-suite type="TestSuite" id="0-1096" name="rc" fullname="AutomationTests.rc" runstate="Runnable" testcasecount="21" result="Failed" site="Child" start-time="2020-09-30 21:47:50Z" end-time="2020-09-30 21:48:21Z" duration="31.423122" total="21" passed="0" failed="20" warnings="0" inconclusive="0" skipped="1" asserts="0">
        <failure>
          <message><![CDATA[One or more child tests had errors]]></message>
        </failure>
        <test-suite type="TestSuite" id="0-1097" name="nsaonline" fullname="AutomationTests.rc.nsaonline" runstate="Runnable" testcasecount="21" result="Failed" site="Child" start-time="2020-09-30 21:47:50Z" end-time="2020-09-30 21:48:21Z" duration="31.423113" total="21" passed="0" failed="20" warnings="0" inconclusive="0" skipped="1" asserts="0">
          <failure>
            <message><![CDATA[One or more child tests had errors]]></message>
          </failure>
          <test-suite type="TestFixture" id="0-1006" name="SharedCartVOTest" fullname="AutomationTests.rc.nsaonline.SharedCartVOTest" classname="AutomationTests.rc.nsaonline.SharedCartVOTest" runstate="Runnable" testcasecount="17" result="Failed" site="Child" start-time="2020-09-30 21:47:54Z" end-time="2020-09-30 21:48:02Z" duration="7.871112" total="17" passed="0" failed="16" warnings="0" inconclusive="0" skipped="1" asserts="0">
            <properties>
              <property name="ParallelScope" value="All" />
            </properties>
            <failure>
              <message><![CDATA[One or more child tests had errors]]></message>
            </failure>
            <test-case id="0-1015" name="SharedCart_VO_Ireland" fullname="AutomationTests.rc.nsaonline.SharedCartVOTest.SharedCart_VO_Ireland" methodname="SharedCart_VO_Ireland" classname="AutomationTests.rc.nsaonline.SharedCartVOTest" runstate="Ignored" seed="2007543518" result="Skipped" label="Ignored" start-time="2020-09-30 21:47:57Z" end-time="2020-09-30 21:47:57Z" duration="0.002426" asserts="0">
              <properties>
                <property name="Description" value="Shared Cart Ireland" />
                <property name="Category" value="LegacyRegression" />
                <property name="Category" value="Virtual Office" />
                <property name="Category" value="Shared Cart" />
                <property name="_SKIPREASON" value="Ignore" />
                <property name="Repeat" value="1" />
              </properties>
              <reason>
                <message><![CDATA[Ignore]]></message>
              </reason>
            </test-case>
            <test-case id="0-1013" name="SharedCart_VO_Finland" fullname="AutomationTests.rc.nsaonline.SharedCartVOTest.SharedCart_VO_Finland" methodname="SharedCart_VO_Finland" classname="AutomationTests.rc.nsaonline.SharedCartVOTest" runstate="Runnable" seed="1910071934" result="Failed" label="Error" start-time="2020-09-30 21:47:54Z" end-time="2020-09-30 21:47:57Z" duration="2.515698" asserts="0">
              <properties>
                <property name="Description" value="Shared Cart Finland" />
                <property name="Category" value="LegacyRegression" />
                <property name="Category" value="Virtual Office" />
                <property name="Category" value="Shared Cart" />
                <property name="Repeat" value="1" />
              </properties>
              <failure>
                <message><![CDATA[System.InvalidOperationException : session not created: This version of ChromeDriver only supports Chrome version 83 (SessionNotCreated)
TearDown : System.Collections.Generic.KeyNotFoundException : The given key was not present in the dictionary.]]></message>
                <stack-trace><![CDATA[   at OpenQA.Selenium.Remote.RemoteWebDriver.UnpackAndThrowOnError(Response errorResponse)
   at OpenQA.Selenium.Remote.RemoteWebDriver.Execute(String driverCommandToExecute, Dictionary`2 parameters)
   at OpenQA.Selenium.Remote.RemoteWebDriver.StartSession(ICapabilities desiredCapabilities)
   at OpenQA.Selenium.Remote.RemoteWebDriver..ctor(ICommandExecutor commandExecutor, ICapabilities desiredCapabilities)
   at OpenQA.Selenium.Chrome.ChromeDriver..ctor(ChromeDriverService service, ChromeOptions options, TimeSpan commandTimeout)
   at OpenQA.Selenium.Chrome.ChromeDriver..ctor(ChromeOptions options)
   at AutomationTests.ConfigElements.Driver..ctor(BrowserType browserType) in C:\Users\jcrocker\New folder (3)\JPAutomation\AutomationTests\AutomationTests\Config\Driver.cs:line 77
   at AutomationTests.rc.nsaonline.SharedCartVOTest.Setup() in C:\Users\jcrocker\New folder (3)\JPAutomation\AutomationTests\AutomationTests\Tests\Virtual Office\SharedCart_VO.cs:line 36
--TearDown
   at System.Collections.Concurrent.ConcurrentDictionary`2.get_Item(TKey key)
   at AutomationTests.rc.nsaonline.SharedCartVOTest.TearDown() in C:\Users\jcrocker\New folder (3)\JPAutomation\AutomationTests\AutomationTests\Tests\Virtual Office\SharedCart_VO.cs:line 874]]></stack-trace>
              </failure>
            </test-case>
            <test-case id="0-1010" name="SharedCart_VO_Austria" fullname="AutomationTests.rc.nsaonline.SharedCartVOTest.SharedCart_VO_Austria" methodname="SharedCart_VO_Austria" classname="AutomationTests.rc.nsaonline.SharedCartVOTest" runstate="Runnable" seed="2108138000" result="Failed" label="Error" start-time="2020-09-30 21:47:54Z" end-time="2020-09-30 21:47:57Z" duration="2.588644" asserts="0">
              <properties>
                <property name="Description" value="Shared Cart Austria" />
                <property name="Category" value="LegacyRegression" />
                <property name="Category" value="Virtual Office" />
                <property name="Category" value="Shared Cart" />
                <property name="Repeat" value="1" />
              </properties>
              <failure>
                <message><![CDATA[System.InvalidOperationException : session not created: This version of ChromeDriver only supports Chrome version 83 (SessionNotCreated)
TearDown : System.Collections.Generic.KeyNotFoundException : The given key was not present in the dictionary.]]></message>
                <stack-trace><![CDATA[   at OpenQA.Selenium.Remote.RemoteWebDriver.UnpackAndThrowOnError(Response errorResponse)
   at OpenQA.Selenium.Remote.RemoteWebDriver.Execute(String driverCommandToExecute, Dictionary`2 parameters)
   at OpenQA.Selenium.Remote.RemoteWebDriver.StartSession(ICapabilities desiredCapabilities)
   at OpenQA.Selenium.Remote.RemoteWebDriver..ctor(ICommandExecutor commandExecutor, ICapabilities desiredCapabilities)
   at OpenQA.Selenium.Chrome.ChromeDriver..ctor(ChromeDriverService service, ChromeOptions options, TimeSpan commandTimeout)
   at OpenQA.Selenium.Chrome.ChromeDriver..ctor(ChromeOptions options)
   at AutomationTests.ConfigElements.Driver..ctor(BrowserType browserType) in C:\Users\jcrocker\New folder (3)\JPAutomation\AutomationTests\AutomationTests\Config\Driver.cs:line 77
   at AutomationTests.rc.nsaonline.SharedCartVOTest.Setup() in C:\Users\jcrocker\New folder (3)\JPAutomation\AutomationTests\AutomationTests\Tests\Virtual Office\SharedCart_VO.cs:line 36
--TearDown
   at System.Collections.Concurrent.ConcurrentDictionary`2.get_Item(TKey key)
   at AutomationTests.rc.nsaonline.SharedCartVOTest.TearDown() in C:\Users\jcrocker\New folder (3)\JPAutomation\AutomationTests\AutomationTests\Tests\Virtual Office\SharedCart_VO.cs:line 874]]></stack-trace>
              </failure>
            </test-case>
            <test-case id="0-1012" name="SharedCart_VO_Denmark" fullname="AutomationTests.rc.nsaonline.SharedCartVOTest.SharedCart_VO_Denmark" methodname="SharedCart_VO_Denmark" classname="AutomationTests.rc.nsaonline.SharedCartVOTest" runstate="Runnable" seed="627349804" result="Failed" label="Error" start-time="2020-09-30 21:47:54Z" end-time="2020-09-30 21:47:57Z" duration="2.709836" asserts="0">
              <properties>
                <property name="Description" value="Shared Cart Denmark" />
                <property name="Category" value="LegacyRegression" />
                <property name="Category" value="Virtual Office" />
                <property name="Category" value="Shared Cart" />
                <property name="Repeat" value="1" />
              </properties>
              <failure>
                <message><![CDATA[System.InvalidOperationException : session not created: This version of ChromeDriver only supports Chrome version 83 (SessionNotCreated)
TearDown : System.Collections.Generic.KeyNotFoundException : The given key was not present in the dictionary.]]></message>
                <stack-trace><![CDATA[   at OpenQA.Selenium.Remote.RemoteWebDriver.UnpackAndThrowOnError(Response errorResponse)
   at OpenQA.Selenium.Remote.RemoteWebDriver.Execute(String driverCommandToExecute, Dictionary`2 parameters)
   at OpenQA.Selenium.Remote.RemoteWebDriver.StartSession(ICapabilities desiredCapabilities)
   at OpenQA.Selenium.Remote.RemoteWebDriver..ctor(ICommandExecutor commandExecutor, ICapabilities desiredCapabilities)
   at OpenQA.Selenium.Chrome.ChromeDriver..ctor(ChromeDriverService service, ChromeOptions options, TimeSpan commandTimeout)
   at OpenQA.Selenium.Chrome.ChromeDriver..ctor(ChromeOptions options)
   at AutomationTests.ConfigElements.Driver..ctor(BrowserType browserType) in C:\Users\jcrocker\New folder (3)\JPAutomation\AutomationTests\AutomationTests\Config\Driver.cs:line 77
   at AutomationTests.rc.nsaonline.SharedCartVOTest.Setup() in C:\Users\jcrocker\New folder (3)\JPAutomation\AutomationTests\AutomationTests\Tests\Virtual Office\SharedCart_VO.cs:line 36
--TearDown
   at System.Collections.Concurrent.ConcurrentDictionary`2.get_Item(TKey key)
   at AutomationTests.rc.nsaonline.SharedCartVOTest.TearDown() in C:\Users\jcrocker\New folder (3)\JPAutomation\AutomationTests\AutomationTests\Tests\Virtual Office\SharedCart_VO.cs:line 874]]></stack-trace>
              </failure>
            </test-case>
            <test-case id="0-1009" name="SharedCart_VO_France" fullname="AutomationTests.rc.nsaonline.SharedCartVOTest.SharedCart_VO_France" methodname="SharedCart_VO_France" classname="AutomationTests.rc.nsaonline.SharedCartVOTest" runstate="Runnable" seed="177651498" result="Failed" label="Error" start-time="2020-09-30 21:47:54Z" end-time="2020-09-30 21:47:57Z" duration="2.777966" asserts="0">
              <properties>
                <property name="Description" value="Shared Cart France" />
                <property name="Category" value="LegacyRegression" />
                <property name="Category" value="Virtual Office" />
                <property name="Category" value="Shared Cart" />
                <property name="Repeat" value="1" />
              </properties>
              <failure>
                <message><![CDATA[System.InvalidOperationException : session not created: This version of ChromeDriver only supports Chrome version 83 (SessionNotCreated)
TearDown : System.Collections.Generic.KeyNotFoundException : The given key was not present in the dictionary.]]></message>
                <stack-trace><![CDATA[   at OpenQA.Selenium.Remote.RemoteWebDriver.UnpackAndThrowOnError(Response errorResponse)
   at OpenQA.Selenium.Remote.RemoteWebDriver.Execute(String driverCommandToExecute, Dictionary`2 parameters)
   at OpenQA.Selenium.Remote.RemoteWebDriver.StartSession(ICapabilities desiredCapabilities)
   at OpenQA.Selenium.Remote.RemoteWebDriver..ctor(ICommandExecutor commandExecutor, ICapabilities desiredCapabilities)
   at OpenQA.Selenium.Chrome.ChromeDriver..ctor(ChromeDriverService service, ChromeOptions options, TimeSpan commandTimeout)
   at OpenQA.Selenium.Chrome.ChromeDriver..ctor(ChromeOptions options)
   at AutomationTests.ConfigElements.Driver..ctor(BrowserType browserType) in C:\Users\jcrocker\New folder (3)\JPAutomation\AutomationTests\AutomationTests\Config\Driver.cs:line 77
   at AutomationTests.rc.nsaonline.SharedCartVOTest.Setup() in C:\Users\jcrocker\New folder (3)\JPAutomation\AutomationTests\AutomationTests\Tests\Virtual Office\SharedCart_VO.cs:line 36
--TearDown
   at System.Collections.Concurrent.ConcurrentDictionary`2.get_Item(TKey key)
   at AutomationTests.rc.nsaonline.SharedCartVOTest.TearDown() in C:\Users\jcrocker\New folder (3)\JPAutomation\AutomationTests\AutomationTests\Tests\Virtual Office\SharedCart_VO.cs:line 874]]></stack-trace>
              </failure>
            </test-case>
            <test-case id="0-1011" name="SharedCart_VO_Belgium" fullname="AutomationTests.rc.nsaonline.SharedCartVOTest.SharedCart_VO_Belgium" methodname="SharedCart_VO_Belgium" classname="AutomationTests.rc.nsaonline.SharedCartVOTest" runstate="Runnable" seed="1168001959" result="Failed" label="Error" start-time="2020-09-30 21:47:54Z" end-time="2020-09-30 21:47:57Z" duration="2.847322" asserts="0">
              <properties>
                <property name="Description" value="Shared Cart Belgium" />
                <property name="Category" value="LegacyRegression" />
                <property name="Category" value="Virtual Office" />
                <property name="Category" value="Shared Cart" />
                <property name="Repeat" value="1" />
              </properties>
              <failure>
                <message><![CDATA[System.InvalidOperationException : session not created: This version of ChromeDriver only supports Chrome version 83 (SessionNotCreated)
TearDown : System.Collections.Generic.KeyNotFoundException : The given key was not present in the dictionary.]]></message>
                <stack-trace><![CDATA[   at OpenQA.Selenium.Remote.RemoteWebDriver.UnpackAndThrowOnError(Response errorResponse)
   at OpenQA.Selenium.Remote.RemoteWebDriver.Execute(String driverCommandToExecute, Dictionary`2 parameters)
   at OpenQA.Selenium.Remote.RemoteWebDriver.StartSession(ICapabilities desiredCapabilities)
   at OpenQA.Selenium.Remote.RemoteWebDriver..ctor(ICommandExecutor commandExecutor, ICapabilities desiredCapabilities)
   at OpenQA.Selenium.Chrome.ChromeDriver..ctor(ChromeDriverService service, ChromeOptions options, TimeSpan commandTimeout)
   at OpenQA.Selenium.Chrome.ChromeDriver..ctor(ChromeOptions options)
   at AutomationTests.ConfigElements.Driver..ctor(BrowserType browserType) in C:\Users\jcrocker\New folder (3)\JPAutomation\AutomationTests\AutomationTests\Config\Driver.cs:line 77
   at AutomationTests.rc.nsaonline.SharedCartVOTest.Setup() in C:\Users\jcrocker\New folder (3)\JPAutomation\AutomationTests\AutomationTests\Tests\Virtual Office\SharedCart_VO.cs:line 36
--TearDown
   at System.Collections.Concurrent.ConcurrentDictionary`2.get_Item(TKey key)
   at AutomationTests.rc.nsaonline.SharedCartVOTest.TearDown() in C:\Users\jcrocker\New folder (3)\JPAutomation\AutomationTests\AutomationTests\Tests\Virtual Office\SharedCart_VO.cs:line 874]]></stack-trace>
              </failure>
            </test-case>
            <test-case id="0-1014" name="SharedCart_VO_Germany" fullname="AutomationTests.rc.nsaonline.SharedCartVOTest.SharedCart_VO_Germany" methodname="SharedCart_VO_Germany" classname="AutomationTests.rc.nsaonline.SharedCartVOTest" runstate="Runnable" seed="130613936" result="Failed" label="Error" start-time="2020-09-30 21:47:54Z" end-time="2020-09-30 21:47:57Z" duration="2.867675" asserts="0">
              <properties>
                <property name="Description" value="Shared Cart Germany" />
                <property name="Category" value="LegacyRegression" />
                <property name="Category" value="Virtual Office" />
                <property name="Category" value="Shared Cart" />
                <property name="Repeat" value="1" />
              </properties>
              <failure>
                <message><![CDATA[System.InvalidOperationException : session not created: This version of ChromeDriver only supports Chrome version 83 (SessionNotCreated)
TearDown : System.Collections.Generic.KeyNotFoundException : The given key was not present in the dictionary.]]></message>
                <stack-trace><![CDATA[   at OpenQA.Selenium.Remote.RemoteWebDriver.UnpackAndThrowOnError(Response errorResponse)
   at OpenQA.Selenium.Remote.RemoteWebDriver.Execute(String driverCommandToExecute, Dictionary`2 parameters)
   at OpenQA.Selenium.Remote.RemoteWebDriver.StartSession(ICapabilities desiredCapabilities)
   at OpenQA.Selenium.Remote.RemoteWebDriver..ctor(ICommandExecutor commandExecutor, ICapabilities desiredCapabilities)
   at OpenQA.Selenium.Chrome.ChromeDriver..ctor(ChromeDriverService service, ChromeOptions options, TimeSpan commandTimeout)
   at OpenQA.Selenium.Chrome.ChromeDriver..ctor(ChromeOptions options)
   at AutomationTests.ConfigElements.Driver..ctor(BrowserType browserType) in C:\Users\jcrocker\New folder (3)\JPAutomation\AutomationTests\AutomationTests\Config\Driver.cs:line 77
   at AutomationTests.rc.nsaonline.SharedCartVOTest.Setup() in C:\Users\jcrocker\New folder (3)\JPAutomation\AutomationTests\AutomationTests\Tests\Virtual Office\SharedCart_VO.cs:line 36
--TearDown
   at System.Collections.Concurrent.ConcurrentDictionary`2.get_Item(TKey key)
   at AutomationTests.rc.nsaonline.SharedCartVOTest.TearDown() in C:\Users\jcrocker\New folder (3)\JPAutomation\AutomationTests\AutomationTests\Tests\Virtual Office\SharedCart_VO.cs:line 874]]></stack-trace>
              </failure>
            </test-case>
            <test-case id="0-1017" name="SharedCart_VO_Luxembourg" fullname="AutomationTests.rc.nsaonline.SharedCartVOTest.SharedCart_VO_Luxembourg" methodname="SharedCart_VO_Luxembourg" classname="AutomationTests.rc.nsaonline.SharedCartVOTest" runstate="Runnable" seed="717154714" result="Failed" label="Error" start-time="2020-09-30 21:47:57Z" end-time="2020-09-30 21:47:58Z" duration="1.783753" asserts="0">
              <properties>
                <property name="Description" value="Shared Cart Luxembourg" />
                <property name="Category" value="LegacyRegression" />
                <property name="Category" value="Virtual Office" />
                <property name="Category" value="Shared Cart" />
                <property name="Repeat" value="1" />
              </properties>
              <failure>
                <message><![CDATA[System.InvalidOperationException : session not created: This version of ChromeDriver only supports Chrome version 83 (SessionNotCreated)
TearDown : System.Collections.Generic.KeyNotFoundException : The given key was not present in the dictionary.]]></message>
                <stack-trace><![CDATA[   at OpenQA.Selenium.Remote.RemoteWebDriver.UnpackAndThrowOnError(Response errorResponse)
   at OpenQA.Selenium.Remote.RemoteWebDriver.Execute(String driverCommandToExecute, Dictionary`2 parameters)
   at OpenQA.Selenium.Remote.RemoteWebDriver.StartSession(ICapabilities desiredCapabilities)
   at OpenQA.Selenium.Remote.RemoteWebDriver..ctor(ICommandExecutor commandExecutor, ICapabilities desiredCapabilities)
   at OpenQA.Selenium.Chrome.ChromeDriver..ctor(ChromeDriverService service, ChromeOptions options, TimeSpan commandTimeout)
   at OpenQA.Selenium.Chrome.ChromeDriver..ctor(ChromeOptions options)
   at AutomationTests.ConfigElements.Driver..ctor(BrowserType browserType) in C:\Users\jcrocker\New folder (3)\JPAutomation\AutomationTests\AutomationTests\Config\Driver.cs:line 77
   at AutomationTests.rc.nsaonline.SharedCartVOTest.Setup() in C:\Users\jcrocker\New folder (3)\JPAutomation\AutomationTests\AutomationTests\Tests\Virtual Office\SharedCart_VO.cs:line 36
--TearDown
   at System.Collections.Concurrent.ConcurrentDictionary`2.get_Item(TKey key)
   at AutomationTests.rc.nsaonline.SharedCartVOTest.TearDown() in C:\Users\jcrocker\New folder (3)\JPAutomation\AutomationTests\AutomationTests\Tests\Virtual Office\SharedCart_VO.cs:line 874]]></stack-trace>
              </failure>
            </test-case>
            <test-case id="0-1018" name="SharedCart_VO_Netherlands" fullname="AutomationTests.rc.nsaonline.SharedCartVOTest.SharedCart_VO_Netherlands" methodname="SharedCart_VO_Netherlands" classname="AutomationTests.rc.nsaonline.SharedCartVOTest" runstate="Runnable" seed="1797562329" result="Failed" label="Error" start-time="2020-09-30 21:47:57Z" end-time="2020-09-30 21:47:59Z" duration="2.428528" asserts="0">
              <properties>
                <property name="Description" value="Shared Cart Netherlands" />
                <property name="Category" value="LegacyRegression" />
                <property name="Category" value="Virtual Office" />
                <property name="Category" value="Shared Cart" />
                <property name="Repeat" value="1" />
              </properties>
              <failure>
                <message><![CDATA[System.InvalidOperationException : session not created: This version of ChromeDriver only supports Chrome version 83 (SessionNotCreated)
TearDown : System.Collections.Generic.KeyNotFoundException : The given key was not present in the dictionary.]]></message>
                <stack-trace><![CDATA[   at OpenQA.Selenium.Remote.RemoteWebDriver.UnpackAndThrowOnError(Response errorResponse)
   at OpenQA.Selenium.Remote.RemoteWebDriver.Execute(String driverCommandToExecute, Dictionary`2 parameters)
   at OpenQA.Selenium.Remote.RemoteWebDriver.StartSession(ICapabilities desiredCapabilities)
   at OpenQA.Selenium.Remote.RemoteWebDriver..ctor(ICommandExecutor commandExecutor, ICapabilities desiredCapabilities)
   at OpenQA.Selenium.Chrome.ChromeDriver..ctor(ChromeDriverService service, ChromeOptions options, TimeSpan commandTimeout)
   at OpenQA.Selenium.Chrome.ChromeDriver..ctor(ChromeOptions options)
   at AutomationTests.ConfigElements.Driver..ctor(BrowserType browserType) in C:\Users\jcrocker\New folder (3)\JPAutomation\AutomationTests\AutomationTests\Config\Driver.cs:line 77
   at AutomationTests.rc.nsaonline.SharedCartVOTest.Setup() in C:\Users\jcrocker\New folder (3)\JPAutomation\AutomationTests\AutomationTests\Tests\Virtual Office\SharedCart_VO.cs:line 36
--TearDown
   at System.Collections.Concurrent.ConcurrentDictionary`2.get_Item(TKey key)
   at AutomationTests.rc.nsaonline.SharedCartVOTest.TearDown() in C:\Users\jcrocker\New folder (3)\JPAutomation\AutomationTests\AutomationTests\Tests\Virtual Office\SharedCart_VO.cs:line 874]]></stack-trace>
              </failure>
            </test-case>
            <test-case id="0-1019" name="SharedCart_VO_Norway" fullname="AutomationTests.rc.nsaonline.SharedCartVOTest.SharedCart_VO_Norway" methodname="SharedCart_VO_Norway" classname="AutomationTests.rc.nsaonline.SharedCartVOTest" runstate="Runnable" seed="704239409" result="Failed" label="Error" start-time="2020-09-30 21:47:57Z" end-time="2020-09-30 21:48:00Z" duration="2.748800" asserts="0">
              <properties>
                <property name="Description" value="Shared Cart Norway" />
                <property name="Category" value="LegacyRegression" />
                <property name="Category" value="Virtual Office" />
                <property name="Category" value="Shared Cart" />
                <property name="Repeat" value="1" />
              </properties>
              <failure>
                <message><![CDATA[System.InvalidOperationException : session not created: This version of ChromeDriver only supports Chrome version 83 (SessionNotCreated)
TearDown : System.Collections.Generic.KeyNotFoundException : The given key was not present in the dictionary.]]></message>
                <stack-trace><![CDATA[   at OpenQA.Selenium.Remote.RemoteWebDriver.UnpackAndThrowOnError(Response errorResponse)
   at OpenQA.Selenium.Remote.RemoteWebDriver.Execute(String driverCommandToExecute, Dictionary`2 parameters)
   at OpenQA.Selenium.Remote.RemoteWebDriver.StartSession(ICapabilities desiredCapabilities)
   at OpenQA.Selenium.Remote.RemoteWebDriver..ctor(ICommandExecutor commandExecutor, ICapabilities desiredCapabilities)
   at OpenQA.Selenium.Chrome.ChromeDriver..ctor(ChromeDriverService service, ChromeOptions options, TimeSpan commandTimeout)
   at OpenQA.Selenium.Chrome.ChromeDriver..ctor(ChromeOptions options)
   at AutomationTests.ConfigElements.Driver..ctor(BrowserType browserType) in C:\Users\jcrocker\New folder (3)\JPAutomation\AutomationTests\AutomationTests\Config\Driver.cs:line 77
   at AutomationTests.rc.nsaonline.SharedCartVOTest.Setup() in C:\Users\jcrocker\New folder (3)\JPAutomation\AutomationTests\AutomationTests\Tests\Virtual Office\SharedCart_VO.cs:line 36
--TearDown
   at System.Collections.Concurrent.ConcurrentDictionary`2.get_Item(TKey key)
   at AutomationTests.rc.nsaonline.SharedCartVOTest.TearDown() in C:\Users\jcrocker\New folder (3)\JPAutomation\AutomationTests\AutomationTests\Tests\Virtual Office\SharedCart_VO.cs:line 874]]></stack-trace>
              </failure>
            </test-case>
            <test-case id="0-1020" name="SharedCart_VO_Poland" fullname="AutomationTests.rc.nsaonline.SharedCartVOTest.SharedCart_VO_Poland" methodname="SharedCart_VO_Poland" classname="AutomationTests.rc.nsaonline.SharedCartVOTest" runstate="Runnable" seed="926780147" result="Failed" label="Error" start-time="2020-09-30 21:47:57Z" end-time="2020-09-30 21:48:00Z" duration="3.204229" asserts="0">
              <properties>
                <property name="Description" value="Shared Cart Poland" />
                <property name="Category" value="LegacyRegression" />
                <property name="Category" value="Virtual Office" />
                <property name="Category" value="Shared Cart" />
                <property name="Repeat" value="1" />
              </properties>
              <failure>
                <message><![CDATA[System.InvalidOperationException : session not created: This version of ChromeDriver only supports Chrome version 83 (SessionNotCreated)
TearDown : System.Collections.Generic.KeyNotFoundException : The given key was not present in the dictionary.]]></message>
                <stack-trace><![CDATA[   at OpenQA.Selenium.Remote.RemoteWebDriver.UnpackAndThrowOnError(Response errorResponse)
   at OpenQA.Selenium.Remote.RemoteWebDriver.Execute(String driverCommandToExecute, Dictionary`2 parameters)
   at OpenQA.Selenium.Remote.RemoteWebDriver.StartSession(ICapabilities desiredCapabilities)
   at OpenQA.Selenium.Remote.RemoteWebDriver..ctor(ICommandExecutor commandExecutor, ICapabilities desiredCapabilities)
   at OpenQA.Selenium.Chrome.ChromeDriver..ctor(ChromeDriverService service, ChromeOptions options, TimeSpan commandTimeout)
   at OpenQA.Selenium.Chrome.ChromeDriver..ctor(ChromeOptions options)
   at AutomationTests.ConfigElements.Driver..ctor(BrowserType browserType) in C:\Users\jcrocker\New folder (3)\JPAutomation\AutomationTests\AutomationTests\Config\Driver.cs:line 77
   at AutomationTests.rc.nsaonline.SharedCartVOTest.Setup() in C:\Users\jcrocker\New folder (3)\JPAutomation\AutomationTests\AutomationTests\Tests\Virtual Office\SharedCart_VO.cs:line 36
--TearDown
   at System.Collections.Concurrent.ConcurrentDictionary`2.get_Item(TKey key)
   at AutomationTests.rc.nsaonline.SharedCartVOTest.TearDown() in C:\Users\jcrocker\New folder (3)\JPAutomation\AutomationTests\AutomationTests\Tests\Virtual Office\SharedCart_VO.cs:line 874]]></stack-trace>
              </failure>
            </test-case>
            <test-case id="0-1021" name="SharedCart_VO_Romania" fullname="AutomationTests.rc.nsaonline.SharedCartVOTest.SharedCart_VO_Romania" methodname="SharedCart_VO_Romania" classname="AutomationTests.rc.nsaonline.SharedCartVOTest" runstate="Runnable" seed="615235795" result="Failed" label="Error" start-time="2020-09-30 21:47:57Z" end-time="2020-09-30 21:48:00Z" duration="3.580093" asserts="0">
              <properties>
                <property name="Description" value="Shared Cart Romania" />
                <property name="Category" value="LegacyRegression" />
                <property name="Category" value="Virtual Office" />
                <property name="Category" value="Shared Cart" />
                <property name="Repeat" value="1" />
              </properties>
              <failure>
                <message><![CDATA[System.InvalidOperationException : session not created: This version of ChromeDriver only supports Chrome version 83 (SessionNotCreated)
TearDown : System.Collections.Generic.KeyNotFoundException : The given key was not present in the dictionary.]]></message>
                <stack-trace><![CDATA[   at OpenQA.Selenium.Remote.RemoteWebDriver.UnpackAndThrowOnError(Response errorResponse)
   at OpenQA.Selenium.Remote.RemoteWebDriver.Execute(String driverCommandToExecute, Dictionary`2 parameters)
   at OpenQA.Selenium.Remote.RemoteWebDriver.StartSession(ICapabilities desiredCapabilities)
   at OpenQA.Selenium.Remote.RemoteWebDriver..ctor(ICommandExecutor commandExecutor, ICapabilities desiredCapabilities)
   at OpenQA.Selenium.Chrome.ChromeDriver..ctor(ChromeDriverService service, ChromeOptions options, TimeSpan commandTimeout)
   at OpenQA.Selenium.Chrome.ChromeDriver..ctor(ChromeOptions options)
   at AutomationTests.ConfigElements.Driver..ctor(BrowserType browserType) in C:\Users\jcrocker\New folder (3)\JPAutomation\AutomationTests\AutomationTests\Config\Driver.cs:line 77
   at AutomationTests.rc.nsaonline.SharedCartVOTest.Setup() in C:\Users\jcrocker\New folder (3)\JPAutomation\AutomationTests\AutomationTests\Tests\Virtual Office\SharedCart_VO.cs:line 36
--TearDown
   at System.Collections.Concurrent.ConcurrentDictionary`2.get_Item(TKey key)
   at AutomationTests.rc.nsaonline.SharedCartVOTest.TearDown() in C:\Users\jcrocker\New folder (3)\JPAutomation\AutomationTests\AutomationTests\Tests\Virtual Office\SharedCart_VO.cs:line 874]]></stack-trace>
              </failure>
            </test-case>
            <test-case id="0-1022" name="SharedCart_VO_Spain" fullname="AutomationTests.rc.nsaonline.SharedCartVOTest.SharedCart_VO_Spain" methodname="SharedCart_VO_Spain" classname="AutomationTests.rc.nsaonline.SharedCartVOTest" runstate="Runnable" seed="1742066946" result="Failed" label="Error" start-time="2020-09-30 21:47:57Z" end-time="2020-09-30 21:48:01Z" duration="3.631235" asserts="0">
              <properties>
                <property name="Description" value="Shared Cart Spain" />
                <property name="Category" value="LegacyRegression" />
                <property name="Category" value="Virtual Office" />
                <property name="Category" value="Shared Cart" />
                <property name="Repeat" value="1" />
              </properties>
              <failure>
                <message><![CDATA[System.InvalidOperationException : session not created: This version of ChromeDriver only supports Chrome version 83 (SessionNotCreated)
TearDown : System.Collections.Generic.KeyNotFoundException : The given key was not present in the dictionary.]]></message>
                <stack-trace><![CDATA[   at OpenQA.Selenium.Remote.RemoteWebDriver.UnpackAndThrowOnError(Response errorResponse)
   at OpenQA.Selenium.Remote.RemoteWebDriver.Execute(String driverCommandToExecute, Dictionary`2 parameters)
   at OpenQA.Selenium.Remote.RemoteWebDriver.StartSession(ICapabilities desiredCapabilities)
   at OpenQA.Selenium.Remote.RemoteWebDriver..ctor(ICommandExecutor commandExecutor, ICapabilities desiredCapabilities)
   at OpenQA.Selenium.Chrome.ChromeDriver..ctor(ChromeDriverService service, ChromeOptions options, TimeSpan commandTimeout)
   at OpenQA.Selenium.Chrome.ChromeDriver..ctor(ChromeOptions options)
   at AutomationTests.ConfigElements.Driver..ctor(BrowserType browserType) in C:\Users\jcrocker\New folder (3)\JPAutomation\AutomationTests\AutomationTests\Config\Driver.cs:line 77
   at AutomationTests.rc.nsaonline.SharedCartVOTest.Setup() in C:\Users\jcrocker\New folder (3)\JPAutomation\AutomationTests\AutomationTests\Tests\Virtual Office\SharedCart_VO.cs:line 36
--TearDown
   at System.Collections.Concurrent.ConcurrentDictionary`2.get_Item(TKey key)
   at AutomationTests.rc.nsaonline.SharedCartVOTest.TearDown() in C:\Users\jcrocker\New folder (3)\JPAutomation\AutomationTests\AutomationTests\Tests\Virtual Office\SharedCart_VO.cs:line 874]]></stack-trace>
              </failure>
            </test-case>
            <test-case id="0-1007" name="SharedCart_VO_UnitedStates" fullname="AutomationTests.rc.nsaonline.SharedCartVOTest.SharedCart_VO_UnitedStates" methodname="SharedCart_VO_UnitedStates" classname="AutomationTests.rc.nsaonline.SharedCartVOTest" runstate="Runnable" seed="1235109690" result="Failed" label="Error" start-time="2020-09-30 21:47:57Z" end-time="2020-09-30 21:48:01Z" duration="3.561272" asserts="0">
              <properties>
                <property name="Description" value="Shared Cart United States" />
                <property name="Category" value="LegacyRegression" />
                <property name="Category" value="Virtual Office" />
                <property name="Category" value="Shared Cart" />
                <property name="Repeat" value="1" />
              </properties>
              <failure>
                <message><![CDATA[System.InvalidOperationException : session not created: This version of ChromeDriver only supports Chrome version 83 (SessionNotCreated)
TearDown : System.Collections.Generic.KeyNotFoundException : The given key was not present in the dictionary.]]></message>
                <stack-trace><![CDATA[   at OpenQA.Selenium.Remote.RemoteWebDriver.UnpackAndThrowOnError(Response errorResponse)
   at OpenQA.Selenium.Remote.RemoteWebDriver.Execute(String driverCommandToExecute, Dictionary`2 parameters)
   at OpenQA.Selenium.Remote.RemoteWebDriver.StartSession(ICapabilities desiredCapabilities)
   at OpenQA.Selenium.Remote.RemoteWebDriver..ctor(ICommandExecutor commandExecutor, ICapabilities desiredCapabilities)
   at OpenQA.Selenium.Chrome.ChromeDriver..ctor(ChromeDriverService service, ChromeOptions options, TimeSpan commandTimeout)
   at OpenQA.Selenium.Chrome.ChromeDriver..ctor(ChromeOptions options)
   at AutomationTests.ConfigElements.Driver..ctor(BrowserType browserType) in C:\Users\jcrocker\New folder (3)\JPAutomation\AutomationTests\AutomationTests\Config\Driver.cs:line 77
   at AutomationTests.rc.nsaonline.SharedCartVOTest.Setup() in C:\Users\jcrocker\New folder (3)\JPAutomation\AutomationTests\AutomationTests\Tests\Virtual Office\SharedCart_VO.cs:line 36
--TearDown
   at System.Collections.Concurrent.ConcurrentDictionary`2.get_Item(TKey key)
   at AutomationTests.rc.nsaonline.SharedCartVOTest.TearDown() in C:\Users\jcrocker\New folder (3)\JPAutomation\AutomationTests\AutomationTests\Tests\Virtual Office\SharedCart_VO.cs:line 874]]></stack-trace>
              </failure>
            </test-case>
            <test-case id="0-1016" name="SharedCart_VO_Italy" fullname="AutomationTests.rc.nsaonline.SharedCartVOTest.SharedCart_VO_Italy" methodname="SharedCart_VO_Italy" classname="AutomationTests.rc.nsaonline.SharedCartVOTest" runstate="Runnable" seed="165470476" result="Failed" label="Error" start-time="2020-09-30 21:47:57Z" end-time="2020-09-30 21:48:01Z" duration="4.093881" asserts="0">
              <properties>
                <property name="Description" value="Shared Cart Italy" />
                <property name="Category" value="LegacyRegression" />
                <property name="Category" value="Virtual Office" />
                <property name="Category" value="Shared Cart" />
                <property name="Repeat" value="1" />
              </properties>
              <failure>
                <message><![CDATA[System.InvalidOperationException : session not created: This version of ChromeDriver only supports Chrome version 83 (SessionNotCreated)
TearDown : System.Collections.Generic.KeyNotFoundException : The given key was not present in the dictionary.]]></message>
                <stack-trace><![CDATA[   at OpenQA.Selenium.Remote.RemoteWebDriver.UnpackAndThrowOnError(Response errorResponse)
   at OpenQA.Selenium.Remote.RemoteWebDriver.Execute(String driverCommandToExecute, Dictionary`2 parameters)
   at OpenQA.Selenium.Remote.RemoteWebDriver.StartSession(ICapabilities desiredCapabilities)
   at OpenQA.Selenium.Remote.RemoteWebDriver..ctor(ICommandExecutor commandExecutor, ICapabilities desiredCapabilities)
   at OpenQA.Selenium.Chrome.ChromeDriver..ctor(ChromeDriverService service, ChromeOptions options, TimeSpan commandTimeout)
   at OpenQA.Selenium.Chrome.ChromeDriver..ctor(ChromeOptions options)
   at AutomationTests.ConfigElements.Driver..ctor(BrowserType browserType) in C:\Users\jcrocker\New folder (3)\JPAutomation\AutomationTests\AutomationTests\Config\Driver.cs:line 77
   at AutomationTests.rc.nsaonline.SharedCartVOTest.Setup() in C:\Users\jcrocker\New folder (3)\JPAutomation\AutomationTests\AutomationTests\Tests\Virtual Office\SharedCart_VO.cs:line 36
--TearDown
   at System.Collections.Concurrent.ConcurrentDictionary`2.get_Item(TKey key)
   at AutomationTests.rc.nsaonline.SharedCartVOTest.TearDown() in C:\Users\jcrocker\New folder (3)\JPAutomation\AutomationTests\AutomationTests\Tests\Virtual Office\SharedCart_VO.cs:line 874]]></stack-trace>
              </failure>
            </test-case>
            <test-case id="0-1008" name="SharedCart_VO_UnitedKingdom" fullname="AutomationTests.rc.nsaonline.SharedCartVOTest.SharedCart_VO_UnitedKingdom" methodname="SharedCart_VO_UnitedKingdom" classname="AutomationTests.rc.nsaonline.SharedCartVOTest" runstate="Runnable" seed="1564796716" result="Failed" label="Error" start-time="2020-09-30 21:47:57Z" end-time="2020-09-30 21:48:02Z" duration="4.844270" asserts="0">
              <properties>
                <property name="Description" value="Shared Cart United Kingdom" />
                <property name="Category" value="LegacyRegression" />
                <property name="Category" value="Virtual Office" />
                <property name="Category" value="Shared Cart" />
                <property name="Repeat" value="1" />
              </properties>
              <failure>
                <message><![CDATA[System.InvalidOperationException : session not created: This version of ChromeDriver only supports Chrome version 83 (SessionNotCreated)
TearDown : System.Collections.Generic.KeyNotFoundException : The given key was not present in the dictionary.]]></message>
                <stack-trace><![CDATA[   at OpenQA.Selenium.Remote.RemoteWebDriver.UnpackAndThrowOnError(Response errorResponse)
   at OpenQA.Selenium.Remote.RemoteWebDriver.Execute(String driverCommandToExecute, Dictionary`2 parameters)
   at OpenQA.Selenium.Remote.RemoteWebDriver.StartSession(ICapabilities desiredCapabilities)
   at OpenQA.Selenium.Remote.RemoteWebDriver..ctor(ICommandExecutor commandExecutor, ICapabilities desiredCapabilities)
   at OpenQA.Selenium.Chrome.ChromeDriver..ctor(ChromeDriverService service, ChromeOptions options, TimeSpan commandTimeout)
   at OpenQA.Selenium.Chrome.ChromeDriver..ctor(ChromeOptions options)
   at AutomationTests.ConfigElements.Driver..ctor(BrowserType browserType) in C:\Users\jcrocker\New folder (3)\JPAutomation\AutomationTests\AutomationTests\Config\Driver.cs:line 77
   at AutomationTests.rc.nsaonline.SharedCartVOTest.Setup() in C:\Users\jcrocker\New folder (3)\JPAutomation\AutomationTests\AutomationTests\Tests\Virtual Office\SharedCart_VO.cs:line 36
--TearDown
   at System.Collections.Concurrent.ConcurrentDictionary`2.get_Item(TKey key)
   at AutomationTests.rc.nsaonline.SharedCartVOTest.TearDown() in C:\Users\jcrocker\New folder (3)\JPAutomation\AutomationTests\AutomationTests\Tests\Virtual Office\SharedCart_VO.cs:line 874]]></stack-trace>
              </failure>
            </test-case>
            <test-case id="0-1023" name="SharedCart_VO_Sweden" fullname="AutomationTests.rc.nsaonline.SharedCartVOTest.SharedCart_VO_Sweden" methodname="SharedCart_VO_Sweden" classname="AutomationTests.rc.nsaonline.SharedCartVOTest" runstate="Runnable" seed="1027564346" result="Failed" label="Error" start-time="2020-09-30 21:47:57Z" end-time="2020-09-30 21:48:02Z" duration="4.928169" asserts="0">
              <properties>
                <property name="Description" value="Shared Cart Sweden" />
                <property name="Category" value="LegacyRegression" />
                <property name="Category" value="Virtual Office" />
                <property name="Category" value="Shared Cart" />
                <property name="Repeat" value="1" />
              </properties>
              <failure>
                <message><![CDATA[System.InvalidOperationException : session not created: This version of ChromeDriver only supports Chrome version 83 (SessionNotCreated)
TearDown : System.Collections.Generic.KeyNotFoundException : The given key was not present in the dictionary.]]></message>
                <stack-trace><![CDATA[   at OpenQA.Selenium.Remote.RemoteWebDriver.UnpackAndThrowOnError(Response errorResponse)
   at OpenQA.Selenium.Remote.RemoteWebDriver.Execute(String driverCommandToExecute, Dictionary`2 parameters)
   at OpenQA.Selenium.Remote.RemoteWebDriver.StartSession(ICapabilities desiredCapabilities)
   at OpenQA.Selenium.Remote.RemoteWebDriver..ctor(ICommandExecutor commandExecutor, ICapabilities desiredCapabilities)
   at OpenQA.Selenium.Chrome.ChromeDriver..ctor(ChromeDriverService service, ChromeOptions options, TimeSpan commandTimeout)
   at OpenQA.Selenium.Chrome.ChromeDriver..ctor(ChromeOptions options)
   at AutomationTests.ConfigElements.Driver..ctor(BrowserType browserType) in C:\Users\jcrocker\New folder (3)\JPAutomation\AutomationTests\AutomationTests\Config\Driver.cs:line 77
   at AutomationTests.rc.nsaonline.SharedCartVOTest.Setup() in C:\Users\jcrocker\New folder (3)\JPAutomation\AutomationTests\AutomationTests\Tests\Virtual Office\SharedCart_VO.cs:line 36
--TearDown
   at System.Collections.Concurrent.ConcurrentDictionary`2.get_Item(TKey key)
   at AutomationTests.rc.nsaonline.SharedCartVOTest.TearDown() in C:\Users\jcrocker\New folder (3)\JPAutomation\AutomationTests\AutomationTests\Tests\Virtual Office\SharedCart_VO.cs:line 874]]></stack-trace>
              </failure>
            </test-case>
          </test-suite>
          <test-suite type="TestFixture" id="0-1002" name="AROEntryVOTest" fullname="AutomationTests.rc.nsaonline.AROEntryVOTest" classname="AutomationTests.rc.nsaonline.AROEntryVOTest" runstate="Runnable" testcasecount="3" result="Failed" site="Child" start-time="2020-09-30 21:48:17Z" end-time="2020-09-30 21:48:20Z" duration="3.197821" total="3" passed="0" failed="3" warnings="0" inconclusive="0" skipped="0" asserts="0">
            <failure>
              <message><![CDATA[One or more child tests had errors]]></message>
            </failure>
            <test-case id="0-1005" name="AROEntry_VO_AU" fullname="AutomationTests.rc.nsaonline.AROEntryVOTest.AROEntry_VO_AU" methodname="AROEntry_VO_AU" classname="AutomationTests.rc.nsaonline.AROEntryVOTest" runstate="Runnable" seed="203896912" result="Failed" label="Error" start-time="2020-09-30 21:48:17Z" end-time="2020-09-30 21:48:18Z" duration="1.061570" asserts="0">
              <properties>
                <property name="Description" value="Create AU ARO on VO." />
                <property name="Category" value="LegacyRegression" />
                <property name="Category" value="Virtual Office" />
                <property name="Repeat" value="1" />
              </properties>
              <failure>
                <message><![CDATA[System.InvalidOperationException : session not created: This version of ChromeDriver only supports Chrome version 83 (SessionNotCreated)
TearDown : System.NullReferenceException : Object reference not set to an instance of an object.]]></message>
                <stack-trace><![CDATA[   at OpenQA.Selenium.Remote.RemoteWebDriver.UnpackAndThrowOnError(Response errorResponse)
   at OpenQA.Selenium.Remote.RemoteWebDriver.Execute(String driverCommandToExecute, Dictionary`2 parameters)
   at OpenQA.Selenium.Remote.RemoteWebDriver.StartSession(ICapabilities desiredCapabilities)
   at OpenQA.Selenium.Remote.RemoteWebDriver..ctor(ICommandExecutor commandExecutor, ICapabilities desiredCapabilities)
   at OpenQA.Selenium.Chrome.ChromeDriver..ctor(ChromeDriverService service, ChromeOptions options, TimeSpan commandTimeout)
   at OpenQA.Selenium.Chrome.ChromeDriver..ctor(ChromeOptions options)
   at AutomationTests.ConfigElements.Driver..ctor(BrowserType browserType) in C:\Users\jcrocker\New folder (3)\JPAutomation\AutomationTests\AutomationTests\Config\Driver.cs:line 77
   at AutomationTests.rc.nsaonline.AROEntryVOTest.Setup() in C:\Users\jcrocker\New folder (3)\JPAutomation\AutomationTests\AutomationTests\Tests\Virtual Office\AROEntry_VO.cs:line 42
--TearDown
   at AutomationTests.rc.nsaonline.AROEntryVOTest.TearDown() in C:\Users\jcrocker\New folder (3)\JPAutomation\AutomationTests\AutomationTests\Tests\Virtual Office\AROEntry_VO.cs:line 142]]></stack-trace>
              </failure>
            </test-case>
            <test-case id="0-1004" name="AROEntry_VO_CA" fullname="AutomationTests.rc.nsaonline.AROEntryVOTest.AROEntry_VO_CA" methodname="AROEntry_VO_CA" classname="AutomationTests.rc.nsaonline.AROEntryVOTest" runstate="Runnable" seed="1111574030" result="Failed" label="Error" start-time="2020-09-30 21:48:18Z" end-time="2020-09-30 21:48:19Z" duration="1.061215" asserts="0">
              <properties>
                <property name="Description" value="Create CA ARO on VO." />
                <property name="Category" value="LegacyRegression" />
                <property name="Category" value="Virtual Office" />
                <property name="Repeat" value="1" />
              </properties>
              <failure>
                <message><![CDATA[System.InvalidOperationException : session not created: This version of ChromeDriver only supports Chrome version 83 (SessionNotCreated)
TearDown : System.NullReferenceException : Object reference not set to an instance of an object.]]></message>
                <stack-trace><![CDATA[   at OpenQA.Selenium.Remote.RemoteWebDriver.UnpackAndThrowOnError(Response errorResponse)
   at OpenQA.Selenium.Remote.RemoteWebDriver.Execute(String driverCommandToExecute, Dictionary`2 parameters)
   at OpenQA.Selenium.Remote.RemoteWebDriver.StartSession(ICapabilities desiredCapabilities)
   at OpenQA.Selenium.Remote.RemoteWebDriver..ctor(ICommandExecutor commandExecutor, ICapabilities desiredCapabilities)
   at OpenQA.Selenium.Chrome.ChromeDriver..ctor(ChromeDriverService service, ChromeOptions options, TimeSpan commandTimeout)
   at OpenQA.Selenium.Chrome.ChromeDriver..ctor(ChromeOptions options)
   at AutomationTests.ConfigElements.Driver..ctor(BrowserType browserType) in C:\Users\jcrocker\New folder (3)\JPAutomation\AutomationTests\AutomationTests\Config\Driver.cs:line 77
   at AutomationTests.rc.nsaonline.AROEntryVOTest.Setup() in C:\Users\jcrocker\New folder (3)\JPAutomation\AutomationTests\AutomationTests\Tests\Virtual Office\AROEntry_VO.cs:line 42
--TearDown
   at AutomationTests.rc.nsaonline.AROEntryVOTest.TearDown() in C:\Users\jcrocker\New folder (3)\JPAutomation\AutomationTests\AutomationTests\Tests\Virtual Office\AROEntry_VO.cs:line 142]]></stack-trace>
              </failure>
            </test-case>
            <test-case id="0-1003" name="AROEntry_VO_US" fullname="AutomationTests.rc.nsaonline.AROEntryVOTest.AROEntry_VO_US" methodname="AROEntry_VO_US" classname="AutomationTests.rc.nsaonline.AROEntryVOTest" runstate="Runnable" seed="247536701" result="Failed" label="Error" start-time="2020-09-30 21:48:19Z" end-time="2020-09-30 21:48:20Z" duration="1.074887" asserts="0">
              <properties>
                <property name="Description" value="Create US ARO on VO." />
                <property name="Category" value="LegacyRegression" />
                <property name="Category" value="Virtual Office" />
                <property name="Repeat" value="1" />
              </properties>
              <failure>
                <message><![CDATA[System.InvalidOperationException : session not created: This version of ChromeDriver only supports Chrome version 83 (SessionNotCreated)
TearDown : System.NullReferenceException : Object reference not set to an instance of an object.]]></message>
                <stack-trace><![CDATA[   at OpenQA.Selenium.Remote.RemoteWebDriver.UnpackAndThrowOnError(Response errorResponse)
   at OpenQA.Selenium.Remote.RemoteWebDriver.Execute(String driverCommandToExecute, Dictionary`2 parameters)
   at OpenQA.Selenium.Remote.RemoteWebDriver.StartSession(ICapabilities desiredCapabilities)
   at OpenQA.Selenium.Remote.RemoteWebDriver..ctor(ICommandExecutor commandExecutor, ICapabilities desiredCapabilities)
   at OpenQA.Selenium.Chrome.ChromeDriver..ctor(ChromeDriverService service, ChromeOptions options, TimeSpan commandTimeout)
   at OpenQA.Selenium.Chrome.ChromeDriver..ctor(ChromeOptions options)
   at AutomationTests.ConfigElements.Driver..ctor(BrowserType browserType) in C:\Users\jcrocker\New folder (3)\JPAutomation\AutomationTests\AutomationTests\Config\Driver.cs:line 77
   at AutomationTests.rc.nsaonline.AROEntryVOTest.Setup() in C:\Users\jcrocker\New folder (3)\JPAutomation\AutomationTests\AutomationTests\Tests\Virtual Office\AROEntry_VO.cs:line 42
--TearDown
   at AutomationTests.rc.nsaonline.AROEntryVOTest.TearDown() in C:\Users\jcrocker\New folder (3)\JPAutomation\AutomationTests\AutomationTests\Tests\Virtual Office\AROEntry_VO.cs:line 142]]></stack-trace>
              </failure>
            </test-case>
          </test-suite>
          <test-suite type="TestFixture" id="0-1024" name="ViewPvcReportTest" fullname="AutomationTests.rc.nsaonline.ViewPvcReportTest" classname="AutomationTests.rc.nsaonline.ViewPvcReportTest" runstate="Runnable" testcasecount="1" result="Failed" site="Child" start-time="2020-09-30 21:48:20Z" end-time="2020-09-30 21:48:21Z" duration="1.054168" total="1" passed="0" failed="1" warnings="0" inconclusive="0" skipped="0" asserts="0">
            <failure>
              <message><![CDATA[One or more child tests had errors]]></message>
            </failure>
            <test-case id="0-1025" name="ViewPvcReport_VO_US" fullname="AutomationTests.rc.nsaonline.ViewPvcReportTest.ViewPvcReport_VO_US" methodname="ViewPvcReport_VO_US" classname="AutomationTests.rc.nsaonline.ViewPvcReportTest" runstate="Runnable" seed="251090341" result="Failed" label="Error" start-time="2020-09-30 21:48:20Z" end-time="2020-09-30 21:48:21Z" duration="1.054026" asserts="0">
              <properties>
                <property name="Category" value="LegacyRegression" />
                <property name="Category" value="Virtual Office" />
                <property name="Description" value="View Pvc Report in Virtual Office." />
                <property name="Repeat" value="1" />
              </properties>
              <failure>
                <message><![CDATA[System.InvalidOperationException : session not created: This version of ChromeDriver only supports Chrome version 83 (SessionNotCreated)
TearDown : System.NullReferenceException : Object reference not set to an instance of an object.]]></message>
                <stack-trace><![CDATA[   at OpenQA.Selenium.Remote.RemoteWebDriver.UnpackAndThrowOnError(Response errorResponse)
   at OpenQA.Selenium.Remote.RemoteWebDriver.Execute(String driverCommandToExecute, Dictionary`2 parameters)
   at OpenQA.Selenium.Remote.RemoteWebDriver.StartSession(ICapabilities desiredCapabilities)
   at OpenQA.Selenium.Remote.RemoteWebDriver..ctor(ICommandExecutor commandExecutor, ICapabilities desiredCapabilities)
   at OpenQA.Selenium.Chrome.ChromeDriver..ctor(ChromeDriverService service, ChromeOptions options, TimeSpan commandTimeout)
   at OpenQA.Selenium.Chrome.ChromeDriver..ctor(ChromeOptions options)
   at AutomationTests.ConfigElements.Driver..ctor(BrowserType browserType) in C:\Users\jcrocker\New folder (3)\JPAutomation\AutomationTests\AutomationTests\Config\Driver.cs:line 77
   at AutomationTests.rc.nsaonline.ViewPvcReportTest.Setup() in C:\Users\jcrocker\New folder (3)\JPAutomation\AutomationTests\AutomationTests\Tests\Virtual Office\ViewPvcReportTest.cs:line 40
--TearDown
   at AutomationTests.rc.nsaonline.ViewPvcReportTest.TearDown() in C:\Users\jcrocker\New folder (3)\JPAutomation\AutomationTests\AutomationTests\Tests\Virtual Office\ViewPvcReportTest.cs:line 68]]></stack-trace>
              </failure>
            </test-case>
          </test-suite>
        </test-suite>
      </test-suite>
      <test-suite type="TestSuite" id="0-1101" name="towergarden" fullname="AutomationTests.towergarden" runstate="Runnable" testcasecount="2" result="Failed" site="Child" start-time="2020-09-30 21:47:50Z" end-time="2020-09-30 21:48:23Z" duration="33.563193" total="2" passed="0" failed="2" warnings="0" inconclusive="0" skipped="0" asserts="0">
        <failure>
          <message><![CDATA[One or more child tests had errors]]></message>
        </failure>
        <test-suite type="TestSuite" id="0-1102" name="com" fullname="AutomationTests.towergarden.com" runstate="Runnable" testcasecount="2" result="Failed" site="Child" start-time="2020-09-30 21:47:50Z" end-time="2020-09-30 21:48:23Z" duration="33.563189" total="2" passed="0" failed="2" warnings="0" inconclusive="0" skipped="0" asserts="0">
          <failure>
            <message><![CDATA[One or more child tests had errors]]></message>
          </failure>
          <test-suite type="TestFixture" id="0-1033" name="CreateAROTest" fullname="AutomationTests.towergarden.com.CreateAROTest" classname="AutomationTests.towergarden.com.CreateAROTest" runstate="Runnable" testcasecount="2" result="Failed" site="Child" start-time="2020-09-30 21:48:21Z" end-time="2020-09-30 21:48:23Z" duration="2.140047" total="2" passed="0" failed="2" warnings="0" inconclusive="0" skipped="0" asserts="0">
            <failure>
              <message><![CDATA[One or more child tests had errors]]></message>
            </failure>
            <test-case id="0-1035" name="CreateARO_TG_CA" fullname="AutomationTests.towergarden.com.CreateAROTest.CreateARO_TG_CA" methodname="CreateARO_TG_CA" classname="AutomationTests.towergarden.com.CreateAROTest" runstate="Runnable" seed="1074973687" result="Failed" label="Error" start-time="2020-09-30 21:48:21Z" end-time="2020-09-30 21:48:22Z" duration="1.062001" asserts="0">
              <properties>
                <property name="Description" value="Create ARO on CA Tower Garden Store" />
                <property name="Category" value="LegacyRegression" />
              </properties>
              <failure>
                <message><![CDATA[System.InvalidOperationException : session not created: This version of ChromeDriver only supports Chrome version 83 (SessionNotCreated)
TearDown : System.NullReferenceException : Object reference not set to an instance of an object.]]></message>
                <stack-trace><![CDATA[   at OpenQA.Selenium.Remote.RemoteWebDriver.UnpackAndThrowOnError(Response errorResponse)
   at OpenQA.Selenium.Remote.RemoteWebDriver.Execute(String driverCommandToExecute, Dictionary`2 parameters)
   at OpenQA.Selenium.Remote.RemoteWebDriver.StartSession(ICapabilities desiredCapabilities)
   at OpenQA.Selenium.Remote.RemoteWebDriver..ctor(ICommandExecutor commandExecutor, ICapabilities desiredCapabilities)
   at OpenQA.Selenium.Chrome.ChromeDriver..ctor(ChromeDriverService service, ChromeOptions options, TimeSpan commandTimeout)
   at OpenQA.Selenium.Chrome.ChromeDriver..ctor(ChromeOptions options)
   at AutomationTests.ConfigElements.Driver..ctor(BrowserType browserType) in C:\Users\jcrocker\New folder (3)\JPAutomation\AutomationTests\AutomationTests\Config\Driver.cs:line 77
   at AutomationTests.towergarden.com.CreateAROTest.Setup() in C:\Users\jcrocker\New folder (3)\JPAutomation\AutomationTests\AutomationTests\Tests\Tower Garden Store\CreateARO.cs:line 36
--TearDown
   at AutomationTests.towergarden.com.CreateAROTest.TearDown() in C:\Users\jcrocker\New folder (3)\JPAutomation\AutomationTests\AutomationTests\Tests\Tower Garden Store\CreateARO.cs:line 91]]></stack-trace>
              </failure>
            </test-case>
            <test-case id="0-1034" name="CreateARO_TG_US" fullname="AutomationTests.towergarden.com.CreateAROTest.CreateARO_TG_US" methodname="CreateARO_TG_US" classname="AutomationTests.towergarden.com.CreateAROTest" runstate="Runnable" seed="395403686" result="Failed" label="Error" start-time="2020-09-30 21:48:22Z" end-time="2020-09-30 21:48:23Z" duration="1.077907" asserts="0">
              <properties>
                <property name="Description" value="Create ARO on US Tower Garden Store" />
                <property name="Category" value="LegacyRegression" />
                <property name="Repeat" value="1" />
              </properties>
              <failure>
                <message><![CDATA[System.InvalidOperationException : session not created: This version of ChromeDriver only supports Chrome version 83 (SessionNotCreated)
TearDown : System.NullReferenceException : Object reference not set to an instance of an object.]]></message>
                <stack-trace><![CDATA[   at OpenQA.Selenium.Remote.RemoteWebDriver.UnpackAndThrowOnError(Response errorResponse)
   at OpenQA.Selenium.Remote.RemoteWebDriver.Execute(String driverCommandToExecute, Dictionary`2 parameters)
   at OpenQA.Selenium.Remote.RemoteWebDriver.StartSession(ICapabilities desiredCapabilities)
   at OpenQA.Selenium.Remote.RemoteWebDriver..ctor(ICommandExecutor commandExecutor, ICapabilities desiredCapabilities)
   at OpenQA.Selenium.Chrome.ChromeDriver..ctor(ChromeDriverService service, ChromeOptions options, TimeSpan commandTimeout)
   at OpenQA.Selenium.Chrome.ChromeDriver..ctor(ChromeOptions options)
   at AutomationTests.ConfigElements.Driver..ctor(BrowserType browserType) in C:\Users\jcrocker\New folder (3)\JPAutomation\AutomationTests\AutomationTests\Config\Driver.cs:line 77
   at AutomationTests.towergarden.com.CreateAROTest.Setup() in C:\Users\jcrocker\New folder (3)\JPAutomation\AutomationTests\AutomationTests\Tests\Tower Garden Store\CreateARO.cs:line 36
--TearDown
   at AutomationTests.towergarden.com.CreateAROTest.TearDown() in C:\Users\jcrocker\New folder (3)\JPAutomation\AutomationTests\AutomationTests\Tests\Tower Garden Store\CreateARO.cs:line 91]]></stack-trace>
              </failure>
            </test-case>
          </test-suite>
        </test-suite>
      </test-suite>
    </test-suite>
  </test-suite>
</test-run>